<?xml version="1.0" encoding="UTF-8"?>
<coverage generated="1727369286544" clover="3.2.0">
  <project timestamp="1727369286544" name="All files">
    <metrics statements="486" coveredstatements="482" conditionals="187" coveredconditionals="185" methods="37" coveredmethods="37" elements="710" coveredelements="704" complexity="0" loc="486" ncloc="486" packages="1" files="23" classes="23"/>
    <file name="collectionInput.ts" path="/Users/mateus/Projetos/lucas/form/src/collectionInput.ts">
      <metrics statements="6" coveredstatements="6" conditionals="3" coveredconditionals="3" methods="1" coveredmethods="1"/>
      <line num="3" count="1" type="cond" truecount="1" falsecount="0"/>
      <line num="4" count="24" type="cond" truecount="1" falsecount="0"/>
      <line num="5" count="24" type="cond" truecount="1" falsecount="0"/>
      <line num="6" count="42" type="stmt"/>
      <line num="7" count="42" type="stmt"/>
      <line num="8" count="42" type="stmt"/>
    </file>
    <file name="createForm.ts" path="/Users/mateus/Projetos/lucas/form/src/createForm.ts">
      <metrics statements="162" coveredstatements="162" conditionals="55" coveredconditionals="55" methods="1" coveredmethods="1"/>
      <line num="1" count="1" type="stmt"/>
      <line num="2" count="1" type="stmt"/>
      <line num="3" count="1" type="stmt"/>
      <line num="4" count="1" type="stmt"/>
      <line num="5" count="1" type="stmt"/>
      <line num="6" count="1" type="stmt"/>
      <line num="8" count="1" type="stmt"/>
      <line num="9" count="1" type="stmt"/>
      <line num="10" count="1" type="stmt"/>
      <line num="11" count="1" type="stmt"/>
      <line num="12" count="1" type="stmt"/>
      <line num="13" count="1" type="stmt"/>
      <line num="14" count="1" type="stmt"/>
      <line num="15" count="1" type="stmt"/>
      <line num="16" count="1" type="stmt"/>
      <line num="18" count="1" type="cond" truecount="1" falsecount="0"/>
      <line num="19" count="27" type="stmt"/>
      <line num="21" count="27" type="cond" truecount="1" falsecount="0"/>
      <line num="22" count="1" type="stmt"/>
      <line num="23" count="1" type="stmt"/>
      <line num="24" count="1" type="cond" truecount="1" falsecount="0"/>
      <line num="25" count="26" type="cond" truecount="1" falsecount="0"/>
      <line num="26" count="26" type="stmt"/>
      <line num="29" count="26" type="cond" truecount="1" falsecount="0"/>
      <line num="30" count="26" type="cond" truecount="1" falsecount="0"/>
      <line num="31" count="26" type="cond" truecount="3" falsecount="0"/>
      <line num="33" count="26" type="cond" truecount="1" falsecount="0"/>
      <line num="34" count="1" type="stmt"/>
      <line num="35" count="1" type="stmt"/>
      <line num="36" count="1" type="cond" truecount="1" falsecount="0"/>
      <line num="38" count="26" type="cond" truecount="1" falsecount="0"/>
      <line num="39" count="1" type="stmt"/>
      <line num="40" count="1" type="stmt"/>
      <line num="41" count="1" type="cond" truecount="1" falsecount="0"/>
      <line num="43" count="24" type="stmt"/>
      <line num="45" count="24" type="stmt"/>
      <line num="46" count="24" type="stmt"/>
      <line num="47" count="24" type="stmt"/>
      <line num="54" count="24" type="cond" truecount="1" falsecount="0"/>
      <line num="55" count="114" type="stmt"/>
      <line num="56" count="24" type="stmt"/>
      <line num="58" count="24" type="stmt"/>
      <line num="59" count="24" type="stmt"/>
      <line num="60" count="26" type="stmt"/>
      <line num="61" count="26" type="stmt"/>
      <line num="63" count="26" type="cond" truecount="1" falsecount="0"/>
      <line num="64" count="26" type="cond" truecount="1" falsecount="0"/>
      <line num="65" count="26" type="cond" truecount="1" falsecount="0"/>
      <line num="66" count="26" type="cond" truecount="1" falsecount="0"/>
      <line num="67" count="26" type="cond" truecount="1" falsecount="0"/>
      <line num="68" count="26" type="cond" truecount="1" falsecount="0"/>
      <line num="69" count="26" type="cond" truecount="1" falsecount="0"/>
      <line num="70" count="26" type="cond" truecount="1" falsecount="0"/>
      <line num="71" count="26" type="cond" truecount="1" falsecount="0"/>
      <line num="73" count="26" type="cond" truecount="1" falsecount="0"/>
      <line num="74" count="26" type="cond" truecount="1" falsecount="0"/>
      <line num="75" count="26" type="cond" truecount="1" falsecount="0"/>
      <line num="76" count="26" type="cond" truecount="1" falsecount="0"/>
      <line num="78" count="26" type="cond" truecount="2" falsecount="0"/>
      <line num="79" count="26" type="cond" truecount="3" falsecount="0"/>
      <line num="80" count="26" type="cond" truecount="3" falsecount="0"/>
      <line num="81" count="26" type="cond" truecount="3" falsecount="0"/>
      <line num="82" count="26" type="cond" truecount="1" falsecount="0"/>
      <line num="84" count="26" type="cond" truecount="1" falsecount="0"/>
      <line num="86" count="26" type="cond" truecount="1" falsecount="0"/>
      <line num="88" count="26" type="cond" truecount="1" falsecount="0"/>
      <line num="89" count="26" type="cond" truecount="1" falsecount="0"/>
      <line num="90" count="26" type="cond" truecount="1" falsecount="0"/>
      <line num="92" count="26" type="cond" truecount="1" falsecount="0"/>
      <line num="94" count="23" type="stmt"/>
      <line num="97" count="23" type="stmt"/>
      <line num="98" count="23" type="stmt"/>
      <line num="100" count="23" type="stmt"/>
      <line num="104" count="23" type="stmt"/>
      <line num="105" count="26" type="cond" truecount="1" falsecount="0"/>
      <line num="107" count="26" type="cond" truecount="2" falsecount="0"/>
      <line num="111" count="1" type="stmt"/>
      <line num="113" count="26" type="stmt"/>
      <line num="115" count="26" type="stmt"/>
      <line num="116" count="26" type="stmt"/>
      <line num="117" count="26" type="stmt"/>
      <line num="118" count="26" type="stmt"/>
      <line num="119" count="26" type="stmt"/>
      <line num="120" count="26" type="stmt"/>
      <line num="121" count="26" type="stmt"/>
      <line num="122" count="26" type="cond" truecount="1" falsecount="0"/>
      <line num="123" count="20" type="stmt"/>
      <line num="124" count="20" type="stmt"/>
      <line num="125" count="20" type="stmt"/>
      <line num="126" count="20" type="stmt"/>
      <line num="127" count="20" type="stmt"/>
      <line num="128" count="20" type="stmt"/>
      <line num="129" count="26" type="cond" truecount="1" falsecount="0"/>
      <line num="130" count="26" type="stmt"/>
      <line num="131" count="26" type="stmt"/>
      <line num="132" count="26" type="stmt"/>
      <line num="133" count="26" type="stmt"/>
      <line num="134" count="26" type="stmt"/>
      <line num="135" count="26" type="stmt"/>
      <line num="136" count="26" type="stmt"/>
      <line num="137" count="26" type="stmt"/>
      <line num="138" count="26" type="stmt"/>
      <line num="139" count="26" type="stmt"/>
      <line num="140" count="26" type="stmt"/>
      <line num="141" count="26" type="stmt"/>
      <line num="142" count="26" type="stmt"/>
      <line num="143" count="26" type="stmt"/>
      <line num="144" count="26" type="stmt"/>
      <line num="145" count="26" type="stmt"/>
      <line num="146" count="26" type="stmt"/>
      <line num="147" count="26" type="stmt"/>
      <line num="148" count="26" type="stmt"/>
      <line num="150" count="26" type="stmt"/>
      <line num="152" count="26" type="stmt"/>
      <line num="155" count="26" type="stmt"/>
      <line num="158" count="26" type="stmt"/>
      <line num="159" count="26" type="stmt"/>
      <line num="160" count="26" type="stmt"/>
      <line num="161" count="26" type="cond" truecount="1" falsecount="0"/>
      <line num="164" count="26" type="stmt"/>
      <line num="165" count="26" type="stmt"/>
      <line num="166" count="26" type="stmt"/>
      <line num="169" count="26" type="stmt"/>
      <line num="170" count="26" type="stmt"/>
      <line num="171" count="26" type="stmt"/>
      <line num="172" count="26" type="stmt"/>
      <line num="173" count="26" type="stmt"/>
      <line num="174" count="26" type="stmt"/>
      <line num="175" count="26" type="stmt"/>
      <line num="176" count="26" type="stmt"/>
      <line num="177" count="26" type="stmt"/>
      <line num="178" count="26" type="stmt"/>
      <line num="179" count="26" type="stmt"/>
      <line num="180" count="26" type="stmt"/>
      <line num="181" count="26" type="stmt"/>
      <line num="182" count="26" type="stmt"/>
      <line num="183" count="26" type="stmt"/>
      <line num="184" count="26" type="stmt"/>
      <line num="185" count="26" type="stmt"/>
      <line num="186" count="26" type="stmt"/>
      <line num="187" count="26" type="stmt"/>
      <line num="188" count="26" type="stmt"/>
      <line num="189" count="26" type="stmt"/>
      <line num="191" count="26" type="cond" truecount="1" falsecount="0"/>
      <line num="192" count="20" type="stmt"/>
      <line num="193" count="20" type="stmt"/>
      <line num="194" count="20" type="stmt"/>
      <line num="195" count="20" type="stmt"/>
      <line num="196" count="20" type="stmt"/>
      <line num="197" count="20" type="stmt"/>
      <line num="198" count="20" type="stmt"/>
      <line num="199" count="20" type="cond" truecount="1" falsecount="0"/>
      <line num="201" count="24" type="stmt"/>
      <line num="204" count="24" type="stmt"/>
      <line num="205" count="24" type="stmt"/>
      <line num="206" count="24" type="stmt"/>
      <line num="207" count="24" type="stmt"/>
      <line num="208" count="24" type="stmt"/>
      <line num="209" count="24" type="stmt"/>
      <line num="210" count="24" type="stmt"/>
      <line num="211" count="26" type="stmt"/>
      <line num="212" count="26" type="stmt"/>
    </file>
    <file name="filterObject.ts" path="/Users/mateus/Projetos/lucas/form/src/filterObject.ts">
      <metrics statements="13" coveredstatements="13" conditionals="4" coveredconditionals="4" methods="1" coveredmethods="1"/>
      <line num="1" count="1" type="cond" truecount="1" falsecount="0"/>
      <line num="3" count="3" type="stmt"/>
      <line num="5" count="3" type="stmt"/>
      <line num="6" count="3" type="cond" truecount="1" falsecount="0"/>
      <line num="7" count="3" type="cond" truecount="1" falsecount="0"/>
      <line num="8" count="8" type="stmt"/>
      <line num="9" count="3" type="cond" truecount="1" falsecount="0"/>
      <line num="10" count="8" type="stmt"/>
      <line num="11" count="8" type="stmt"/>
      <line num="12" count="8" type="stmt"/>
      <line num="13" count="3" type="stmt"/>
      <line num="15" count="3" type="stmt"/>
      <line num="16" count="3" type="stmt"/>
    </file>
    <file name="generateRandomString.ts" path="/Users/mateus/Projetos/lucas/form/src/generateRandomString.ts">
      <metrics statements="9" coveredstatements="9" conditionals="2" coveredconditionals="2" methods="1" coveredmethods="1"/>
      <line num="1" count="1" type="cond" truecount="1" falsecount="0"/>
      <line num="2" count="95" type="stmt"/>
      <line num="3" count="95" type="stmt"/>
      <line num="5" count="95" type="cond" truecount="1" falsecount="0"/>
      <line num="6" count="950" type="stmt"/>
      <line num="7" count="950" type="stmt"/>
      <line num="8" count="950" type="stmt"/>
      <line num="10" count="95" type="stmt"/>
      <line num="11" count="95" type="stmt"/>
    </file>
    <file name="isValidURL.ts" path="/Users/mateus/Projetos/lucas/form/src/isValidURL.ts">
      <metrics statements="10" coveredstatements="10" conditionals="3" coveredconditionals="3" methods="1" coveredmethods="1"/>
      <line num="1" count="1" type="cond" truecount="1" falsecount="0"/>
      <line num="2" count="5" type="cond" truecount="1" falsecount="0"/>
      <line num="3" count="1" type="stmt"/>
      <line num="4" count="1" type="cond" truecount="1" falsecount="0"/>
      <line num="5" count="4" type="stmt"/>
      <line num="6" count="4" type="stmt"/>
      <line num="11" count="4" type="stmt"/>
      <line num="12" count="4" type="stmt"/>
      <line num="14" count="4" type="stmt"/>
      <line num="15" count="4" type="stmt"/>
    </file>
    <file name="loadingBox.ts" path="/Users/mateus/Projetos/lucas/form/src/loadingBox.ts">
      <metrics statements="8" coveredstatements="8" conditionals="3" coveredconditionals="3" methods="3" coveredmethods="3"/>
      <line num="1" count="1" type="cond" truecount="1" falsecount="0"/>
      <line num="2" count="27" type="cond" truecount="1" falsecount="0"/>
      <line num="3" count="27" type="cond" truecount="1" falsecount="0"/>
      <line num="5" count="27" type="stmt"/>
      <line num="8" count="27" type="stmt"/>
      <line num="9" count="27" type="stmt"/>
      <line num="10" count="27" type="stmt"/>
      <line num="11" count="27" type="stmt"/>
    </file>
    <file name="main.ts" path="/Users/mateus/Projetos/lucas/form/src/main.ts">
      <metrics statements="0" coveredstatements="0" conditionals="1" coveredconditionals="1" methods="1" coveredmethods="1"/>
    </file>
    <file name="maskCPF.ts" path="/Users/mateus/Projetos/lucas/form/src/maskCPF.ts">
      <metrics statements="16" coveredstatements="16" conditionals="6" coveredconditionals="6" methods="1" coveredmethods="1"/>
      <line num="1" count="1" type="cond" truecount="1" falsecount="0"/>
      <line num="3" count="24" type="cond" truecount="1" falsecount="0"/>
      <line num="4" count="22" type="stmt"/>
      <line num="5" count="22" type="stmt"/>
      <line num="6" count="22" type="stmt"/>
      <line num="7" count="22" type="stmt"/>
      <line num="8" count="22" type="cond" truecount="1" falsecount="0"/>
      <line num="9" count="22" type="stmt"/>
      <line num="10" count="22" type="stmt"/>
      <line num="11" count="22" type="cond" truecount="1" falsecount="0"/>
      <line num="12" count="22" type="cond" truecount="1" falsecount="0"/>
      <line num="13" count="22" type="cond" truecount="1" falsecount="0"/>
      <line num="14" count="22" type="stmt"/>
      <line num="15" count="22" type="stmt"/>
      <line num="16" count="24" type="stmt"/>
      <line num="17" count="24" type="stmt"/>
    </file>
    <file name="maskName.ts" path="/Users/mateus/Projetos/lucas/form/src/maskName.ts">
      <metrics statements="7" coveredstatements="7" conditionals="2" coveredconditionals="2" methods="1" coveredmethods="1"/>
      <line num="1" count="1" type="cond" truecount="1" falsecount="0"/>
      <line num="2" count="26" type="cond" truecount="1" falsecount="0"/>
      <line num="3" count="18" type="stmt"/>
      <line num="4" count="18" type="stmt"/>
      <line num="5" count="18" type="stmt"/>
      <line num="6" count="26" type="stmt"/>
      <line num="7" count="26" type="stmt"/>
    </file>
    <file name="maskPhone.ts" path="/Users/mateus/Projetos/lucas/form/src/maskPhone.ts">
      <metrics statements="19" coveredstatements="19" conditionals="11" coveredconditionals="11" methods="1" coveredmethods="1"/>
      <line num="1" count="1" type="cond" truecount="1" falsecount="0"/>
      <line num="2" count="26" type="cond" truecount="1" falsecount="0"/>
      <line num="3" count="36" type="stmt"/>
      <line num="5" count="36" type="cond" truecount="1" falsecount="0"/>
      <line num="6" count="1" type="stmt"/>
      <line num="7" count="1" type="stmt"/>
      <line num="9" count="36" type="stmt"/>
      <line num="11" count="36" type="stmt"/>
      <line num="12" count="36" type="stmt"/>
      <line num="14" count="36" type="cond" truecount="1" falsecount="0"/>
      <line num="15" count="30" type="cond" truecount="2" falsecount="0"/>
      <line num="17" count="30" type="cond" truecount="3" falsecount="0"/>
      <line num="18" count="17" type="cond" truecount="2" falsecount="0"/>
      <line num="19" count="17" type="stmt"/>
      <line num="20" count="30" type="stmt"/>
      <line num="21" count="36" type="stmt"/>
      <line num="23" count="36" type="stmt"/>
      <line num="24" count="26" type="stmt"/>
      <line num="25" count="26" type="stmt"/>
    </file>
    <file name="modalBox.ts" path="/Users/mateus/Projetos/lucas/form/src/modalBox.ts">
      <metrics statements="25" coveredstatements="25" conditionals="7" coveredconditionals="7" methods="1" coveredmethods="1"/>
      <line num="1" count="1" type="stmt"/>
      <line num="3" count="1" type="cond" truecount="1" falsecount="0"/>
      <line num="4" count="24" type="stmt"/>
      <line num="5" count="24" type="stmt"/>
      <line num="6" count="24" type="cond" truecount="1" falsecount="0"/>
      <line num="7" count="24" type="stmt"/>
      <line num="8" count="24" type="stmt"/>
      <line num="9" count="24" type="cond" truecount="1" falsecount="0"/>
      <line num="10" count="42" type="cond" truecount="1" falsecount="0"/>
      <line num="11" count="2" type="stmt"/>
      <line num="12" count="2" type="stmt"/>
      <line num="13" count="2" type="stmt"/>
      <line num="14" count="42" type="stmt"/>
      <line num="15" count="24" type="stmt"/>
      <line num="16" count="24" type="stmt"/>
      <line num="17" count="24" type="cond" truecount="1" falsecount="0"/>
      <line num="18" count="23" type="cond" truecount="1" falsecount="0"/>
      <line num="19" count="1" type="stmt"/>
      <line num="20" count="1" type="stmt"/>
      <line num="21" count="1" type="stmt"/>
      <line num="23" count="1" type="stmt"/>
      <line num="24" count="1" type="cond" truecount="1" falsecount="0"/>
      <line num="25" count="23" type="stmt"/>
      <line num="26" count="23" type="stmt"/>
      <line num="27" count="24" type="stmt"/>
    </file>
    <file name="processForm.ts" path="/Users/mateus/Projetos/lucas/form/src/processForm.ts">
      <metrics statements="0" coveredstatements="0" conditionals="2" coveredconditionals="2" methods="1" coveredmethods="1"/>
    </file>
    <file name="resultBox.ts" path="/Users/mateus/Projetos/lucas/form/src/resultBox.ts">
      <metrics statements="10" coveredstatements="10" conditionals="5" coveredconditionals="5" methods="5" coveredmethods="5"/>
      <line num="1" count="1" type="cond" truecount="1" falsecount="0"/>
      <line num="2" count="30" type="cond" truecount="1" falsecount="0"/>
      <line num="3" count="30" type="cond" truecount="1" falsecount="0"/>
      <line num="4" count="30" type="cond" truecount="1" falsecount="0"/>
      <line num="5" count="30" type="cond" truecount="1" falsecount="0"/>
      <line num="7" count="30" type="stmt"/>
      <line num="14" count="30" type="stmt"/>
      <line num="15" count="30" type="stmt"/>
      <line num="16" count="30" type="stmt"/>
      <line num="17" count="30" type="stmt"/>
    </file>
    <file name="templateBuilder.ts" path="/Users/mateus/Projetos/lucas/form/src/templateBuilder.ts">
      <metrics statements="11" coveredstatements="11" conditionals="12" coveredconditionals="12" methods="4" coveredmethods="4"/>
      <line num="1" count="1" type="stmt"/>
      <line num="4" count="1" type="cond" truecount="1" falsecount="0"/>
      <line num="6" count="141" type="cond" truecount="1" falsecount="0"/>
      <line num="7" count="94" type="stmt"/>
      <line num="9" count="94" type="stmt"/>
      <line num="11" count="94" type="cond" truecount="8" falsecount="0"/>
      <line num="12" count="94" type="stmt"/>
      <line num="14" count="141" type="cond" truecount="1" falsecount="0"/>
      <line num="16" count="141" type="cond" truecount="1" falsecount="0"/>
      <line num="18" count="141" type="stmt"/>
      <line num="19" count="141" type="stmt"/>
    </file>
    <file name="types.ts" path="/Users/mateus/Projetos/lucas/form/src/types.ts">
      <metrics statements="0" coveredstatements="0" conditionals="1" coveredconditionals="1" methods="1" coveredmethods="1"/>
    </file>
    <file name="urlBuilder.ts" path="/Users/mateus/Projetos/lucas/form/src/urlBuilder.ts">
      <metrics statements="13" coveredstatements="13" conditionals="4" coveredconditionals="4" methods="1" coveredmethods="1"/>
      <line num="3" count="1" type="cond" truecount="1" falsecount="0"/>
      <line num="4" count="2" type="cond" truecount="2" falsecount="0"/>
      <line num="5" count="2" type="stmt"/>
      <line num="6" count="2" type="stmt"/>
      <line num="7" count="2" type="cond" truecount="1" falsecount="0"/>
      <line num="8" count="16" type="stmt"/>
      <line num="9" count="16" type="stmt"/>
      <line num="10" count="16" type="stmt"/>
      <line num="11" count="16" type="stmt"/>
      <line num="12" count="16" type="stmt"/>
      <line num="13" count="2" type="stmt"/>
      <line num="14" count="2" type="stmt"/>
      <line num="15" count="2" type="stmt"/>
    </file>
    <file name="validate.ts" path="/Users/mateus/Projetos/lucas/form/src/validate.ts">
      <metrics statements="21" coveredstatements="21" conditionals="9" coveredconditionals="9" methods="2" coveredmethods="2"/>
      <line num="3" count="1" type="cond" truecount="1" falsecount="0"/>
      <line num="4" count="21" type="stmt"/>
      <line num="6" count="21" type="cond" truecount="1" falsecount="0"/>
      <line num="7" count="1" type="stmt"/>
      <line num="8" count="1" type="stmt"/>
      <line num="9" count="1" type="cond" truecount="1" falsecount="0"/>
      <line num="11" count="21" type="cond" truecount="2" falsecount="0"/>
      <line num="12" count="1" type="stmt"/>
      <line num="13" count="1" type="stmt"/>
      <line num="14" count="1" type="stmt"/>
      <line num="16" count="21" type="cond" truecount="2" falsecount="0"/>
      <line num="17" count="8" type="stmt"/>
      <line num="18" count="8" type="stmt"/>
      <line num="19" count="8" type="stmt"/>
      <line num="20" count="14" type="cond" truecount="1" falsecount="0"/>
      <line num="21" count="11" type="stmt"/>
      <line num="22" count="11" type="stmt"/>
      <line num="23" count="11" type="stmt"/>
      <line num="24" count="11" type="stmt"/>
      <line num="25" count="21" type="stmt"/>
      <line num="27" count="1" type="cond" truecount="1" falsecount="0"/>
    </file>
    <file name="validateCPF.ts" path="/Users/mateus/Projetos/lucas/form/src/validateCPF.ts">
      <metrics statements="32" coveredstatements="28" conditionals="20" coveredconditionals="18" methods="1" coveredmethods="1"/>
      <line num="1" count="1" type="cond" truecount="1" falsecount="0"/>
      <line num="3" count="13" type="stmt"/>
      <line num="6" count="13" type="cond" truecount="2" falsecount="0"/>
      <line num="7" count="4" type="stmt"/>
      <line num="8" count="4" type="cond" truecount="1" falsecount="0"/>
      <line num="11" count="13" type="cond" truecount="1" falsecount="0"/>
      <line num="12" count="1" type="stmt"/>
      <line num="13" count="1" type="cond" truecount="1" falsecount="0"/>
      <line num="16" count="8" type="stmt"/>
      <line num="17" count="13" type="cond" truecount="1" falsecount="0"/>
      <line num="18" count="72" type="stmt"/>
      <line num="19" count="72" type="cond" truecount="2" falsecount="0"/>
      <line num="20" count="8" type="stmt"/>
      <line num="21" count="13" type="cond" truecount="2" falsecount="0"/>
      <line num="22" count="3" type="stmt"/>
      <line num="23" count="3" type="cond" truecount="1" falsecount="0"/>
      <line num="24" count="13" type="cond" truecount="0" falsecount="1"/>
      <line num="25" count="0" type="stmt"/>
      <line num="26" count="0" type="cond" truecount="1" falsecount="0"/>
      <line num="29" count="8" type="stmt"/>
      <line num="30" count="13" type="cond" truecount="1" falsecount="0"/>
      <line num="31" count="80" type="stmt"/>
      <line num="32" count="80" type="cond" truecount="1" falsecount="0"/>
      <line num="33" count="8" type="stmt"/>
      <line num="34" count="13" type="cond" truecount="0" falsecount="1"/>
      <line num="35" count="0" type="stmt"/>
      <line num="36" count="0" type="cond" truecount="1" falsecount="0"/>
      <line num="37" count="13" type="cond" truecount="1" falsecount="0"/>
      <line num="38" count="1" type="stmt"/>
      <line num="39" count="1" type="cond" truecount="1" falsecount="0"/>
      <line num="41" count="7" type="stmt"/>
      <line num="42" count="7" type="stmt"/>
    </file>
    <file name="validateEmail.ts" path="/Users/mateus/Projetos/lucas/form/src/validateEmail.ts">
      <metrics statements="17" coveredstatements="17" conditionals="8" coveredconditionals="8" methods="2" coveredmethods="2"/>
      <line num="3" count="1" type="cond" truecount="1" falsecount="0"/>
      <line num="4" count="9" type="stmt"/>
      <line num="5" count="9" type="stmt"/>
      <line num="6" count="9" type="stmt"/>
      <line num="8" count="1" type="cond" truecount="1" falsecount="0"/>
      <line num="10" count="12" type="cond" truecount="1" falsecount="0"/>
      <line num="11" count="1" type="stmt"/>
      <line num="12" count="1" type="cond" truecount="1" falsecount="0"/>
      <line num="13" count="11" type="stmt"/>
      <line num="15" count="12" type="cond" truecount="1" falsecount="0"/>
      <line num="16" count="9" type="stmt"/>
      <line num="17" count="9" type="cond" truecount="1" falsecount="0"/>
      <line num="19" count="12" type="cond" truecount="2" falsecount="0"/>
      <line num="20" count="1" type="stmt"/>
      <line num="21" count="1" type="stmt"/>
      <line num="23" count="1" type="stmt"/>
      <line num="24" count="1" type="stmt"/>
    </file>
    <file name="validateFieldBlur.ts" path="/Users/mateus/Projetos/lucas/form/src/validateFieldBlur.ts">
      <metrics statements="24" coveredstatements="24" conditionals="11" coveredconditionals="11" methods="2" coveredmethods="2"/>
      <line num="1" count="1" type="stmt"/>
      <line num="2" count="1" type="stmt"/>
      <line num="4" count="1" type="cond" truecount="1" falsecount="0"/>
      <line num="5" count="98" type="stmt"/>
      <line num="7" count="98" type="cond" truecount="1" falsecount="0"/>
      <line num="8" count="1" type="stmt"/>
      <line num="9" count="1" type="stmt"/>
      <line num="10" count="1" type="cond" truecount="1" falsecount="0"/>
      <line num="12" count="97" type="cond" truecount="1" falsecount="0"/>
      <line num="13" count="5" type="cond" truecount="1" falsecount="0"/>
      <line num="14" count="1" type="stmt"/>
      <line num="15" count="1" type="cond" truecount="1" falsecount="0"/>
      <line num="17" count="5" type="cond" truecount="1" falsecount="0"/>
      <line num="18" count="1" type="stmt"/>
      <line num="19" count="1" type="cond" truecount="1" falsecount="0"/>
      <line num="21" count="5" type="cond" truecount="1" falsecount="0"/>
      <line num="22" count="2" type="stmt"/>
      <line num="23" count="2" type="cond" truecount="1" falsecount="0"/>
      <line num="25" count="5" type="cond" truecount="1" falsecount="0"/>
      <line num="26" count="1" type="stmt"/>
      <line num="27" count="1" type="stmt"/>
      <line num="28" count="5" type="stmt"/>
      <line num="30" count="97" type="stmt"/>
      <line num="37" count="97" type="stmt"/>
    </file>
    <file name="validateForm.ts" path="/Users/mateus/Projetos/lucas/form/src/validateForm.ts">
      <metrics statements="76" coveredstatements="76" conditionals="16" coveredconditionals="16" methods="3" coveredmethods="3"/>
      <line num="1" count="1" type="stmt"/>
      <line num="2" count="1" type="stmt"/>
      <line num="3" count="1" type="stmt"/>
      <line num="5" count="1" type="stmt"/>
      <line num="6" count="1" type="stmt"/>
      <line num="7" count="1" type="stmt"/>
      <line num="8" count="1" type="stmt"/>
      <line num="9" count="1" type="stmt"/>
      <line num="12" count="1" type="cond" truecount="1" falsecount="0"/>
      <line num="13" count="24" type="stmt"/>
      <line num="15" count="24" type="stmt"/>
      <line num="17" count="24" type="cond" truecount="1" falsecount="0"/>
      <line num="18" count="2" type="stmt"/>
      <line num="19" count="2" type="stmt"/>
      <line num="21" count="2" type="cond" truecount="1" falsecount="0"/>
      <line num="22" count="18" type="stmt"/>
      <line num="23" count="2" type="stmt"/>
      <line num="24" count="2" type="stmt"/>
      <line num="25" count="2" type="stmt"/>
      <line num="27" count="24" type="stmt"/>
      <line num="28" count="24" type="stmt"/>
      <line num="29" count="24" type="stmt"/>
      <line num="30" count="24" type="cond" truecount="1" falsecount="0"/>
      <line num="32" count="24" type="cond" truecount="1" falsecount="0"/>
      <line num="34" count="24" type="cond" truecount="1" falsecount="0"/>
      <line num="35" count="2" type="stmt"/>
      <line num="36" count="2" type="stmt"/>
      <line num="37" count="2" type="stmt"/>
      <line num="38" count="2" type="cond" truecount="1" falsecount="0"/>
      <line num="43" count="2" type="stmt"/>
      <line num="44" count="2" type="stmt"/>
      <line num="45" count="2" type="stmt"/>
      <line num="46" count="2" type="stmt"/>
      <line num="47" count="2" type="stmt"/>
      <line num="48" count="2" type="stmt"/>
      <line num="49" count="2" type="stmt"/>
      <line num="50" count="2" type="stmt"/>
      <line num="51" count="2" type="stmt"/>
      <line num="52" count="2" type="stmt"/>
      <line num="53" count="2" type="stmt"/>
      <line num="54" count="2" type="stmt"/>
      <line num="55" count="2" type="stmt"/>
      <line num="56" count="2" type="stmt"/>
      <line num="57" count="2" type="stmt"/>
      <line num="58" count="2" type="stmt"/>
      <line num="59" count="2" type="stmt"/>
      <line num="60" count="2" type="stmt"/>
      <line num="62" count="2" type="cond" truecount="1" falsecount="0"/>
      <line num="63" count="8" type="cond" truecount="1" falsecount="0"/>
      <line num="64" count="6" type="stmt"/>
      <line num="65" count="6" type="stmt"/>
      <line num="66" count="6" type="cond" truecount="1" falsecount="0"/>
      <line num="67" count="3" type="stmt"/>
      <line num="68" count="3" type="stmt"/>
      <line num="69" count="6" type="stmt"/>
      <line num="70" count="8" type="stmt"/>
      <line num="71" count="8" type="stmt"/>
      <line num="72" count="8" type="stmt"/>
      <line num="73" count="8" type="cond" truecount="1" falsecount="0"/>
      <line num="74" count="4" type="stmt"/>
      <line num="75" count="4" type="stmt"/>
      <line num="76" count="8" type="stmt"/>
      <line num="77" count="2" type="stmt"/>
      <line num="79" count="2" type="cond" truecount="1" falsecount="0"/>
      <line num="80" count="1" type="stmt"/>
      <line num="81" count="1" type="stmt"/>
      <line num="83" count="1" type="cond" truecount="1" falsecount="0"/>
      <line num="84" count="4" type="stmt"/>
      <line num="85" count="4" type="stmt"/>
      <line num="86" count="4" type="stmt"/>
      <line num="87" count="1" type="stmt"/>
      <line num="88" count="1" type="stmt"/>
      <line num="94" count="1" type="stmt"/>
      <line num="95" count="24" type="stmt"/>
      <line num="96" count="24" type="stmt"/>
      <line num="97" count="24" type="stmt"/>
    </file>
    <file name="validateName.ts" path="/Users/mateus/Projetos/lucas/form/src/validateName.ts">
      <metrics statements="3" coveredstatements="3" conditionals="1" coveredconditionals="1" methods="1" coveredmethods="1"/>
      <line num="1" count="1" type="cond" truecount="1" falsecount="0"/>
      <line num="2" count="6" type="stmt"/>
      <line num="3" count="6" type="stmt"/>
    </file>
    <file name="validatePhone.ts" path="/Users/mateus/Projetos/lucas/form/src/validatePhone.ts">
      <metrics statements="4" coveredstatements="4" conditionals="1" coveredconditionals="1" methods="1" coveredmethods="1"/>
      <line num="1" count="1" type="cond" truecount="1" falsecount="0"/>
      <line num="2" count="6" type="stmt"/>
      <line num="3" count="6" type="stmt"/>
      <line num="4" count="6" type="stmt"/>
    </file>
  </project>
</coverage>
