<?xml version="1.0" encoding="UTF-8"?>
<coverage generated="1723773071200" clover="3.2.0">
  <project timestamp="1723773071200" name="All files">
    <metrics statements="460" coveredstatements="456" conditionals="169" coveredconditionals="167" methods="35" coveredmethods="35" elements="664" coveredelements="658" complexity="0" loc="460" ncloc="460" packages="1" files="21" classes="21"/>
    <file name="collectionInput.ts" path="/Users/mateus/Projetos/lucas/form/src/collectionInput.ts">
      <metrics statements="6" coveredstatements="6" conditionals="3" coveredconditionals="3" methods="1" coveredmethods="1"/>
      <line num="3" count="1" type="cond" truecount="1" falsecount="0"/>
      <line num="4" count="20" type="cond" truecount="1" falsecount="0"/>
      <line num="5" count="20" type="cond" truecount="1" falsecount="0"/>
      <line num="6" count="34" type="stmt"/>
      <line num="7" count="34" type="stmt"/>
      <line num="8" count="34" type="stmt"/>
    </file>
    <file name="createForm.ts" path="/Users/mateus/Projetos/lucas/form/src/createForm.ts">
      <metrics statements="155" coveredstatements="155" conditionals="45" coveredconditionals="45" methods="1" coveredmethods="1"/>
      <line num="1" count="1" type="stmt"/>
      <line num="2" count="1" type="stmt"/>
      <line num="3" count="1" type="stmt"/>
      <line num="4" count="1" type="stmt"/>
      <line num="5" count="1" type="stmt"/>
      <line num="6" count="1" type="stmt"/>
      <line num="8" count="1" type="stmt"/>
      <line num="9" count="1" type="stmt"/>
      <line num="10" count="1" type="stmt"/>
      <line num="11" count="1" type="stmt"/>
      <line num="12" count="1" type="stmt"/>
      <line num="13" count="1" type="stmt"/>
      <line num="14" count="1" type="stmt"/>
      <line num="15" count="1" type="stmt"/>
      <line num="17" count="1" type="cond" truecount="1" falsecount="0"/>
      <line num="18" count="23" type="stmt"/>
      <line num="20" count="23" type="cond" truecount="1" falsecount="0"/>
      <line num="21" count="1" type="stmt"/>
      <line num="22" count="1" type="stmt"/>
      <line num="23" count="1" type="cond" truecount="1" falsecount="0"/>
      <line num="24" count="22" type="stmt"/>
      <line num="27" count="23" type="cond" truecount="1" falsecount="0"/>
      <line num="28" count="23" type="cond" truecount="1" falsecount="0"/>
      <line num="30" count="23" type="cond" truecount="1" falsecount="0"/>
      <line num="31" count="1" type="stmt"/>
      <line num="32" count="1" type="stmt"/>
      <line num="33" count="1" type="cond" truecount="1" falsecount="0"/>
      <line num="35" count="23" type="cond" truecount="1" falsecount="0"/>
      <line num="36" count="1" type="stmt"/>
      <line num="37" count="1" type="stmt"/>
      <line num="38" count="1" type="cond" truecount="1" falsecount="0"/>
      <line num="40" count="20" type="stmt"/>
      <line num="42" count="20" type="stmt"/>
      <line num="43" count="20" type="stmt"/>
      <line num="44" count="20" type="stmt"/>
      <line num="51" count="20" type="cond" truecount="1" falsecount="0"/>
      <line num="52" count="94" type="stmt"/>
      <line num="53" count="20" type="stmt"/>
      <line num="55" count="20" type="stmt"/>
      <line num="56" count="20" type="stmt"/>
      <line num="57" count="23" type="stmt"/>
      <line num="58" count="23" type="stmt"/>
      <line num="60" count="23" type="cond" truecount="1" falsecount="0"/>
      <line num="61" count="23" type="cond" truecount="1" falsecount="0"/>
      <line num="62" count="23" type="cond" truecount="1" falsecount="0"/>
      <line num="63" count="23" type="cond" truecount="1" falsecount="0"/>
      <line num="64" count="23" type="cond" truecount="1" falsecount="0"/>
      <line num="65" count="23" type="cond" truecount="1" falsecount="0"/>
      <line num="66" count="23" type="cond" truecount="1" falsecount="0"/>
      <line num="67" count="23" type="cond" truecount="1" falsecount="0"/>
      <line num="68" count="23" type="cond" truecount="1" falsecount="0"/>
      <line num="70" count="23" type="cond" truecount="1" falsecount="0"/>
      <line num="71" count="23" type="cond" truecount="1" falsecount="0"/>
      <line num="72" count="23" type="cond" truecount="1" falsecount="0"/>
      <line num="73" count="23" type="cond" truecount="1" falsecount="0"/>
      <line num="75" count="23" type="cond" truecount="2" falsecount="0"/>
      <line num="76" count="23" type="cond" truecount="3" falsecount="0"/>
      <line num="77" count="23" type="cond" truecount="3" falsecount="0"/>
      <line num="78" count="23" type="cond" truecount="3" falsecount="0"/>
      <line num="79" count="23" type="cond" truecount="1" falsecount="0"/>
      <line num="81" count="23" type="cond" truecount="1" falsecount="0"/>
      <line num="83" count="23" type="cond" truecount="1" falsecount="0"/>
      <line num="84" count="23" type="cond" truecount="1" falsecount="0"/>
      <line num="85" count="23" type="cond" truecount="1" falsecount="0"/>
      <line num="87" count="23" type="stmt"/>
      <line num="89" count="23" type="stmt"/>
      <line num="92" count="23" type="stmt"/>
      <line num="93" count="23" type="stmt"/>
      <line num="95" count="23" type="stmt"/>
      <line num="99" count="23" type="stmt"/>
      <line num="100" count="23" type="stmt"/>
      <line num="102" count="23" type="stmt"/>
      <line num="103" count="23" type="stmt"/>
      <line num="104" count="23" type="stmt"/>
      <line num="105" count="23" type="stmt"/>
      <line num="106" count="23" type="stmt"/>
      <line num="107" count="23" type="stmt"/>
      <line num="108" count="23" type="stmt"/>
      <line num="109" count="23" type="stmt"/>
      <line num="110" count="23" type="cond" truecount="1" falsecount="0"/>
      <line num="111" count="16" type="stmt"/>
      <line num="112" count="16" type="stmt"/>
      <line num="113" count="16" type="stmt"/>
      <line num="114" count="16" type="stmt"/>
      <line num="115" count="16" type="stmt"/>
      <line num="116" count="16" type="stmt"/>
      <line num="117" count="23" type="stmt"/>
      <line num="118" count="23" type="stmt"/>
      <line num="119" count="23" type="stmt"/>
      <line num="120" count="23" type="stmt"/>
      <line num="121" count="23" type="stmt"/>
      <line num="122" count="23" type="stmt"/>
      <line num="123" count="23" type="stmt"/>
      <line num="124" count="23" type="stmt"/>
      <line num="125" count="23" type="stmt"/>
      <line num="126" count="23" type="stmt"/>
      <line num="127" count="23" type="stmt"/>
      <line num="128" count="23" type="stmt"/>
      <line num="129" count="23" type="stmt"/>
      <line num="130" count="23" type="stmt"/>
      <line num="131" count="23" type="stmt"/>
      <line num="132" count="23" type="stmt"/>
      <line num="133" count="23" type="stmt"/>
      <line num="134" count="23" type="stmt"/>
      <line num="135" count="23" type="stmt"/>
      <line num="136" count="23" type="stmt"/>
      <line num="137" count="23" type="stmt"/>
      <line num="138" count="23" type="stmt"/>
      <line num="139" count="23" type="stmt"/>
      <line num="141" count="23" type="stmt"/>
      <line num="147" count="23" type="stmt"/>
      <line num="150" count="23" type="stmt"/>
      <line num="153" count="23" type="stmt"/>
      <line num="154" count="23" type="stmt"/>
      <line num="155" count="23" type="stmt"/>
      <line num="156" count="23" type="cond" truecount="1" falsecount="0"/>
      <line num="159" count="23" type="stmt"/>
      <line num="160" count="23" type="stmt"/>
      <line num="163" count="23" type="stmt"/>
      <line num="164" count="23" type="stmt"/>
      <line num="165" count="23" type="stmt"/>
      <line num="166" count="23" type="stmt"/>
      <line num="167" count="23" type="stmt"/>
      <line num="168" count="23" type="stmt"/>
      <line num="169" count="23" type="stmt"/>
      <line num="170" count="23" type="stmt"/>
      <line num="171" count="23" type="stmt"/>
      <line num="172" count="23" type="stmt"/>
      <line num="173" count="23" type="stmt"/>
      <line num="174" count="23" type="stmt"/>
      <line num="175" count="23" type="stmt"/>
      <line num="176" count="23" type="stmt"/>
      <line num="177" count="23" type="stmt"/>
      <line num="178" count="23" type="stmt"/>
      <line num="179" count="23" type="stmt"/>
      <line num="180" count="23" type="stmt"/>
      <line num="181" count="23" type="stmt"/>
      <line num="182" count="23" type="stmt"/>
      <line num="183" count="23" type="stmt"/>
      <line num="185" count="23" type="cond" truecount="1" falsecount="0"/>
      <line num="186" count="16" type="stmt"/>
      <line num="187" count="16" type="stmt"/>
      <line num="188" count="16" type="stmt"/>
      <line num="189" count="16" type="stmt"/>
      <line num="190" count="16" type="stmt"/>
      <line num="191" count="16" type="stmt"/>
      <line num="192" count="16" type="stmt"/>
      <line num="193" count="16" type="cond" truecount="1" falsecount="0"/>
      <line num="196" count="20" type="stmt"/>
      <line num="197" count="20" type="stmt"/>
      <line num="198" count="20" type="stmt"/>
      <line num="199" count="20" type="stmt"/>
      <line num="200" count="20" type="stmt"/>
      <line num="201" count="20" type="stmt"/>
      <line num="202" count="20" type="stmt"/>
    </file>
    <file name="filterObject.ts" path="/Users/mateus/Projetos/lucas/form/src/filterObject.ts">
      <metrics statements="13" coveredstatements="13" conditionals="4" coveredconditionals="4" methods="1" coveredmethods="1"/>
      <line num="1" count="1" type="cond" truecount="1" falsecount="0"/>
      <line num="3" count="3" type="stmt"/>
      <line num="5" count="3" type="stmt"/>
      <line num="6" count="3" type="cond" truecount="1" falsecount="0"/>
      <line num="7" count="3" type="cond" truecount="1" falsecount="0"/>
      <line num="8" count="8" type="stmt"/>
      <line num="9" count="3" type="cond" truecount="1" falsecount="0"/>
      <line num="10" count="8" type="stmt"/>
      <line num="11" count="8" type="stmt"/>
      <line num="12" count="8" type="stmt"/>
      <line num="13" count="3" type="stmt"/>
      <line num="15" count="3" type="stmt"/>
      <line num="16" count="3" type="stmt"/>
    </file>
    <file name="isValidURL.ts" path="/Users/mateus/Projetos/lucas/form/src/isValidURL.ts">
      <metrics statements="10" coveredstatements="10" conditionals="3" coveredconditionals="3" methods="1" coveredmethods="1"/>
      <line num="1" count="1" type="cond" truecount="1" falsecount="0"/>
      <line num="2" count="5" type="cond" truecount="1" falsecount="0"/>
      <line num="3" count="1" type="stmt"/>
      <line num="4" count="1" type="cond" truecount="1" falsecount="0"/>
      <line num="5" count="4" type="stmt"/>
      <line num="6" count="4" type="stmt"/>
      <line num="11" count="4" type="stmt"/>
      <line num="12" count="4" type="stmt"/>
      <line num="14" count="4" type="stmt"/>
      <line num="15" count="4" type="stmt"/>
    </file>
    <file name="loadingBox.ts" path="/Users/mateus/Projetos/lucas/form/src/loadingBox.ts">
      <metrics statements="9" coveredstatements="9" conditionals="3" coveredconditionals="3" methods="3" coveredmethods="3"/>
      <line num="1" count="1" type="cond" truecount="1" falsecount="0"/>
      <line num="2" count="23" type="stmt"/>
      <line num="4" count="23" type="cond" truecount="1" falsecount="0"/>
      <line num="5" count="23" type="cond" truecount="1" falsecount="0"/>
      <line num="7" count="23" type="stmt"/>
      <line num="10" count="23" type="stmt"/>
      <line num="11" count="23" type="stmt"/>
      <line num="12" count="23" type="stmt"/>
      <line num="13" count="23" type="stmt"/>
    </file>
    <file name="main.ts" path="/Users/mateus/Projetos/lucas/form/src/main.ts">
      <metrics statements="0" coveredstatements="0" conditionals="1" coveredconditionals="1" methods="1" coveredmethods="1"/>
    </file>
    <file name="maskCPF.ts" path="/Users/mateus/Projetos/lucas/form/src/maskCPF.ts">
      <metrics statements="16" coveredstatements="16" conditionals="6" coveredconditionals="6" methods="1" coveredmethods="1"/>
      <line num="1" count="1" type="cond" truecount="1" falsecount="0"/>
      <line num="3" count="20" type="cond" truecount="1" falsecount="0"/>
      <line num="4" count="22" type="stmt"/>
      <line num="5" count="22" type="stmt"/>
      <line num="6" count="22" type="stmt"/>
      <line num="7" count="22" type="stmt"/>
      <line num="8" count="22" type="cond" truecount="1" falsecount="0"/>
      <line num="9" count="22" type="stmt"/>
      <line num="10" count="22" type="stmt"/>
      <line num="11" count="22" type="cond" truecount="1" falsecount="0"/>
      <line num="12" count="22" type="cond" truecount="1" falsecount="0"/>
      <line num="13" count="22" type="cond" truecount="1" falsecount="0"/>
      <line num="14" count="22" type="stmt"/>
      <line num="15" count="22" type="stmt"/>
      <line num="16" count="20" type="stmt"/>
      <line num="17" count="20" type="stmt"/>
    </file>
    <file name="maskPhone.ts" path="/Users/mateus/Projetos/lucas/form/src/maskPhone.ts">
      <metrics statements="19" coveredstatements="19" conditionals="11" coveredconditionals="11" methods="1" coveredmethods="1"/>
      <line num="1" count="1" type="cond" truecount="1" falsecount="0"/>
      <line num="2" count="22" type="cond" truecount="1" falsecount="0"/>
      <line num="3" count="36" type="stmt"/>
      <line num="5" count="36" type="cond" truecount="1" falsecount="0"/>
      <line num="6" count="1" type="stmt"/>
      <line num="7" count="1" type="stmt"/>
      <line num="9" count="36" type="stmt"/>
      <line num="11" count="36" type="stmt"/>
      <line num="12" count="36" type="stmt"/>
      <line num="14" count="36" type="cond" truecount="1" falsecount="0"/>
      <line num="15" count="30" type="cond" truecount="2" falsecount="0"/>
      <line num="17" count="30" type="cond" truecount="3" falsecount="0"/>
      <line num="18" count="17" type="cond" truecount="2" falsecount="0"/>
      <line num="19" count="17" type="stmt"/>
      <line num="20" count="30" type="stmt"/>
      <line num="21" count="36" type="stmt"/>
      <line num="23" count="36" type="stmt"/>
      <line num="24" count="22" type="stmt"/>
      <line num="25" count="22" type="stmt"/>
    </file>
    <file name="modalBox.ts" path="/Users/mateus/Projetos/lucas/form/src/modalBox.ts">
      <metrics statements="21" coveredstatements="21" conditionals="5" coveredconditionals="5" methods="1" coveredmethods="1"/>
      <line num="1" count="1" type="stmt"/>
      <line num="3" count="1" type="cond" truecount="1" falsecount="0"/>
      <line num="4" count="20" type="stmt"/>
      <line num="5" count="20" type="stmt"/>
      <line num="6" count="20" type="stmt"/>
      <line num="7" count="20" type="stmt"/>
      <line num="8" count="20" type="cond" truecount="1" falsecount="0"/>
      <line num="9" count="34" type="cond" truecount="1" falsecount="0"/>
      <line num="10" count="2" type="stmt"/>
      <line num="11" count="2" type="stmt"/>
      <line num="12" count="2" type="stmt"/>
      <line num="13" count="34" type="stmt"/>
      <line num="14" count="20" type="stmt"/>
      <line num="15" count="20" type="cond" truecount="1" falsecount="0"/>
      <line num="16" count="1" type="stmt"/>
      <line num="17" count="1" type="stmt"/>
      <line num="18" count="1" type="stmt"/>
      <line num="20" count="1" type="stmt"/>
      <line num="21" count="1" type="cond" truecount="1" falsecount="0"/>
      <line num="22" count="20" type="stmt"/>
      <line num="23" count="20" type="stmt"/>
    </file>
    <file name="processForm.ts" path="/Users/mateus/Projetos/lucas/form/src/processForm.ts">
      <metrics statements="0" coveredstatements="0" conditionals="2" coveredconditionals="2" methods="1" coveredmethods="1"/>
    </file>
    <file name="resultBox.ts" path="/Users/mateus/Projetos/lucas/form/src/resultBox.ts">
      <metrics statements="11" coveredstatements="11" conditionals="5" coveredconditionals="5" methods="5" coveredmethods="5"/>
      <line num="1" count="1" type="cond" truecount="1" falsecount="0"/>
      <line num="2" count="28" type="stmt"/>
      <line num="4" count="28" type="cond" truecount="1" falsecount="0"/>
      <line num="5" count="28" type="cond" truecount="1" falsecount="0"/>
      <line num="6" count="28" type="cond" truecount="1" falsecount="0"/>
      <line num="7" count="28" type="cond" truecount="1" falsecount="0"/>
      <line num="9" count="28" type="stmt"/>
      <line num="16" count="28" type="stmt"/>
      <line num="17" count="28" type="stmt"/>
      <line num="18" count="28" type="stmt"/>
      <line num="19" count="28" type="stmt"/>
    </file>
    <file name="templateBuilder.ts" path="/Users/mateus/Projetos/lucas/form/src/templateBuilder.ts">
      <metrics statements="9" coveredstatements="9" conditionals="10" coveredconditionals="10" methods="4" coveredmethods="4"/>
      <line num="3" count="1" type="cond" truecount="1" falsecount="0"/>
      <line num="5" count="118" type="cond" truecount="1" falsecount="0"/>
      <line num="6" count="78" type="stmt"/>
      <line num="8" count="78" type="cond" truecount="6" falsecount="0"/>
      <line num="9" count="78" type="stmt"/>
      <line num="11" count="118" type="cond" truecount="1" falsecount="0"/>
      <line num="13" count="118" type="cond" truecount="1" falsecount="0"/>
      <line num="15" count="118" type="stmt"/>
      <line num="16" count="118" type="stmt"/>
    </file>
    <file name="types.ts" path="/Users/mateus/Projetos/lucas/form/src/types.ts">
      <metrics statements="0" coveredstatements="0" conditionals="1" coveredconditionals="1" methods="1" coveredmethods="1"/>
    </file>
    <file name="urlBuilder.ts" path="/Users/mateus/Projetos/lucas/form/src/urlBuilder.ts">
      <metrics statements="13" coveredstatements="13" conditionals="4" coveredconditionals="4" methods="1" coveredmethods="1"/>
      <line num="3" count="1" type="cond" truecount="1" falsecount="0"/>
      <line num="4" count="2" type="cond" truecount="2" falsecount="0"/>
      <line num="5" count="2" type="stmt"/>
      <line num="6" count="2" type="stmt"/>
      <line num="7" count="2" type="cond" truecount="1" falsecount="0"/>
      <line num="8" count="16" type="stmt"/>
      <line num="9" count="16" type="stmt"/>
      <line num="10" count="16" type="stmt"/>
      <line num="11" count="16" type="stmt"/>
      <line num="12" count="16" type="stmt"/>
      <line num="13" count="2" type="stmt"/>
      <line num="14" count="2" type="stmt"/>
      <line num="15" count="2" type="stmt"/>
    </file>
    <file name="validate.ts" path="/Users/mateus/Projetos/lucas/form/src/validate.ts">
      <metrics statements="21" coveredstatements="21" conditionals="9" coveredconditionals="9" methods="2" coveredmethods="2"/>
      <line num="3" count="1" type="cond" truecount="1" falsecount="0"/>
      <line num="4" count="21" type="stmt"/>
      <line num="6" count="21" type="cond" truecount="1" falsecount="0"/>
      <line num="7" count="1" type="stmt"/>
      <line num="8" count="1" type="stmt"/>
      <line num="9" count="1" type="cond" truecount="1" falsecount="0"/>
      <line num="11" count="21" type="cond" truecount="2" falsecount="0"/>
      <line num="12" count="1" type="stmt"/>
      <line num="13" count="1" type="stmt"/>
      <line num="14" count="1" type="stmt"/>
      <line num="16" count="21" type="cond" truecount="2" falsecount="0"/>
      <line num="17" count="8" type="stmt"/>
      <line num="18" count="8" type="stmt"/>
      <line num="19" count="8" type="stmt"/>
      <line num="20" count="14" type="cond" truecount="1" falsecount="0"/>
      <line num="21" count="11" type="stmt"/>
      <line num="22" count="11" type="stmt"/>
      <line num="23" count="11" type="stmt"/>
      <line num="24" count="11" type="stmt"/>
      <line num="25" count="21" type="stmt"/>
      <line num="27" count="1" type="cond" truecount="1" falsecount="0"/>
    </file>
    <file name="validateCPF.ts" path="/Users/mateus/Projetos/lucas/form/src/validateCPF.ts">
      <metrics statements="32" coveredstatements="28" conditionals="20" coveredconditionals="18" methods="1" coveredmethods="1"/>
      <line num="1" count="1" type="cond" truecount="1" falsecount="0"/>
      <line num="3" count="13" type="stmt"/>
      <line num="6" count="13" type="cond" truecount="2" falsecount="0"/>
      <line num="7" count="4" type="stmt"/>
      <line num="8" count="4" type="cond" truecount="1" falsecount="0"/>
      <line num="11" count="13" type="cond" truecount="1" falsecount="0"/>
      <line num="12" count="1" type="stmt"/>
      <line num="13" count="1" type="cond" truecount="1" falsecount="0"/>
      <line num="16" count="8" type="stmt"/>
      <line num="17" count="13" type="cond" truecount="1" falsecount="0"/>
      <line num="18" count="72" type="stmt"/>
      <line num="19" count="72" type="cond" truecount="2" falsecount="0"/>
      <line num="20" count="8" type="stmt"/>
      <line num="21" count="13" type="cond" truecount="2" falsecount="0"/>
      <line num="22" count="3" type="stmt"/>
      <line num="23" count="3" type="cond" truecount="1" falsecount="0"/>
      <line num="24" count="13" type="cond" truecount="0" falsecount="1"/>
      <line num="25" count="0" type="stmt"/>
      <line num="26" count="0" type="cond" truecount="1" falsecount="0"/>
      <line num="29" count="8" type="stmt"/>
      <line num="30" count="13" type="cond" truecount="1" falsecount="0"/>
      <line num="31" count="80" type="stmt"/>
      <line num="32" count="80" type="cond" truecount="1" falsecount="0"/>
      <line num="33" count="8" type="stmt"/>
      <line num="34" count="13" type="cond" truecount="0" falsecount="1"/>
      <line num="35" count="0" type="stmt"/>
      <line num="36" count="0" type="cond" truecount="1" falsecount="0"/>
      <line num="37" count="13" type="cond" truecount="1" falsecount="0"/>
      <line num="38" count="1" type="stmt"/>
      <line num="39" count="1" type="cond" truecount="1" falsecount="0"/>
      <line num="41" count="7" type="stmt"/>
      <line num="42" count="7" type="stmt"/>
    </file>
    <file name="validateEmail.ts" path="/Users/mateus/Projetos/lucas/form/src/validateEmail.ts">
      <metrics statements="17" coveredstatements="17" conditionals="8" coveredconditionals="8" methods="2" coveredmethods="2"/>
      <line num="3" count="1" type="cond" truecount="1" falsecount="0"/>
      <line num="4" count="9" type="stmt"/>
      <line num="5" count="9" type="stmt"/>
      <line num="6" count="9" type="stmt"/>
      <line num="8" count="1" type="cond" truecount="1" falsecount="0"/>
      <line num="10" count="12" type="cond" truecount="1" falsecount="0"/>
      <line num="11" count="1" type="stmt"/>
      <line num="12" count="1" type="cond" truecount="1" falsecount="0"/>
      <line num="13" count="11" type="stmt"/>
      <line num="15" count="12" type="cond" truecount="1" falsecount="0"/>
      <line num="16" count="9" type="stmt"/>
      <line num="17" count="9" type="cond" truecount="1" falsecount="0"/>
      <line num="19" count="12" type="cond" truecount="2" falsecount="0"/>
      <line num="20" count="1" type="stmt"/>
      <line num="21" count="1" type="stmt"/>
      <line num="23" count="1" type="stmt"/>
      <line num="24" count="1" type="stmt"/>
    </file>
    <file name="validateFieldBlur.ts" path="/Users/mateus/Projetos/lucas/form/src/validateFieldBlur.ts">
      <metrics statements="24" coveredstatements="24" conditionals="11" coveredconditionals="11" methods="2" coveredmethods="2"/>
      <line num="1" count="1" type="stmt"/>
      <line num="2" count="1" type="stmt"/>
      <line num="4" count="1" type="cond" truecount="1" falsecount="0"/>
      <line num="5" count="82" type="stmt"/>
      <line num="7" count="82" type="cond" truecount="1" falsecount="0"/>
      <line num="8" count="1" type="stmt"/>
      <line num="9" count="1" type="stmt"/>
      <line num="10" count="1" type="cond" truecount="1" falsecount="0"/>
      <line num="12" count="81" type="cond" truecount="1" falsecount="0"/>
      <line num="13" count="5" type="cond" truecount="1" falsecount="0"/>
      <line num="14" count="1" type="stmt"/>
      <line num="15" count="1" type="cond" truecount="1" falsecount="0"/>
      <line num="17" count="5" type="cond" truecount="1" falsecount="0"/>
      <line num="18" count="1" type="stmt"/>
      <line num="19" count="1" type="cond" truecount="1" falsecount="0"/>
      <line num="21" count="5" type="cond" truecount="1" falsecount="0"/>
      <line num="22" count="2" type="stmt"/>
      <line num="23" count="2" type="cond" truecount="1" falsecount="0"/>
      <line num="25" count="5" type="cond" truecount="1" falsecount="0"/>
      <line num="26" count="1" type="stmt"/>
      <line num="27" count="1" type="stmt"/>
      <line num="28" count="5" type="stmt"/>
      <line num="30" count="81" type="stmt"/>
      <line num="37" count="81" type="stmt"/>
    </file>
    <file name="validateForm.ts" path="/Users/mateus/Projetos/lucas/form/src/validateForm.ts">
      <metrics statements="77" coveredstatements="77" conditionals="16" coveredconditionals="16" methods="3" coveredmethods="3"/>
      <line num="1" count="1" type="stmt"/>
      <line num="2" count="1" type="stmt"/>
      <line num="3" count="1" type="stmt"/>
      <line num="5" count="1" type="stmt"/>
      <line num="6" count="1" type="stmt"/>
      <line num="7" count="1" type="stmt"/>
      <line num="8" count="1" type="stmt"/>
      <line num="9" count="1" type="stmt"/>
      <line num="12" count="1" type="cond" truecount="1" falsecount="0"/>
      <line num="14" count="20" type="stmt"/>
      <line num="16" count="20" type="stmt"/>
      <line num="17" count="20" type="stmt"/>
      <line num="19" count="20" type="cond" truecount="1" falsecount="0"/>
      <line num="20" count="2" type="stmt"/>
      <line num="21" count="2" type="stmt"/>
      <line num="23" count="2" type="cond" truecount="1" falsecount="0"/>
      <line num="24" count="18" type="stmt"/>
      <line num="25" count="2" type="stmt"/>
      <line num="26" count="2" type="stmt"/>
      <line num="27" count="2" type="stmt"/>
      <line num="29" count="20" type="stmt"/>
      <line num="30" count="20" type="stmt"/>
      <line num="31" count="20" type="stmt"/>
      <line num="32" count="20" type="cond" truecount="1" falsecount="0"/>
      <line num="34" count="20" type="cond" truecount="1" falsecount="0"/>
      <line num="36" count="20" type="cond" truecount="1" falsecount="0"/>
      <line num="37" count="2" type="stmt"/>
      <line num="38" count="2" type="stmt"/>
      <line num="39" count="2" type="stmt"/>
      <line num="40" count="2" type="cond" truecount="1" falsecount="0"/>
      <line num="45" count="2" type="stmt"/>
      <line num="46" count="2" type="stmt"/>
      <line num="47" count="2" type="stmt"/>
      <line num="48" count="2" type="stmt"/>
      <line num="49" count="2" type="stmt"/>
      <line num="50" count="2" type="stmt"/>
      <line num="51" count="2" type="stmt"/>
      <line num="52" count="2" type="stmt"/>
      <line num="53" count="2" type="stmt"/>
      <line num="54" count="2" type="stmt"/>
      <line num="55" count="2" type="stmt"/>
      <line num="56" count="2" type="stmt"/>
      <line num="57" count="2" type="stmt"/>
      <line num="58" count="2" type="stmt"/>
      <line num="59" count="2" type="stmt"/>
      <line num="60" count="2" type="stmt"/>
      <line num="61" count="2" type="stmt"/>
      <line num="62" count="2" type="stmt"/>
      <line num="64" count="2" type="cond" truecount="1" falsecount="0"/>
      <line num="65" count="8" type="cond" truecount="1" falsecount="0"/>
      <line num="66" count="6" type="stmt"/>
      <line num="67" count="6" type="stmt"/>
      <line num="68" count="6" type="cond" truecount="1" falsecount="0"/>
      <line num="69" count="3" type="stmt"/>
      <line num="70" count="3" type="stmt"/>
      <line num="71" count="6" type="stmt"/>
      <line num="72" count="8" type="stmt"/>
      <line num="73" count="8" type="stmt"/>
      <line num="74" count="8" type="stmt"/>
      <line num="75" count="8" type="cond" truecount="1" falsecount="0"/>
      <line num="76" count="4" type="stmt"/>
      <line num="77" count="4" type="stmt"/>
      <line num="78" count="8" type="stmt"/>
      <line num="79" count="2" type="stmt"/>
      <line num="81" count="2" type="cond" truecount="1" falsecount="0"/>
      <line num="82" count="1" type="stmt"/>
      <line num="83" count="1" type="stmt"/>
      <line num="85" count="1" type="cond" truecount="1" falsecount="0"/>
      <line num="86" count="4" type="stmt"/>
      <line num="87" count="4" type="stmt"/>
      <line num="88" count="4" type="stmt"/>
      <line num="89" count="1" type="stmt"/>
      <line num="90" count="1" type="stmt"/>
      <line num="96" count="1" type="stmt"/>
      <line num="97" count="20" type="stmt"/>
      <line num="98" count="20" type="stmt"/>
      <line num="99" count="20" type="stmt"/>
    </file>
    <file name="validateName.ts" path="/Users/mateus/Projetos/lucas/form/src/validateName.ts">
      <metrics statements="3" coveredstatements="3" conditionals="1" coveredconditionals="1" methods="1" coveredmethods="1"/>
      <line num="1" count="1" type="cond" truecount="1" falsecount="0"/>
      <line num="2" count="6" type="stmt"/>
      <line num="3" count="6" type="stmt"/>
    </file>
    <file name="validatePhone.ts" path="/Users/mateus/Projetos/lucas/form/src/validatePhone.ts">
      <metrics statements="4" coveredstatements="4" conditionals="1" coveredconditionals="1" methods="1" coveredmethods="1"/>
      <line num="1" count="1" type="cond" truecount="1" falsecount="0"/>
      <line num="2" count="6" type="stmt"/>
      <line num="3" count="6" type="stmt"/>
      <line num="4" count="6" type="stmt"/>
    </file>
  </project>
</coverage>
