{"/Users/mateus/Projetos/lucas/form/src/collectionInput.ts": {"path":"/Users/mateus/Projetos/lucas/form/src/collectionInput.ts","all":false,"statementMap":{"2":{"start":{"line":3,"column":0},"end":{"line":3,"column":85}},"3":{"start":{"line":4,"column":0},"end":{"line":4,"column":45}},"4":{"start":{"line":5,"column":0},"end":{"line":5,"column":24}},"5":{"start":{"line":6,"column":0},"end":{"line":6,"column":49}},"6":{"start":{"line":7,"column":0},"end":{"line":7,"column":25}},"7":{"start":{"line":8,"column":0},"end":{"line":8,"column":4}}},"s":{"2":1,"3":20,"4":20,"5":34,"6":34,"7":34},"branchMap":{"0":{"type":"branch","line":3,"loc":{"start":{"line":3,"column":31},"end":{"line":8,"column":4}},"locations":[{"start":{"line":3,"column":31},"end":{"line":8,"column":4}}]},"1":{"type":"branch","line":4,"loc":{"start":{"line":4,"column":10},"end":{"line":4,"column":44}},"locations":[{"start":{"line":4,"column":10},"end":{"line":4,"column":44}}]},"2":{"type":"branch","line":5,"loc":{"start":{"line":5,"column":7},"end":{"line":8,"column":4}},"locations":[{"start":{"line":5,"column":7},"end":{"line":8,"column":4}}]}},"b":{"0":[20],"1":[187],"2":[34]},"fnMap":{"0":{"name":"collectionInput","decl":{"start":{"line":3,"column":31},"end":{"line":8,"column":4}},"loc":{"start":{"line":3,"column":31},"end":{"line":8,"column":4}},"line":3}},"f":{"0":20}}
,"/Users/mateus/Projetos/lucas/form/src/createForm.ts": {"path":"/Users/mateus/Projetos/lucas/form/src/createForm.ts","all":false,"statementMap":{"0":{"start":{"line":1,"column":0},"end":{"line":1,"column":35}},"1":{"start":{"line":2,"column":0},"end":{"line":2,"column":39}},"2":{"start":{"line":3,"column":0},"end":{"line":3,"column":45}},"3":{"start":{"line":4,"column":0},"end":{"line":4,"column":51}},"4":{"start":{"line":5,"column":0},"end":{"line":5,"column":37}},"5":{"start":{"line":6,"column":0},"end":{"line":6,"column":41}},"7":{"start":{"line":8,"column":0},"end":{"line":8,"column":41}},"8":{"start":{"line":9,"column":0},"end":{"line":9,"column":39}},"9":{"start":{"line":10,"column":0},"end":{"line":10,"column":51}},"10":{"start":{"line":11,"column":0},"end":{"line":11,"column":55}},"11":{"start":{"line":12,"column":0},"end":{"line":12,"column":43}},"12":{"start":{"line":13,"column":0},"end":{"line":13,"column":53}},"13":{"start":{"line":14,"column":0},"end":{"line":14,"column":45}},"14":{"start":{"line":15,"column":0},"end":{"line":15,"column":47}},"16":{"start":{"line":17,"column":0},"end":{"line":17,"column":33}},"17":{"start":{"line":18,"column":0},"end":{"line":18,"column":76}},"19":{"start":{"line":20,"column":0},"end":{"line":20,"column":15}},"20":{"start":{"line":21,"column":0},"end":{"line":21,"column":71}},"21":{"start":{"line":22,"column":0},"end":{"line":22,"column":10}},"22":{"start":{"line":23,"column":0},"end":{"line":23,"column":3}},"23":{"start":{"line":24,"column":0},"end":{"line":24,"column":28}},"26":{"start":{"line":27,"column":0},"end":{"line":27,"column":42}},"27":{"start":{"line":28,"column":0},"end":{"line":28,"column":38}},"29":{"start":{"line":30,"column":0},"end":{"line":30,"column":19}},"30":{"start":{"line":31,"column":0},"end":{"line":31,"column":102}},"31":{"start":{"line":32,"column":0},"end":{"line":32,"column":10}},"32":{"start":{"line":33,"column":0},"end":{"line":33,"column":3}},"34":{"start":{"line":35,"column":0},"end":{"line":35,"column":17}},"35":{"start":{"line":36,"column":0},"end":{"line":36,"column":91}},"36":{"start":{"line":37,"column":0},"end":{"line":37,"column":10}},"37":{"start":{"line":38,"column":0},"end":{"line":38,"column":3}},"39":{"start":{"line":40,"column":0},"end":{"line":40,"column":38}},"41":{"start":{"line":42,"column":0},"end":{"line":42,"column":22}},"42":{"start":{"line":43,"column":0},"end":{"line":43,"column":165}},"43":{"start":{"line":44,"column":0},"end":{"line":44,"column":50}},"50":{"start":{"line":51,"column":0},"end":{"line":51,"column":34}},"51":{"start":{"line":52,"column":0},"end":{"line":52,"column":82}},"52":{"start":{"line":53,"column":0},"end":{"line":53,"column":4}},"54":{"start":{"line":55,"column":0},"end":{"line":55,"column":57}},"55":{"start":{"line":56,"column":0},"end":{"line":56,"column":39}},"56":{"start":{"line":57,"column":0},"end":{"line":57,"column":43}},"57":{"start":{"line":58,"column":0},"end":{"line":58,"column":54}},"59":{"start":{"line":60,"column":0},"end":{"line":60,"column":43}},"60":{"start":{"line":61,"column":0},"end":{"line":61,"column":106}},"61":{"start":{"line":62,"column":0},"end":{"line":62,"column":107}},"62":{"start":{"line":63,"column":0},"end":{"line":63,"column":84}},"63":{"start":{"line":64,"column":0},"end":{"line":64,"column":73}},"64":{"start":{"line":65,"column":0},"end":{"line":65,"column":53}},"65":{"start":{"line":66,"column":0},"end":{"line":66,"column":41}},"66":{"start":{"line":67,"column":0},"end":{"line":67,"column":50}},"67":{"start":{"line":68,"column":0},"end":{"line":68,"column":48}},"69":{"start":{"line":70,"column":0},"end":{"line":70,"column":67}},"70":{"start":{"line":71,"column":0},"end":{"line":71,"column":64}},"71":{"start":{"line":72,"column":0},"end":{"line":72,"column":73}},"72":{"start":{"line":73,"column":0},"end":{"line":73,"column":71}},"74":{"start":{"line":75,"column":0},"end":{"line":75,"column":99}},"75":{"start":{"line":76,"column":0},"end":{"line":76,"column":88}},"76":{"start":{"line":77,"column":0},"end":{"line":77,"column":86}},"77":{"start":{"line":78,"column":0},"end":{"line":78,"column":84}},"78":{"start":{"line":79,"column":0},"end":{"line":79,"column":58}},"80":{"start":{"line":81,"column":0},"end":{"line":81,"column":118}},"82":{"start":{"line":83,"column":0},"end":{"line":83,"column":85}},"83":{"start":{"line":84,"column":0},"end":{"line":84,"column":75}},"84":{"start":{"line":85,"column":0},"end":{"line":85,"column":77}},"86":{"start":{"line":87,"column":0},"end":{"line":87,"column":74}},"88":{"start":{"line":89,"column":0},"end":{"line":89,"column":39}},"91":{"start":{"line":92,"column":0},"end":{"line":92,"column":84}},"92":{"start":{"line":93,"column":0},"end":{"line":93,"column":67}},"94":{"start":{"line":95,"column":0},"end":{"line":95,"column":65}},"98":{"start":{"line":99,"column":0},"end":{"line":99,"column":73}},"99":{"start":{"line":100,"column":0},"end":{"line":100,"column":63}},"101":{"start":{"line":102,"column":0},"end":{"line":102,"column":39}},"102":{"start":{"line":103,"column":0},"end":{"line":103,"column":17}},"103":{"start":{"line":104,"column":0},"end":{"line":104,"column":19}},"104":{"start":{"line":105,"column":0},"end":{"line":105,"column":17}},"105":{"start":{"line":106,"column":0},"end":{"line":106,"column":33}},"106":{"start":{"line":107,"column":0},"end":{"line":107,"column":28}},"107":{"start":{"line":108,"column":0},"end":{"line":108,"column":20}},"108":{"start":{"line":109,"column":0},"end":{"line":109,"column":5}},"109":{"start":{"line":110,"column":0},"end":{"line":110,"column":51}},"110":{"start":{"line":111,"column":0},"end":{"line":111,"column":18}},"111":{"start":{"line":112,"column":0},"end":{"line":112,"column":28}},"112":{"start":{"line":113,"column":0},"end":{"line":113,"column":18}},"113":{"start":{"line":114,"column":0},"end":{"line":114,"column":34}},"114":{"start":{"line":115,"column":0},"end":{"line":115,"column":29}},"115":{"start":{"line":116,"column":0},"end":{"line":116,"column":21}},"116":{"start":{"line":117,"column":0},"end":{"line":117,"column":5}},"117":{"start":{"line":118,"column":0},"end":{"line":118,"column":39}},"118":{"start":{"line":119,"column":0},"end":{"line":119,"column":17}},"119":{"start":{"line":120,"column":0},"end":{"line":120,"column":19}},"120":{"start":{"line":121,"column":0},"end":{"line":121,"column":16}},"121":{"start":{"line":122,"column":0},"end":{"line":122,"column":32}},"122":{"start":{"line":123,"column":0},"end":{"line":123,"column":27}},"123":{"start":{"line":124,"column":0},"end":{"line":124,"column":20}},"124":{"start":{"line":125,"column":0},"end":{"line":125,"column":72}},"125":{"start":{"line":126,"column":0},"end":{"line":126,"column":5}},"126":{"start":{"line":127,"column":0},"end":{"line":127,"column":39}},"127":{"start":{"line":128,"column":0},"end":{"line":128,"column":17}},"128":{"start":{"line":129,"column":0},"end":{"line":129,"column":19}},"129":{"start":{"line":130,"column":0},"end":{"line":130,"column":18}},"130":{"start":{"line":131,"column":0},"end":{"line":131,"column":34}},"131":{"start":{"line":132,"column":0},"end":{"line":132,"column":29}},"132":{"start":{"line":133,"column":0},"end":{"line":133,"column":22}},"133":{"start":{"line":134,"column":0},"end":{"line":134,"column":38}},"134":{"start":{"line":135,"column":0},"end":{"line":135,"column":5}},"135":{"start":{"line":136,"column":0},"end":{"line":136,"column":26}},"136":{"start":{"line":137,"column":0},"end":{"line":137,"column":58}},"137":{"start":{"line":138,"column":0},"end":{"line":138,"column":36}},"138":{"start":{"line":139,"column":0},"end":{"line":139,"column":35}},"140":{"start":{"line":141,"column":0},"end":{"line":141,"column":163}},"146":{"start":{"line":147,"column":0},"end":{"line":147,"column":28}},"149":{"start":{"line":150,"column":0},"end":{"line":150,"column":12}},"152":{"start":{"line":153,"column":0},"end":{"line":153,"column":80}},"153":{"start":{"line":154,"column":0},"end":{"line":154,"column":84}},"154":{"start":{"line":155,"column":0},"end":{"line":155,"column":82}},"155":{"start":{"line":156,"column":0},"end":{"line":156,"column":98}},"158":{"start":{"line":159,"column":0},"end":{"line":159,"column":19}},"159":{"start":{"line":160,"column":0},"end":{"line":160,"column":23}},"162":{"start":{"line":163,"column":0},"end":{"line":163,"column":21}},"163":{"start":{"line":164,"column":0},"end":{"line":164,"column":20}},"164":{"start":{"line":165,"column":0},"end":{"line":165,"column":27}},"165":{"start":{"line":166,"column":0},"end":{"line":166,"column":13}},"166":{"start":{"line":167,"column":0},"end":{"line":167,"column":18}},"167":{"start":{"line":168,"column":0},"end":{"line":168,"column":18}},"168":{"start":{"line":169,"column":0},"end":{"line":169,"column":4}},"169":{"start":{"line":170,"column":0},"end":{"line":170,"column":21}},"170":{"start":{"line":171,"column":0},"end":{"line":171,"column":22}},"171":{"start":{"line":172,"column":0},"end":{"line":172,"column":35}},"172":{"start":{"line":173,"column":0},"end":{"line":173,"column":13}},"173":{"start":{"line":174,"column":0},"end":{"line":174,"column":18}},"174":{"start":{"line":175,"column":0},"end":{"line":175,"column":18}},"175":{"start":{"line":176,"column":0},"end":{"line":176,"column":4}},"176":{"start":{"line":177,"column":0},"end":{"line":177,"column":21}},"177":{"start":{"line":178,"column":0},"end":{"line":178,"column":21}},"178":{"start":{"line":179,"column":0},"end":{"line":179,"column":28}},"179":{"start":{"line":180,"column":0},"end":{"line":180,"column":13}},"180":{"start":{"line":181,"column":0},"end":{"line":181,"column":18}},"181":{"start":{"line":182,"column":0},"end":{"line":182,"column":18}},"182":{"start":{"line":183,"column":0},"end":{"line":183,"column":4}},"184":{"start":{"line":185,"column":0},"end":{"line":185,"column":19}},"185":{"start":{"line":186,"column":0},"end":{"line":186,"column":23}},"186":{"start":{"line":187,"column":0},"end":{"line":187,"column":25}},"187":{"start":{"line":188,"column":0},"end":{"line":188,"column":31}},"188":{"start":{"line":189,"column":0},"end":{"line":189,"column":15}},"189":{"start":{"line":190,"column":0},"end":{"line":190,"column":20}},"190":{"start":{"line":191,"column":0},"end":{"line":191,"column":19}},"191":{"start":{"line":192,"column":0},"end":{"line":192,"column":6}},"192":{"start":{"line":193,"column":0},"end":{"line":193,"column":3}},"195":{"start":{"line":196,"column":0},"end":{"line":196,"column":45}},"196":{"start":{"line":197,"column":0},"end":{"line":197,"column":9}},"197":{"start":{"line":198,"column":0},"end":{"line":198,"column":13}},"198":{"start":{"line":199,"column":0},"end":{"line":199,"column":17}},"199":{"start":{"line":200,"column":0},"end":{"line":200,"column":3}},"200":{"start":{"line":201,"column":0},"end":{"line":201,"column":35}},"201":{"start":{"line":202,"column":0},"end":{"line":202,"column":1}}},"s":{"0":1,"1":1,"2":1,"3":1,"4":1,"5":1,"7":1,"8":1,"9":1,"10":1,"11":1,"12":1,"13":1,"14":1,"16":1,"17":23,"19":23,"20":1,"21":1,"22":1,"23":22,"26":23,"27":23,"29":23,"30":1,"31":1,"32":1,"34":23,"35":1,"36":1,"37":1,"39":20,"41":20,"42":20,"43":20,"50":20,"51":94,"52":20,"54":20,"55":20,"56":23,"57":23,"59":23,"60":23,"61":23,"62":23,"63":23,"64":23,"65":23,"66":23,"67":23,"69":23,"70":23,"71":23,"72":23,"74":23,"75":23,"76":23,"77":23,"78":23,"80":23,"82":23,"83":23,"84":23,"86":23,"88":23,"91":23,"92":23,"94":23,"98":23,"99":23,"101":23,"102":23,"103":23,"104":23,"105":23,"106":23,"107":23,"108":23,"109":23,"110":16,"111":16,"112":16,"113":16,"114":16,"115":16,"116":23,"117":23,"118":23,"119":23,"120":23,"121":23,"122":23,"123":23,"124":23,"125":23,"126":23,"127":23,"128":23,"129":23,"130":23,"131":23,"132":23,"133":23,"134":23,"135":23,"136":23,"137":23,"138":23,"140":23,"146":23,"149":23,"152":23,"153":23,"154":23,"155":23,"158":23,"159":23,"162":23,"163":23,"164":23,"165":23,"166":23,"167":23,"168":23,"169":23,"170":23,"171":23,"172":23,"173":23,"174":23,"175":23,"176":23,"177":23,"178":23,"179":23,"180":23,"181":23,"182":23,"184":23,"185":16,"186":16,"187":16,"188":16,"189":16,"190":16,"191":16,"192":16,"195":20,"196":20,"197":20,"198":20,"199":20,"200":20,"201":20},"branchMap":{"0":{"type":"branch","line":17,"loc":{"start":{"line":17,"column":26},"end":{"line":202,"column":1}},"locations":[{"start":{"line":17,"column":26},"end":{"line":202,"column":1}}]},"1":{"type":"branch","line":20,"loc":{"start":{"line":20,"column":14},"end":{"line":23,"column":3}},"locations":[{"start":{"line":20,"column":14},"end":{"line":23,"column":3}}]},"2":{"type":"branch","line":23,"loc":{"start":{"line":23,"column":2},"end":{"line":27,"column":36}},"locations":[{"start":{"line":23,"column":2},"end":{"line":27,"column":36}}]},"3":{"type":"branch","line":27,"loc":{"start":{"line":27,"column":25},"end":{"line":27,"column":42}},"locations":[{"start":{"line":27,"column":25},"end":{"line":27,"column":42}}]},"4":{"type":"branch","line":28,"loc":{"start":{"line":28,"column":23},"end":{"line":28,"column":38}},"locations":[{"start":{"line":28,"column":23},"end":{"line":28,"column":38}}]},"5":{"type":"branch","line":30,"loc":{"start":{"line":30,"column":18},"end":{"line":33,"column":3}},"locations":[{"start":{"line":30,"column":18},"end":{"line":33,"column":3}}]},"6":{"type":"branch","line":33,"loc":{"start":{"line":33,"column":2},"end":{"line":35,"column":16}},"locations":[{"start":{"line":33,"column":2},"end":{"line":35,"column":16}}]},"7":{"type":"branch","line":35,"loc":{"start":{"line":35,"column":16},"end":{"line":38,"column":3}},"locations":[{"start":{"line":35,"column":16},"end":{"line":38,"column":3}}]},"8":{"type":"branch","line":38,"loc":{"start":{"line":38,"column":2},"end":{"line":47,"column":25}},"locations":[{"start":{"line":38,"column":2},"end":{"line":47,"column":25}}]},"9":{"type":"branch","line":47,"loc":{"start":{"line":47,"column":25},"end":{"line":49,"column":3}},"locations":[{"start":{"line":47,"column":25},"end":{"line":49,"column":3}}]},"10":{"type":"branch","line":49,"loc":{"start":{"line":49,"column":2},"end":{"line":56,"column":39}},"locations":[{"start":{"line":49,"column":2},"end":{"line":56,"column":39}}]},"11":{"type":"branch","line":60,"loc":{"start":{"line":60,"column":23},"end":{"line":60,"column":43}},"locations":[{"start":{"line":60,"column":23},"end":{"line":60,"column":43}}]},"12":{"type":"branch","line":61,"loc":{"start":{"line":61,"column":27},"end":{"line":61,"column":106}},"locations":[{"start":{"line":61,"column":27},"end":{"line":61,"column":106}}]},"13":{"type":"branch","line":62,"loc":{"start":{"line":62,"column":26},"end":{"line":62,"column":107}},"locations":[{"start":{"line":62,"column":26},"end":{"line":62,"column":107}}]},"14":{"type":"branch","line":63,"loc":{"start":{"line":63,"column":27},"end":{"line":63,"column":84}},"locations":[{"start":{"line":63,"column":27},"end":{"line":63,"column":84}}]},"15":{"type":"branch","line":64,"loc":{"start":{"line":64,"column":25},"end":{"line":64,"column":73}},"locations":[{"start":{"line":64,"column":25},"end":{"line":64,"column":73}}]},"16":{"type":"branch","line":65,"loc":{"start":{"line":65,"column":25},"end":{"line":65,"column":53}},"locations":[{"start":{"line":65,"column":25},"end":{"line":65,"column":53}}]},"17":{"type":"branch","line":66,"loc":{"start":{"line":66,"column":24},"end":{"line":66,"column":41}},"locations":[{"start":{"line":66,"column":24},"end":{"line":66,"column":41}}]},"18":{"type":"branch","line":67,"loc":{"start":{"line":67,"column":26},"end":{"line":67,"column":50}},"locations":[{"start":{"line":67,"column":26},"end":{"line":67,"column":50}}]},"19":{"type":"branch","line":68,"loc":{"start":{"line":68,"column":26},"end":{"line":68,"column":48}},"locations":[{"start":{"line":68,"column":26},"end":{"line":68,"column":48}}]},"20":{"type":"branch","line":70,"loc":{"start":{"line":70,"column":25},"end":{"line":70,"column":67}},"locations":[{"start":{"line":70,"column":25},"end":{"line":70,"column":67}}]},"21":{"type":"branch","line":71,"loc":{"start":{"line":71,"column":24},"end":{"line":71,"column":64}},"locations":[{"start":{"line":71,"column":24},"end":{"line":71,"column":64}}]},"22":{"type":"branch","line":72,"loc":{"start":{"line":72,"column":26},"end":{"line":72,"column":73}},"locations":[{"start":{"line":72,"column":26},"end":{"line":72,"column":73}}]},"23":{"type":"branch","line":73,"loc":{"start":{"line":73,"column":26},"end":{"line":73,"column":71}},"locations":[{"start":{"line":73,"column":26},"end":{"line":73,"column":71}}]},"24":{"type":"branch","line":75,"loc":{"start":{"line":75,"column":27},"end":{"line":75,"column":97}},"locations":[{"start":{"line":75,"column":27},"end":{"line":75,"column":97}}]},"25":{"type":"branch","line":75,"loc":{"start":{"line":75,"column":69},"end":{"line":75,"column":99}},"locations":[{"start":{"line":75,"column":69},"end":{"line":75,"column":99}}]},"26":{"type":"branch","line":76,"loc":{"start":{"line":76,"column":26},"end":{"line":76,"column":86}},"locations":[{"start":{"line":76,"column":26},"end":{"line":76,"column":86}}]},"27":{"type":"branch","line":76,"loc":{"start":{"line":76,"column":49},"end":{"line":76,"column":86}},"locations":[{"start":{"line":76,"column":49},"end":{"line":76,"column":86}}]},"28":{"type":"branch","line":76,"loc":{"start":{"line":76,"column":67},"end":{"line":76,"column":88}},"locations":[{"start":{"line":76,"column":67},"end":{"line":76,"column":88}}]},"29":{"type":"branch","line":77,"loc":{"start":{"line":77,"column":28},"end":{"line":77,"column":84}},"locations":[{"start":{"line":77,"column":28},"end":{"line":77,"column":84}}]},"30":{"type":"branch","line":77,"loc":{"start":{"line":77,"column":51},"end":{"line":77,"column":84}},"locations":[{"start":{"line":77,"column":51},"end":{"line":77,"column":84}}]},"31":{"type":"branch","line":77,"loc":{"start":{"line":77,"column":71},"end":{"line":77,"column":86}},"locations":[{"start":{"line":77,"column":71},"end":{"line":77,"column":86}}]},"32":{"type":"branch","line":78,"loc":{"start":{"line":78,"column":28},"end":{"line":78,"column":82}},"locations":[{"start":{"line":78,"column":28},"end":{"line":78,"column":82}}]},"33":{"type":"branch","line":78,"loc":{"start":{"line":78,"column":51},"end":{"line":78,"column":82}},"locations":[{"start":{"line":78,"column":51},"end":{"line":78,"column":82}}]},"34":{"type":"branch","line":78,"loc":{"start":{"line":78,"column":71},"end":{"line":78,"column":84}},"locations":[{"start":{"line":78,"column":71},"end":{"line":78,"column":84}}]},"35":{"type":"branch","line":79,"loc":{"start":{"line":79,"column":27},"end":{"line":79,"column":58}},"locations":[{"start":{"line":79,"column":27},"end":{"line":79,"column":58}}]},"36":{"type":"branch","line":81,"loc":{"start":{"line":81,"column":26},"end":{"line":81,"column":118}},"locations":[{"start":{"line":81,"column":26},"end":{"line":81,"column":118}}]},"37":{"type":"branch","line":83,"loc":{"start":{"line":83,"column":28},"end":{"line":83,"column":85}},"locations":[{"start":{"line":83,"column":28},"end":{"line":83,"column":85}}]},"38":{"type":"branch","line":84,"loc":{"start":{"line":84,"column":32},"end":{"line":84,"column":75}},"locations":[{"start":{"line":84,"column":32},"end":{"line":84,"column":75}}]},"39":{"type":"branch","line":85,"loc":{"start":{"line":85,"column":32},"end":{"line":85,"column":77}},"locations":[{"start":{"line":85,"column":32},"end":{"line":85,"column":77}}]},"40":{"type":"branch","line":110,"loc":{"start":{"line":110,"column":14},"end":{"line":117,"column":4}},"locations":[{"start":{"line":110,"column":14},"end":{"line":117,"column":4}}]},"41":{"type":"branch","line":156,"loc":{"start":{"line":156,"column":89},"end":{"line":156,"column":98}},"locations":[{"start":{"line":156,"column":89},"end":{"line":156,"column":98}}]},"42":{"type":"branch","line":185,"loc":{"start":{"line":185,"column":18},"end":{"line":193,"column":3}},"locations":[{"start":{"line":185,"column":18},"end":{"line":193,"column":3}}]},"43":{"type":"branch","line":193,"loc":{"start":{"line":193,"column":2},"end":{"line":202,"column":1}},"locations":[{"start":{"line":193,"column":2},"end":{"line":202,"column":1}}]},"44":{"type":"branch","line":51,"loc":{"start":{"line":51,"column":13},"end":{"line":53,"column":3}},"locations":[{"start":{"line":51,"column":13},"end":{"line":53,"column":3}}]}},"b":{"0":[23],"1":[1],"2":[22],"3":[21],"4":[20],"5":[1],"6":[21],"7":[1],"8":[20],"9":[1],"10":[1],"11":[20],"12":[19],"13":[20],"14":[20],"15":[20],"16":[1],"17":[1],"18":[2],"19":[18],"20":[20],"21":[20],"22":[20],"23":[20],"24":[19],"25":[1],"26":[19],"27":[18],"28":[1],"29":[19],"30":[3],"31":[1],"32":[19],"33":[3],"34":[1],"35":[3],"36":[20],"37":[20],"38":[20],"39":[20],"40":[16],"41":[4],"42":[16],"43":[20],"44":[94]},"fnMap":{"0":{"name":"createForm","decl":{"start":{"line":17,"column":26},"end":{"line":202,"column":1}},"loc":{"start":{"line":17,"column":26},"end":{"line":202,"column":1}},"line":17}},"f":{"0":23}}
,"/Users/mateus/Projetos/lucas/form/src/filterObject.ts": {"path":"/Users/mateus/Projetos/lucas/form/src/filterObject.ts","all":false,"statementMap":{"0":{"start":{"line":1,"column":0},"end":{"line":1,"column":65}},"2":{"start":{"line":3,"column":0},"end":{"line":3,"column":217}},"4":{"start":{"line":5,"column":0},"end":{"line":5,"column":38}},"5":{"start":{"line":6,"column":0},"end":{"line":6,"column":94}},"6":{"start":{"line":7,"column":0},"end":{"line":7,"column":20}},"7":{"start":{"line":8,"column":0},"end":{"line":8,"column":26}},"8":{"start":{"line":9,"column":0},"end":{"line":9,"column":31}},"9":{"start":{"line":10,"column":0},"end":{"line":10,"column":38}},"10":{"start":{"line":11,"column":0},"end":{"line":11,"column":26}},"11":{"start":{"line":12,"column":0},"end":{"line":12,"column":16}},"12":{"start":{"line":13,"column":0},"end":{"line":13,"column":10}},"14":{"start":{"line":15,"column":0},"end":{"line":15,"column":14}},"15":{"start":{"line":16,"column":0},"end":{"line":16,"column":1}}},"s":{"0":1,"2":3,"4":3,"5":3,"6":3,"7":8,"8":3,"9":8,"10":8,"11":8,"12":3,"14":3,"15":3},"branchMap":{"0":{"type":"branch","line":1,"loc":{"start":{"line":1,"column":28},"end":{"line":16,"column":1}},"locations":[{"start":{"line":1,"column":28},"end":{"line":16,"column":1}}]},"1":{"type":"branch","line":6,"loc":{"start":{"line":6,"column":12},"end":{"line":6,"column":93}},"locations":[{"start":{"line":6,"column":12},"end":{"line":6,"column":93}}]},"2":{"type":"branch","line":7,"loc":{"start":{"line":7,"column":9},"end":{"line":9,"column":6}},"locations":[{"start":{"line":7,"column":9},"end":{"line":9,"column":6}}]},"3":{"type":"branch","line":9,"loc":{"start":{"line":9,"column":15},"end":{"line":13,"column":7}},"locations":[{"start":{"line":9,"column":15},"end":{"line":13,"column":7}}]}},"b":{"0":[3],"1":[36],"2":[8],"3":[8]},"fnMap":{"0":{"name":"filterObject","decl":{"start":{"line":1,"column":28},"end":{"line":16,"column":1}},"loc":{"start":{"line":1,"column":28},"end":{"line":16,"column":1}},"line":1}},"f":{"0":3}}
,"/Users/mateus/Projetos/lucas/form/src/isValidURL.ts": {"path":"/Users/mateus/Projetos/lucas/form/src/isValidURL.ts","all":false,"statementMap":{"0":{"start":{"line":1,"column":0},"end":{"line":1,"column":65}},"1":{"start":{"line":2,"column":0},"end":{"line":2,"column":13}},"2":{"start":{"line":3,"column":0},"end":{"line":3,"column":16}},"3":{"start":{"line":4,"column":0},"end":{"line":4,"column":3}},"4":{"start":{"line":5,"column":0},"end":{"line":5,"column":27}},"5":{"start":{"line":6,"column":0},"end":{"line":6,"column":49}},"10":{"start":{"line":11,"column":0},"end":{"line":11,"column":49}},"11":{"start":{"line":12,"column":0},"end":{"line":12,"column":3}},"13":{"start":{"line":14,"column":0},"end":{"line":14,"column":26}},"14":{"start":{"line":15,"column":0},"end":{"line":15,"column":1}}},"s":{"0":1,"1":5,"2":1,"3":1,"4":4,"5":4,"10":4,"11":4,"13":4,"14":4},"branchMap":{"0":{"type":"branch","line":1,"loc":{"start":{"line":1,"column":26},"end":{"line":15,"column":1}},"locations":[{"start":{"line":1,"column":26},"end":{"line":15,"column":1}}]},"1":{"type":"branch","line":2,"loc":{"start":{"line":2,"column":12},"end":{"line":4,"column":3}},"locations":[{"start":{"line":2,"column":12},"end":{"line":4,"column":3}}]},"2":{"type":"branch","line":4,"loc":{"start":{"line":4,"column":2},"end":{"line":15,"column":1}},"locations":[{"start":{"line":4,"column":2},"end":{"line":15,"column":1}}]}},"b":{"0":[5],"1":[1],"2":[4]},"fnMap":{"0":{"name":"isValidURL","decl":{"start":{"line":1,"column":26},"end":{"line":15,"column":1}},"loc":{"start":{"line":1,"column":26},"end":{"line":15,"column":1}},"line":1}},"f":{"0":5}}
,"/Users/mateus/Projetos/lucas/form/src/loadingBox.ts": {"path":"/Users/mateus/Projetos/lucas/form/src/loadingBox.ts","all":false,"statementMap":{"0":{"start":{"line":1,"column":0},"end":{"line":1,"column":30}},"1":{"start":{"line":2,"column":0},"end":{"line":2,"column":68}},"3":{"start":{"line":4,"column":0},"end":{"line":4,"column":63}},"4":{"start":{"line":5,"column":0},"end":{"line":5,"column":64}},"6":{"start":{"line":7,"column":0},"end":{"line":7,"column":78}},"9":{"start":{"line":10,"column":0},"end":{"line":10,"column":10}},"10":{"start":{"line":11,"column":0},"end":{"line":11,"column":38}},"11":{"start":{"line":12,"column":0},"end":{"line":12,"column":3}},"12":{"start":{"line":13,"column":0},"end":{"line":13,"column":1}}},"s":{"0":1,"1":23,"3":23,"4":23,"6":23,"9":23,"10":23,"11":23,"12":23},"branchMap":{"0":{"type":"branch","line":1,"loc":{"start":{"line":1,"column":7},"end":{"line":13,"column":1}},"locations":[{"start":{"line":1,"column":7},"end":{"line":13,"column":1}}]},"1":{"type":"branch","line":4,"loc":{"start":{"line":4,"column":23},"end":{"line":4,"column":63}},"locations":[{"start":{"line":4,"column":23},"end":{"line":4,"column":63}}]},"2":{"type":"branch","line":5,"loc":{"start":{"line":5,"column":21},"end":{"line":5,"column":64}},"locations":[{"start":{"line":5,"column":21},"end":{"line":5,"column":64}}]}},"b":{"0":[23],"1":[2],"2":[1]},"fnMap":{"0":{"name":"loadingBox","decl":{"start":{"line":1,"column":7},"end":{"line":13,"column":1}},"loc":{"start":{"line":1,"column":7},"end":{"line":13,"column":1}},"line":1},"1":{"name":"startLoading","decl":{"start":{"line":4,"column":23},"end":{"line":4,"column":63}},"loc":{"start":{"line":4,"column":23},"end":{"line":4,"column":63}},"line":4},"2":{"name":"endLoading","decl":{"start":{"line":5,"column":21},"end":{"line":5,"column":64}},"loc":{"start":{"line":5,"column":21},"end":{"line":5,"column":64}},"line":5}},"f":{"0":23,"1":2,"2":1}}
,"/Users/mateus/Projetos/lucas/form/src/main.ts": {"path":"/Users/mateus/Projetos/lucas/form/src/main.ts","all":true,"statementMap":{},"s":{},"branchMap":{"0":{"type":"branch","line":1,"loc":{"start":{"line":1,"column":156},"end":{"line":6,"column":12}},"locations":[{"start":{"line":1,"column":156},"end":{"line":6,"column":12}}]}},"b":{"0":[1]},"fnMap":{"0":{"name":"(empty-report)","decl":{"start":{"line":1,"column":156},"end":{"line":6,"column":12}},"loc":{"start":{"line":1,"column":156},"end":{"line":6,"column":12}},"line":1}},"f":{"0":1}}
,"/Users/mateus/Projetos/lucas/form/src/maskCPF.ts": {"path":"/Users/mateus/Projetos/lucas/form/src/maskCPF.ts","all":false,"statementMap":{"0":{"start":{"line":1,"column":0},"end":{"line":1,"column":56}},"2":{"start":{"line":3,"column":0},"end":{"line":3,"column":41}},"3":{"start":{"line":4,"column":0},"end":{"line":4,"column":46}},"4":{"start":{"line":5,"column":0},"end":{"line":5,"column":43}},"5":{"start":{"line":6,"column":0},"end":{"line":6,"column":39}},"6":{"start":{"line":7,"column":0},"end":{"line":7,"column":46}},"7":{"start":{"line":8,"column":0},"end":{"line":8,"column":30}},"8":{"start":{"line":9,"column":0},"end":{"line":9,"column":23}},"9":{"start":{"line":10,"column":0},"end":{"line":10,"column":28}},"10":{"start":{"line":11,"column":0},"end":{"line":11,"column":34}},"11":{"start":{"line":12,"column":0},"end":{"line":12,"column":34}},"12":{"start":{"line":13,"column":0},"end":{"line":13,"column":34}},"13":{"start":{"line":14,"column":0},"end":{"line":14,"column":21}},"14":{"start":{"line":15,"column":0},"end":{"line":15,"column":8}},"15":{"start":{"line":16,"column":0},"end":{"line":16,"column":4}},"16":{"start":{"line":17,"column":0},"end":{"line":17,"column":1}}},"s":{"0":1,"2":20,"3":22,"4":22,"5":22,"6":22,"7":22,"8":22,"9":22,"10":22,"11":22,"12":22,"13":22,"14":22,"15":20,"16":20},"branchMap":{"0":{"type":"branch","line":1,"loc":{"start":{"line":1,"column":7},"end":{"line":17,"column":1}},"locations":[{"start":{"line":1,"column":7},"end":{"line":17,"column":1}}]},"1":{"type":"branch","line":3,"loc":{"start":{"line":3,"column":34},"end":{"line":16,"column":3}},"locations":[{"start":{"line":3,"column":34},"end":{"line":16,"column":3}}]},"2":{"type":"branch","line":8,"loc":{"start":{"line":8,"column":6},"end":{"line":15,"column":7}},"locations":[{"start":{"line":8,"column":6},"end":{"line":15,"column":7}}]},"3":{"type":"branch","line":11,"loc":{"start":{"line":11,"column":16},"end":{"line":11,"column":34}},"locations":[{"start":{"line":11,"column":16},"end":{"line":11,"column":34}}]},"4":{"type":"branch","line":12,"loc":{"start":{"line":12,"column":16},"end":{"line":12,"column":34}},"locations":[{"start":{"line":12,"column":16},"end":{"line":12,"column":34}}]},"5":{"type":"branch","line":13,"loc":{"start":{"line":13,"column":16},"end":{"line":13,"column":34}},"locations":[{"start":{"line":13,"column":16},"end":{"line":13,"column":34}}]}},"b":{"0":[20],"1":[22],"2":[22],"3":[16],"4":[10],"5":[4]},"fnMap":{"0":{"name":"maskCPF","decl":{"start":{"line":1,"column":7},"end":{"line":17,"column":1}},"loc":{"start":{"line":1,"column":7},"end":{"line":17,"column":1}},"line":1}},"f":{"0":20}}
,"/Users/mateus/Projetos/lucas/form/src/maskPhone.ts": {"path":"/Users/mateus/Projetos/lucas/form/src/maskPhone.ts","all":false,"statementMap":{"0":{"start":{"line":1,"column":0},"end":{"line":1,"column":58}},"1":{"start":{"line":2,"column":0},"end":{"line":2,"column":41}},"2":{"start":{"line":3,"column":0},"end":{"line":3,"column":46}},"4":{"start":{"line":5,"column":0},"end":{"line":5,"column":28}},"5":{"start":{"line":6,"column":0},"end":{"line":6,"column":32}},"6":{"start":{"line":7,"column":0},"end":{"line":7,"column":5}},"8":{"start":{"line":9,"column":0},"end":{"line":9,"column":27}},"10":{"start":{"line":11,"column":0},"end":{"line":11,"column":27}},"11":{"start":{"line":12,"column":0},"end":{"line":12,"column":46}},"13":{"start":{"line":14,"column":0},"end":{"line":14,"column":29}},"14":{"start":{"line":15,"column":0},"end":{"line":15,"column":74}},"16":{"start":{"line":17,"column":0},"end":{"line":17,"column":57}},"17":{"start":{"line":18,"column":0},"end":{"line":18,"column":72}},"18":{"start":{"line":19,"column":0},"end":{"line":19,"column":9}},"19":{"start":{"line":20,"column":0},"end":{"line":20,"column":7}},"20":{"start":{"line":21,"column":0},"end":{"line":21,"column":5}},"22":{"start":{"line":23,"column":0},"end":{"line":23,"column":32}},"23":{"start":{"line":24,"column":0},"end":{"line":24,"column":4}},"24":{"start":{"line":25,"column":0},"end":{"line":25,"column":1}}},"s":{"0":1,"1":22,"2":36,"4":36,"5":1,"6":1,"8":36,"10":36,"11":36,"13":36,"14":30,"16":30,"17":17,"18":17,"19":30,"20":36,"22":36,"23":22,"24":22},"branchMap":{"0":{"type":"branch","line":1,"loc":{"start":{"line":1,"column":7},"end":{"line":25,"column":1}},"locations":[{"start":{"line":1,"column":7},"end":{"line":25,"column":1}}]},"1":{"type":"branch","line":2,"loc":{"start":{"line":2,"column":34},"end":{"line":24,"column":3}},"locations":[{"start":{"line":2,"column":34},"end":{"line":24,"column":3}}]},"2":{"type":"branch","line":5,"loc":{"start":{"line":5,"column":27},"end":{"line":7,"column":5}},"locations":[{"start":{"line":5,"column":27},"end":{"line":7,"column":5}}]},"3":{"type":"branch","line":14,"loc":{"start":{"line":14,"column":28},"end":{"line":20,"column":7}},"locations":[{"start":{"line":14,"column":28},"end":{"line":20,"column":7}}]},"4":{"type":"branch","line":15,"loc":{"start":{"line":15,"column":63},"end":{"line":15,"column":72}},"locations":[{"start":{"line":15,"column":63},"end":{"line":15,"column":72}}]},"5":{"type":"branch","line":15,"loc":{"start":{"line":15,"column":68},"end":{"line":15,"column":73}},"locations":[{"start":{"line":15,"column":68},"end":{"line":15,"column":73}}]},"6":{"type":"branch","line":17,"loc":{"start":{"line":17,"column":43},"end":{"line":17,"column":52}},"locations":[{"start":{"line":17,"column":43},"end":{"line":17,"column":52}}]},"7":{"type":"branch","line":17,"loc":{"start":{"line":17,"column":48},"end":{"line":17,"column":56}},"locations":[{"start":{"line":17,"column":48},"end":{"line":17,"column":56}}]},"8":{"type":"branch","line":17,"loc":{"start":{"line":17,"column":56},"end":{"line":19,"column":9}},"locations":[{"start":{"line":17,"column":56},"end":{"line":19,"column":9}}]},"9":{"type":"branch","line":18,"loc":{"start":{"line":18,"column":61},"end":{"line":18,"column":70}},"locations":[{"start":{"line":18,"column":61},"end":{"line":18,"column":70}}]},"10":{"type":"branch","line":18,"loc":{"start":{"line":18,"column":66},"end":{"line":18,"column":71}},"locations":[{"start":{"line":18,"column":66},"end":{"line":18,"column":71}}]}},"b":{"0":[22],"1":[36],"2":[1],"3":[30],"4":[4],"5":[26],"6":[4],"7":[26],"8":[17],"9":[4],"10":[13]},"fnMap":{"0":{"name":"maskPhone","decl":{"start":{"line":1,"column":7},"end":{"line":25,"column":1}},"loc":{"start":{"line":1,"column":7},"end":{"line":25,"column":1}},"line":1}},"f":{"0":22}}
,"/Users/mateus/Projetos/lucas/form/src/modalBox.ts": {"path":"/Users/mateus/Projetos/lucas/form/src/modalBox.ts","all":false,"statementMap":{"0":{"start":{"line":1,"column":0},"end":{"line":1,"column":49}},"2":{"start":{"line":3,"column":0},"end":{"line":3,"column":34}},"3":{"start":{"line":4,"column":0},"end":{"line":4,"column":61}},"4":{"start":{"line":5,"column":0},"end":{"line":5,"column":70}},"5":{"start":{"line":6,"column":0},"end":{"line":6,"column":67}},"6":{"start":{"line":7,"column":0},"end":{"line":7,"column":74}},"7":{"start":{"line":8,"column":0},"end":{"line":8,"column":37}},"8":{"start":{"line":9,"column":0},"end":{"line":9,"column":55}},"9":{"start":{"line":10,"column":0},"end":{"line":10,"column":28}},"10":{"start":{"line":11,"column":0},"end":{"line":11,"column":36}},"11":{"start":{"line":12,"column":0},"end":{"line":12,"column":23}},"12":{"start":{"line":13,"column":0},"end":{"line":13,"column":6}},"13":{"start":{"line":14,"column":0},"end":{"line":14,"column":4}},"14":{"start":{"line":15,"column":0},"end":{"line":15,"column":58}},"15":{"start":{"line":16,"column":0},"end":{"line":16,"column":26}},"16":{"start":{"line":17,"column":0},"end":{"line":17,"column":38}},"17":{"start":{"line":18,"column":0},"end":{"line":18,"column":72}},"19":{"start":{"line":20,"column":0},"end":{"line":20,"column":87}},"20":{"start":{"line":21,"column":0},"end":{"line":21,"column":78}},"21":{"start":{"line":22,"column":0},"end":{"line":22,"column":4}},"22":{"start":{"line":23,"column":0},"end":{"line":23,"column":1}}},"s":{"0":1,"2":1,"3":20,"4":20,"5":20,"6":20,"7":20,"8":34,"9":2,"10":2,"11":2,"12":34,"13":20,"14":20,"15":1,"16":1,"17":1,"19":1,"20":1,"21":20,"22":20},"branchMap":{"0":{"type":"branch","line":3,"loc":{"start":{"line":3,"column":7},"end":{"line":23,"column":1}},"locations":[{"start":{"line":3,"column":7},"end":{"line":23,"column":1}}]},"1":{"type":"branch","line":8,"loc":{"start":{"line":8,"column":24},"end":{"line":14,"column":3}},"locations":[{"start":{"line":8,"column":24},"end":{"line":14,"column":3}}]},"2":{"type":"branch","line":9,"loc":{"start":{"line":9,"column":37},"end":{"line":13,"column":5}},"locations":[{"start":{"line":9,"column":37},"end":{"line":13,"column":5}}]},"3":{"type":"branch","line":15,"loc":{"start":{"line":15,"column":40},"end":{"line":22,"column":3}},"locations":[{"start":{"line":15,"column":40},"end":{"line":22,"column":3}}]},"4":{"type":"branch","line":21,"loc":{"start":{"line":21,"column":19},"end":{"line":21,"column":77}},"locations":[{"start":{"line":21,"column":19},"end":{"line":21,"column":77}}]}},"b":{"0":[20],"1":[34],"2":[2],"3":[1],"4":[4]},"fnMap":{"0":{"name":"modalBox","decl":{"start":{"line":3,"column":7},"end":{"line":23,"column":1}},"loc":{"start":{"line":3,"column":7},"end":{"line":23,"column":1}},"line":3}},"f":{"0":20}}
,"/Users/mateus/Projetos/lucas/form/src/processForm.ts": {"path":"/Users/mateus/Projetos/lucas/form/src/processForm.ts","all":false,"statementMap":{},"s":{},"branchMap":{"0":{"type":"branch","line":5,"loc":{"start":{"line":5,"column":27},"end":{"line":30,"column":1}},"locations":[{"start":{"line":5,"column":27},"end":{"line":30,"column":1}}]},"1":{"type":"branch","line":29,"loc":{"start":{"line":29,"column":5},"end":{"line":30,"column":1}},"locations":[{"start":{"line":29,"column":5},"end":{"line":30,"column":1}}]}},"b":{"0":[1],"1":[1]},"fnMap":{"0":{"name":"processForm","decl":{"start":{"line":5,"column":27},"end":{"line":30,"column":1}},"loc":{"start":{"line":5,"column":27},"end":{"line":30,"column":1}},"line":5}},"f":{"0":1}}
,"/Users/mateus/Projetos/lucas/form/src/resultBox.ts": {"path":"/Users/mateus/Projetos/lucas/form/src/resultBox.ts","all":false,"statementMap":{"0":{"start":{"line":1,"column":0},"end":{"line":1,"column":29}},"1":{"start":{"line":2,"column":0},"end":{"line":2,"column":66}},"3":{"start":{"line":4,"column":0},"end":{"line":4,"column":55}},"4":{"start":{"line":5,"column":0},"end":{"line":5,"column":56}},"5":{"start":{"line":6,"column":0},"end":{"line":6,"column":74}},"6":{"start":{"line":7,"column":0},"end":{"line":7,"column":72}},"8":{"start":{"line":9,"column":0},"end":{"line":9,"column":76}},"15":{"start":{"line":16,"column":0},"end":{"line":16,"column":10}},"16":{"start":{"line":17,"column":0},"end":{"line":17,"column":37}},"17":{"start":{"line":18,"column":0},"end":{"line":18,"column":3}},"18":{"start":{"line":19,"column":0},"end":{"line":19,"column":1}}},"s":{"0":1,"1":28,"3":28,"4":28,"5":28,"6":28,"8":28,"15":28,"16":28,"17":28,"18":28},"branchMap":{"0":{"type":"branch","line":1,"loc":{"start":{"line":1,"column":7},"end":{"line":19,"column":1}},"locations":[{"start":{"line":1,"column":7},"end":{"line":19,"column":1}}]},"1":{"type":"branch","line":4,"loc":{"start":{"line":4,"column":16},"end":{"line":4,"column":55}},"locations":[{"start":{"line":4,"column":16},"end":{"line":4,"column":55}}]},"2":{"type":"branch","line":5,"loc":{"start":{"line":5,"column":14},"end":{"line":5,"column":56}},"locations":[{"start":{"line":5,"column":14},"end":{"line":5,"column":56}}]},"3":{"type":"branch","line":6,"loc":{"start":{"line":6,"column":16},"end":{"line":6,"column":74}},"locations":[{"start":{"line":6,"column":16},"end":{"line":6,"column":74}}]},"4":{"type":"branch","line":7,"loc":{"start":{"line":7,"column":15},"end":{"line":7,"column":72}},"locations":[{"start":{"line":7,"column":15},"end":{"line":7,"column":72}}]}},"b":{"0":[28],"1":[2],"2":[1],"3":[1],"4":[1]},"fnMap":{"0":{"name":"resultBox","decl":{"start":{"line":1,"column":7},"end":{"line":19,"column":1}},"loc":{"start":{"line":1,"column":7},"end":{"line":19,"column":1}},"line":1},"1":{"name":"start","decl":{"start":{"line":4,"column":16},"end":{"line":4,"column":55}},"loc":{"start":{"line":4,"column":16},"end":{"line":4,"column":55}},"line":4},"2":{"name":"end","decl":{"start":{"line":5,"column":14},"end":{"line":5,"column":56}},"loc":{"start":{"line":5,"column":14},"end":{"line":5,"column":56}},"line":5},"3":{"name":"title","decl":{"start":{"line":6,"column":16},"end":{"line":6,"column":74}},"loc":{"start":{"line":6,"column":16},"end":{"line":6,"column":74}},"line":6},"4":{"name":"text","decl":{"start":{"line":7,"column":15},"end":{"line":7,"column":72}},"loc":{"start":{"line":7,"column":15},"end":{"line":7,"column":72}},"line":7}},"f":{"0":28,"1":2,"2":1,"3":1,"4":1}}
,"/Users/mateus/Projetos/lucas/form/src/templateBuilder.ts": {"path":"/Users/mateus/Projetos/lucas/form/src/templateBuilder.ts","all":false,"statementMap":{"2":{"start":{"line":3,"column":0},"end":{"line":3,"column":38}},"4":{"start":{"line":5,"column":0},"end":{"line":5,"column":51}},"5":{"start":{"line":6,"column":0},"end":{"line":6,"column":86}},"7":{"start":{"line":8,"column":0},"end":{"line":8,"column":498}},"8":{"start":{"line":9,"column":0},"end":{"line":9,"column":3}},"10":{"start":{"line":11,"column":0},"end":{"line":11,"column":683}},"12":{"start":{"line":13,"column":0},"end":{"line":13,"column":183}},"14":{"start":{"line":15,"column":0},"end":{"line":15,"column":44}},"15":{"start":{"line":16,"column":0},"end":{"line":16,"column":1}}},"s":{"2":1,"4":118,"5":78,"7":78,"8":78,"10":118,"12":118,"14":118,"15":118},"branchMap":{"0":{"type":"branch","line":3,"loc":{"start":{"line":3,"column":31},"end":{"line":16,"column":1}},"locations":[{"start":{"line":3,"column":31},"end":{"line":16,"column":1}}]},"1":{"type":"branch","line":5,"loc":{"start":{"line":5,"column":16},"end":{"line":9,"column":3}},"locations":[{"start":{"line":5,"column":16},"end":{"line":9,"column":3}}]},"2":{"type":"branch","line":8,"loc":{"start":{"line":8,"column":144},"end":{"line":8,"column":176}},"locations":[{"start":{"line":8,"column":144},"end":{"line":8,"column":176}}]},"3":{"type":"branch","line":8,"loc":{"start":{"line":8,"column":169},"end":{"line":8,"column":224}},"locations":[{"start":{"line":8,"column":169},"end":{"line":8,"column":224}}]},"4":{"type":"branch","line":8,"loc":{"start":{"line":8,"column":176},"end":{"line":8,"column":226}},"locations":[{"start":{"line":8,"column":176},"end":{"line":8,"column":226}}]},"5":{"type":"branch","line":8,"loc":{"start":{"line":8,"column":408},"end":{"line":8,"column":434}},"locations":[{"start":{"line":8,"column":408},"end":{"line":8,"column":434}}]},"6":{"type":"branch","line":8,"loc":{"start":{"line":8,"column":425},"end":{"line":8,"column":488}},"locations":[{"start":{"line":8,"column":425},"end":{"line":8,"column":488}}]},"7":{"type":"branch","line":8,"loc":{"start":{"line":8,"column":476},"end":{"line":8,"column":490}},"locations":[{"start":{"line":8,"column":476},"end":{"line":8,"column":490}}]},"8":{"type":"branch","line":11,"loc":{"start":{"line":11,"column":21},"end":{"line":11,"column":683}},"locations":[{"start":{"line":11,"column":21},"end":{"line":11,"column":683}}]},"9":{"type":"branch","line":13,"loc":{"start":{"line":13,"column":23},"end":{"line":13,"column":183}},"locations":[{"start":{"line":13,"column":23},"end":{"line":13,"column":183}}]}},"b":{"0":[118],"1":[78],"2":[77],"3":[77],"4":[1],"5":[40],"6":[40],"7":[38],"8":[20],"9":[20]},"fnMap":{"0":{"name":"templateBuilder","decl":{"start":{"line":3,"column":31},"end":{"line":16,"column":1}},"loc":{"start":{"line":3,"column":31},"end":{"line":16,"column":1}},"line":3},"1":{"name":"input","decl":{"start":{"line":5,"column":16},"end":{"line":9,"column":3}},"loc":{"start":{"line":5,"column":16},"end":{"line":9,"column":3}},"line":5},"2":{"name":"closeModal","decl":{"start":{"line":11,"column":21},"end":{"line":11,"column":683}},"loc":{"start":{"line":11,"column":21},"end":{"line":11,"column":683}},"line":11},"3":{"name":"submitButton","decl":{"start":{"line":13,"column":23},"end":{"line":13,"column":183}},"loc":{"start":{"line":13,"column":23},"end":{"line":13,"column":183}},"line":13}},"f":{"0":118,"1":78,"2":20,"3":20}}
,"/Users/mateus/Projetos/lucas/form/src/types.ts": {"path":"/Users/mateus/Projetos/lucas/form/src/types.ts","all":true,"statementMap":{},"s":{},"branchMap":{"0":{"type":"branch","line":1,"loc":{"start":{"line":1,"column":626},"end":{"line":33,"column":1}},"locations":[{"start":{"line":1,"column":626},"end":{"line":33,"column":1}}]}},"b":{"0":[1]},"fnMap":{"0":{"name":"(empty-report)","decl":{"start":{"line":1,"column":626},"end":{"line":33,"column":1}},"loc":{"start":{"line":1,"column":626},"end":{"line":33,"column":1}},"line":1}},"f":{"0":1}}
,"/Users/mateus/Projetos/lucas/form/src/urlBuilder.ts": {"path":"/Users/mateus/Projetos/lucas/form/src/urlBuilder.ts","all":false,"statementMap":{"2":{"start":{"line":3,"column":0},"end":{"line":3,"column":57}},"3":{"start":{"line":4,"column":0},"end":{"line":4,"column":76}},"4":{"start":{"line":5,"column":0},"end":{"line":5,"column":39}},"5":{"start":{"line":6,"column":0},"end":{"line":6,"column":29}},"6":{"start":{"line":7,"column":0},"end":{"line":7,"column":25}},"7":{"start":{"line":8,"column":0},"end":{"line":8,"column":40}},"8":{"start":{"line":9,"column":0},"end":{"line":9,"column":17}},"9":{"start":{"line":10,"column":0},"end":{"line":10,"column":35}},"10":{"start":{"line":11,"column":0},"end":{"line":11,"column":38}},"11":{"start":{"line":12,"column":0},"end":{"line":12,"column":6}},"12":{"start":{"line":13,"column":0},"end":{"line":13,"column":4}},"13":{"start":{"line":14,"column":0},"end":{"line":14,"column":15}},"14":{"start":{"line":15,"column":0},"end":{"line":15,"column":1}}},"s":{"2":1,"3":2,"4":2,"5":2,"6":2,"7":16,"8":16,"9":16,"10":16,"11":16,"12":2,"13":2,"14":2},"branchMap":{"0":{"type":"branch","line":3,"loc":{"start":{"line":3,"column":26},"end":{"line":15,"column":1}},"locations":[{"start":{"line":3,"column":26},"end":{"line":15,"column":1}}]},"1":{"type":"branch","line":4,"loc":{"start":{"line":4,"column":44},"end":{"line":4,"column":70}},"locations":[{"start":{"line":4,"column":44},"end":{"line":4,"column":70}}]},"2":{"type":"branch","line":4,"loc":{"start":{"line":4,"column":66},"end":{"line":4,"column":76}},"locations":[{"start":{"line":4,"column":66},"end":{"line":4,"column":76}}]},"3":{"type":"branch","line":7,"loc":{"start":{"line":7,"column":16},"end":{"line":13,"column":3}},"locations":[{"start":{"line":7,"column":16},"end":{"line":13,"column":3}}]}},"b":{"0":[2],"1":[1],"2":[1],"3":[16]},"fnMap":{"0":{"name":"urlBuilder","decl":{"start":{"line":3,"column":26},"end":{"line":15,"column":1}},"loc":{"start":{"line":3,"column":26},"end":{"line":15,"column":1}},"line":3}},"f":{"0":2}}
,"/Users/mateus/Projetos/lucas/form/src/validate.ts": {"path":"/Users/mateus/Projetos/lucas/form/src/validate.ts","all":false,"statementMap":{"2":{"start":{"line":3,"column":0},"end":{"line":3,"column":53}},"3":{"start":{"line":4,"column":0},"end":{"line":4,"column":38}},"5":{"start":{"line":6,"column":0},"end":{"line":6,"column":15}},"6":{"start":{"line":7,"column":0},"end":{"line":7,"column":56}},"7":{"start":{"line":8,"column":0},"end":{"line":8,"column":10}},"8":{"start":{"line":9,"column":0},"end":{"line":9,"column":3}},"10":{"start":{"line":11,"column":0},"end":{"line":11,"column":19}},"11":{"start":{"line":12,"column":0},"end":{"line":12,"column":62}},"12":{"start":{"line":13,"column":0},"end":{"line":13,"column":10}},"13":{"start":{"line":14,"column":0},"end":{"line":14,"column":3}},"15":{"start":{"line":16,"column":0},"end":{"line":16,"column":32}},"16":{"start":{"line":17,"column":0},"end":{"line":17,"column":32}},"17":{"start":{"line":18,"column":0},"end":{"line":18,"column":37}},"18":{"start":{"line":19,"column":0},"end":{"line":19,"column":16}},"19":{"start":{"line":20,"column":0},"end":{"line":20,"column":10}},"20":{"start":{"line":21,"column":0},"end":{"line":21,"column":34}},"21":{"start":{"line":22,"column":0},"end":{"line":22,"column":35}},"22":{"start":{"line":23,"column":0},"end":{"line":23,"column":15}},"23":{"start":{"line":24,"column":0},"end":{"line":24,"column":3}},"24":{"start":{"line":25,"column":0},"end":{"line":25,"column":1}},"26":{"start":{"line":27,"column":0},"end":{"line":27,"column":107}}},"s":{"2":1,"3":21,"5":21,"6":1,"7":1,"8":1,"10":21,"11":1,"12":1,"13":1,"15":21,"16":8,"17":8,"18":8,"19":14,"20":11,"21":11,"22":11,"23":11,"24":21,"26":1},"branchMap":{"0":{"type":"branch","line":3,"loc":{"start":{"line":3,"column":24},"end":{"line":25,"column":1}},"locations":[{"start":{"line":3,"column":24},"end":{"line":25,"column":1}}]},"1":{"type":"branch","line":6,"loc":{"start":{"line":6,"column":14},"end":{"line":9,"column":3}},"locations":[{"start":{"line":6,"column":14},"end":{"line":9,"column":3}}]},"2":{"type":"branch","line":9,"loc":{"start":{"line":9,"column":2},"end":{"line":11,"column":18}},"locations":[{"start":{"line":9,"column":2},"end":{"line":11,"column":18}}]},"3":{"type":"branch","line":11,"loc":{"start":{"line":11,"column":18},"end":{"line":16,"column":31}},"locations":[{"start":{"line":11,"column":18},"end":{"line":16,"column":31}}]},"4":{"type":"branch","line":11,"loc":{"start":{"line":11,"column":18},"end":{"line":14,"column":3}},"locations":[{"start":{"line":11,"column":18},"end":{"line":14,"column":3}}]},"5":{"type":"branch","line":16,"loc":{"start":{"line":16,"column":31},"end":{"line":24,"column":3}},"locations":[{"start":{"line":16,"column":31},"end":{"line":24,"column":3}}]},"6":{"type":"branch","line":16,"loc":{"start":{"line":16,"column":31},"end":{"line":20,"column":9}},"locations":[{"start":{"line":16,"column":31},"end":{"line":20,"column":9}}]},"7":{"type":"branch","line":20,"loc":{"start":{"line":20,"column":2},"end":{"line":24,"column":3}},"locations":[{"start":{"line":20,"column":2},"end":{"line":24,"column":3}}]},"8":{"type":"branch","line":27,"loc":{"start":{"line":27,"column":36},"end":{"line":27,"column":107}},"locations":[{"start":{"line":27,"column":36},"end":{"line":27,"column":107}}]}},"b":{"0":[21],"1":[1],"2":[20],"3":[19],"4":[1],"5":[14],"6":[8],"7":[11],"8":[6]},"fnMap":{"0":{"name":"validate","decl":{"start":{"line":3,"column":24},"end":{"line":25,"column":1}},"loc":{"start":{"line":3,"column":24},"end":{"line":25,"column":1}},"line":3},"1":{"name":"clearClassValidation","decl":{"start":{"line":27,"column":36},"end":{"line":27,"column":107}},"loc":{"start":{"line":27,"column":36},"end":{"line":27,"column":107}},"line":27}},"f":{"0":21,"1":6}}
,"/Users/mateus/Projetos/lucas/form/src/validateCPF.ts": {"path":"/Users/mateus/Projetos/lucas/form/src/validateCPF.ts","all":false,"statementMap":{"0":{"start":{"line":1,"column":0},"end":{"line":1,"column":51}},"2":{"start":{"line":3,"column":0},"end":{"line":3,"column":34}},"5":{"start":{"line":6,"column":0},"end":{"line":6,"column":26}},"6":{"start":{"line":7,"column":0},"end":{"line":7,"column":16}},"7":{"start":{"line":8,"column":0},"end":{"line":8,"column":3}},"10":{"start":{"line":11,"column":0},"end":{"line":11,"column":30}},"11":{"start":{"line":12,"column":0},"end":{"line":12,"column":16}},"12":{"start":{"line":13,"column":0},"end":{"line":13,"column":3}},"15":{"start":{"line":16,"column":0},"end":{"line":16,"column":13}},"16":{"start":{"line":17,"column":0},"end":{"line":17,"column":31}},"17":{"start":{"line":18,"column":0},"end":{"line":18,"column":45}},"18":{"start":{"line":19,"column":0},"end":{"line":19,"column":3}},"19":{"start":{"line":20,"column":0},"end":{"line":20,"column":27}},"20":{"start":{"line":21,"column":0},"end":{"line":21,"column":33}},"21":{"start":{"line":22,"column":0},"end":{"line":22,"column":11}},"22":{"start":{"line":23,"column":0},"end":{"line":23,"column":3}},"23":{"start":{"line":24,"column":0},"end":{"line":24,"column":40}},"24":{"start":{"line":25,"column":0},"end":{"line":25,"column":16}},"25":{"start":{"line":26,"column":0},"end":{"line":26,"column":3}},"28":{"start":{"line":29,"column":0},"end":{"line":29,"column":9}},"29":{"start":{"line":30,"column":0},"end":{"line":30,"column":32}},"30":{"start":{"line":31,"column":0},"end":{"line":31,"column":45}},"31":{"start":{"line":32,"column":0},"end":{"line":32,"column":3}},"32":{"start":{"line":33,"column":0},"end":{"line":33,"column":23}},"33":{"start":{"line":34,"column":0},"end":{"line":34,"column":33}},"34":{"start":{"line":35,"column":0},"end":{"line":35,"column":11}},"35":{"start":{"line":36,"column":0},"end":{"line":36,"column":3}},"36":{"start":{"line":37,"column":0},"end":{"line":37,"column":41}},"37":{"start":{"line":38,"column":0},"end":{"line":38,"column":16}},"38":{"start":{"line":39,"column":0},"end":{"line":39,"column":3}},"40":{"start":{"line":41,"column":0},"end":{"line":41,"column":13}},"41":{"start":{"line":42,"column":0},"end":{"line":42,"column":1}}},"s":{"0":1,"2":13,"5":13,"6":4,"7":4,"10":13,"11":1,"12":1,"15":8,"16":13,"17":72,"18":72,"19":8,"20":13,"21":3,"22":3,"23":13,"24":0,"25":0,"28":8,"29":13,"30":80,"31":80,"32":8,"33":13,"34":0,"35":0,"36":13,"37":1,"38":1,"40":7,"41":7},"branchMap":{"0":{"type":"branch","line":1,"loc":{"start":{"line":1,"column":7},"end":{"line":42,"column":1}},"locations":[{"start":{"line":1,"column":7},"end":{"line":42,"column":1}}]},"1":{"type":"branch","line":6,"loc":{"start":{"line":6,"column":25},"end":{"line":11,"column":29}},"locations":[{"start":{"line":6,"column":25},"end":{"line":11,"column":29}}]},"2":{"type":"branch","line":6,"loc":{"start":{"line":6,"column":25},"end":{"line":8,"column":3}},"locations":[{"start":{"line":6,"column":25},"end":{"line":8,"column":3}}]},"3":{"type":"branch","line":8,"loc":{"start":{"line":8,"column":2},"end":{"line":11,"column":29}},"locations":[{"start":{"line":8,"column":2},"end":{"line":11,"column":29}}]},"4":{"type":"branch","line":11,"loc":{"start":{"line":11,"column":29},"end":{"line":13,"column":3}},"locations":[{"start":{"line":11,"column":29},"end":{"line":13,"column":3}}]},"5":{"type":"branch","line":13,"loc":{"start":{"line":13,"column":2},"end":{"line":17,"column":30}},"locations":[{"start":{"line":13,"column":2},"end":{"line":17,"column":30}}]},"6":{"type":"branch","line":17,"loc":{"start":{"line":17,"column":30},"end":{"line":19,"column":3}},"locations":[{"start":{"line":17,"column":30},"end":{"line":19,"column":3}}]},"7":{"type":"branch","line":19,"loc":{"start":{"line":19,"column":2},"end":{"line":21,"column":32}},"locations":[{"start":{"line":19,"column":2},"end":{"line":21,"column":32}}]},"8":{"type":"branch","line":19,"loc":{"start":{"line":19,"column":2},"end":{"line":21,"column":20}},"locations":[{"start":{"line":19,"column":2},"end":{"line":21,"column":20}}]},"9":{"type":"branch","line":21,"loc":{"start":{"line":21,"column":14},"end":{"line":21,"column":32}},"locations":[{"start":{"line":21,"column":14},"end":{"line":21,"column":32}}]},"10":{"type":"branch","line":21,"loc":{"start":{"line":21,"column":32},"end":{"line":23,"column":3}},"locations":[{"start":{"line":21,"column":32},"end":{"line":23,"column":3}}]},"11":{"type":"branch","line":23,"loc":{"start":{"line":23,"column":2},"end":{"line":24,"column":39}},"locations":[{"start":{"line":23,"column":2},"end":{"line":24,"column":39}}]},"12":{"type":"branch","line":24,"loc":{"start":{"line":24,"column":39},"end":{"line":26,"column":3}},"locations":[{"start":{"line":24,"column":39},"end":{"line":26,"column":3}}]},"13":{"type":"branch","line":26,"loc":{"start":{"line":26,"column":2},"end":{"line":30,"column":31}},"locations":[{"start":{"line":26,"column":2},"end":{"line":30,"column":31}}]},"14":{"type":"branch","line":30,"loc":{"start":{"line":30,"column":31},"end":{"line":32,"column":3}},"locations":[{"start":{"line":30,"column":31},"end":{"line":32,"column":3}}]},"15":{"type":"branch","line":32,"loc":{"start":{"line":32,"column":2},"end":{"line":34,"column":32}},"locations":[{"start":{"line":32,"column":2},"end":{"line":34,"column":32}}]},"16":{"type":"branch","line":34,"loc":{"start":{"line":34,"column":32},"end":{"line":36,"column":3}},"locations":[{"start":{"line":34,"column":32},"end":{"line":36,"column":3}}]},"17":{"type":"branch","line":36,"loc":{"start":{"line":36,"column":2},"end":{"line":37,"column":40}},"locations":[{"start":{"line":36,"column":2},"end":{"line":37,"column":40}}]},"18":{"type":"branch","line":37,"loc":{"start":{"line":37,"column":40},"end":{"line":39,"column":3}},"locations":[{"start":{"line":37,"column":40},"end":{"line":39,"column":3}}]},"19":{"type":"branch","line":39,"loc":{"start":{"line":39,"column":2},"end":{"line":42,"column":1}},"locations":[{"start":{"line":39,"column":2},"end":{"line":42,"column":1}}]}},"b":{"0":[13],"1":[11],"2":[4],"3":[9],"4":[1],"5":[8],"6":[72],"7":[11],"8":[8],"9":[5],"10":[3],"11":[8],"12":[0],"13":[8],"14":[80],"15":[8],"16":[0],"17":[8],"18":[1],"19":[7]},"fnMap":{"0":{"name":"validateCPF","decl":{"start":{"line":1,"column":7},"end":{"line":42,"column":1}},"loc":{"start":{"line":1,"column":7},"end":{"line":42,"column":1}},"line":1}},"f":{"0":13}}
,"/Users/mateus/Projetos/lucas/form/src/validateEmail.ts": {"path":"/Users/mateus/Projetos/lucas/form/src/validateEmail.ts","all":false,"statementMap":{"2":{"start":{"line":3,"column":0},"end":{"line":3,"column":58}},"3":{"start":{"line":4,"column":0},"end":{"line":4,"column":73}},"4":{"start":{"line":5,"column":0},"end":{"line":5,"column":33}},"5":{"start":{"line":6,"column":0},"end":{"line":6,"column":1}},"7":{"start":{"line":8,"column":0},"end":{"line":8,"column":95}},"9":{"start":{"line":10,"column":0},"end":{"line":10,"column":15}},"10":{"start":{"line":11,"column":0},"end":{"line":11,"column":16}},"11":{"start":{"line":12,"column":0},"end":{"line":12,"column":3}},"12":{"start":{"line":13,"column":0},"end":{"line":13,"column":45}},"14":{"start":{"line":15,"column":0},"end":{"line":15,"column":34}},"15":{"start":{"line":16,"column":0},"end":{"line":16,"column":15}},"16":{"start":{"line":17,"column":0},"end":{"line":17,"column":3}},"18":{"start":{"line":19,"column":0},"end":{"line":19,"column":57}},"19":{"start":{"line":20,"column":0},"end":{"line":20,"column":15}},"20":{"start":{"line":21,"column":0},"end":{"line":21,"column":3}},"22":{"start":{"line":23,"column":0},"end":{"line":23,"column":14}},"23":{"start":{"line":24,"column":0},"end":{"line":24,"column":1}}},"s":{"2":1,"3":9,"4":9,"5":9,"7":1,"9":12,"10":1,"11":1,"12":11,"14":12,"15":9,"16":9,"18":12,"19":1,"20":1,"22":1,"23":1},"branchMap":{"0":{"type":"branch","line":3,"loc":{"start":{"line":3,"column":29},"end":{"line":6,"column":1}},"locations":[{"start":{"line":3,"column":29},"end":{"line":6,"column":1}}]},"1":{"type":"branch","line":8,"loc":{"start":{"line":8,"column":35},"end":{"line":24,"column":1}},"locations":[{"start":{"line":8,"column":35},"end":{"line":24,"column":1}}]},"2":{"type":"branch","line":10,"loc":{"start":{"line":10,"column":14},"end":{"line":12,"column":3}},"locations":[{"start":{"line":10,"column":14},"end":{"line":12,"column":3}}]},"3":{"type":"branch","line":12,"loc":{"start":{"line":12,"column":2},"end":{"line":15,"column":33}},"locations":[{"start":{"line":12,"column":2},"end":{"line":15,"column":33}}]},"4":{"type":"branch","line":15,"loc":{"start":{"line":15,"column":33},"end":{"line":17,"column":3}},"locations":[{"start":{"line":15,"column":33},"end":{"line":17,"column":3}}]},"5":{"type":"branch","line":17,"loc":{"start":{"line":17,"column":2},"end":{"line":19,"column":36}},"locations":[{"start":{"line":17,"column":2},"end":{"line":19,"column":36}}]},"6":{"type":"branch","line":19,"loc":{"start":{"line":19,"column":19},"end":{"line":19,"column":56}},"locations":[{"start":{"line":19,"column":19},"end":{"line":19,"column":56}}]},"7":{"type":"branch","line":19,"loc":{"start":{"line":19,"column":56},"end":{"line":24,"column":1}},"locations":[{"start":{"line":19,"column":56},"end":{"line":24,"column":1}}]}},"b":{"0":[9],"1":[12],"2":[1],"3":[11],"4":[9],"5":[2],"6":[2],"7":[1]},"fnMap":{"0":{"name":"validateEmail","decl":{"start":{"line":3,"column":29},"end":{"line":6,"column":1}},"loc":{"start":{"line":3,"column":29},"end":{"line":6,"column":1}},"line":3},"1":{"name":"shouldEvaluateEmail","decl":{"start":{"line":8,"column":35},"end":{"line":24,"column":1}},"loc":{"start":{"line":8,"column":35},"end":{"line":24,"column":1}},"line":8}},"f":{"0":9,"1":12}}
,"/Users/mateus/Projetos/lucas/form/src/validateFieldBlur.ts": {"path":"/Users/mateus/Projetos/lucas/form/src/validateFieldBlur.ts","all":false,"statementMap":{"0":{"start":{"line":1,"column":0},"end":{"line":1,"column":43}},"1":{"start":{"line":2,"column":0},"end":{"line":2,"column":59}},"3":{"start":{"line":4,"column":0},"end":{"line":4,"column":66}},"4":{"start":{"line":5,"column":0},"end":{"line":5,"column":72}},"6":{"start":{"line":7,"column":0},"end":{"line":7,"column":15}},"7":{"start":{"line":8,"column":0},"end":{"line":8,"column":44}},"8":{"start":{"line":9,"column":0},"end":{"line":9,"column":10}},"9":{"start":{"line":10,"column":0},"end":{"line":10,"column":3}},"11":{"start":{"line":12,"column":0},"end":{"line":12,"column":28}},"12":{"start":{"line":13,"column":0},"end":{"line":13,"column":19}},"13":{"start":{"line":14,"column":0},"end":{"line":14,"column":43}},"14":{"start":{"line":15,"column":0},"end":{"line":15,"column":5}},"16":{"start":{"line":17,"column":0},"end":{"line":17,"column":36}},"17":{"start":{"line":18,"column":0},"end":{"line":18,"column":43}},"18":{"start":{"line":19,"column":0},"end":{"line":19,"column":5}},"20":{"start":{"line":21,"column":0},"end":{"line":21,"column":41}},"21":{"start":{"line":22,"column":0},"end":{"line":22,"column":43}},"22":{"start":{"line":23,"column":0},"end":{"line":23,"column":5}},"24":{"start":{"line":25,"column":0},"end":{"line":25,"column":47}},"25":{"start":{"line":26,"column":0},"end":{"line":26,"column":40}},"26":{"start":{"line":27,"column":0},"end":{"line":27,"column":5}},"27":{"start":{"line":28,"column":0},"end":{"line":28,"column":3}},"29":{"start":{"line":30,"column":0},"end":{"line":30,"column":44}},"36":{"start":{"line":37,"column":0},"end":{"line":37,"column":1}}},"s":{"0":1,"1":1,"3":1,"4":82,"6":82,"7":1,"8":1,"9":1,"11":81,"12":5,"13":1,"14":1,"16":5,"17":1,"18":1,"20":5,"21":2,"22":2,"24":5,"25":1,"26":1,"27":5,"29":81,"36":81},"branchMap":{"0":{"type":"branch","line":4,"loc":{"start":{"line":4,"column":33},"end":{"line":37,"column":1}},"locations":[{"start":{"line":4,"column":33},"end":{"line":37,"column":1}}]},"1":{"type":"branch","line":7,"loc":{"start":{"line":7,"column":14},"end":{"line":10,"column":3}},"locations":[{"start":{"line":7,"column":14},"end":{"line":10,"column":3}}]},"2":{"type":"branch","line":10,"loc":{"start":{"line":10,"column":2},"end":{"line":37,"column":1}},"locations":[{"start":{"line":10,"column":2},"end":{"line":37,"column":1}}]},"3":{"type":"branch","line":12,"loc":{"start":{"line":12,"column":21},"end":{"line":28,"column":3}},"locations":[{"start":{"line":12,"column":21},"end":{"line":28,"column":3}}]},"4":{"type":"branch","line":13,"loc":{"start":{"line":13,"column":18},"end":{"line":15,"column":5}},"locations":[{"start":{"line":13,"column":18},"end":{"line":15,"column":5}}]},"5":{"type":"branch","line":15,"loc":{"start":{"line":15,"column":4},"end":{"line":17,"column":35}},"locations":[{"start":{"line":15,"column":4},"end":{"line":17,"column":35}}]},"6":{"type":"branch","line":17,"loc":{"start":{"line":17,"column":35},"end":{"line":19,"column":5}},"locations":[{"start":{"line":17,"column":35},"end":{"line":19,"column":5}}]},"7":{"type":"branch","line":19,"loc":{"start":{"line":19,"column":4},"end":{"line":21,"column":40}},"locations":[{"start":{"line":19,"column":4},"end":{"line":21,"column":40}}]},"8":{"type":"branch","line":21,"loc":{"start":{"line":21,"column":40},"end":{"line":23,"column":5}},"locations":[{"start":{"line":21,"column":40},"end":{"line":23,"column":5}}]},"9":{"type":"branch","line":23,"loc":{"start":{"line":23,"column":4},"end":{"line":25,"column":46}},"locations":[{"start":{"line":23,"column":4},"end":{"line":25,"column":46}}]},"10":{"type":"branch","line":25,"loc":{"start":{"line":25,"column":46},"end":{"line":27,"column":5}},"locations":[{"start":{"line":25,"column":46},"end":{"line":27,"column":5}}]}},"b":{"0":[82],"1":[1],"2":[81],"3":[5],"4":[1],"5":[4],"6":[1],"7":[3],"8":[2],"9":[1],"10":[1]},"fnMap":{"0":{"name":"validateFieldBlur","decl":{"start":{"line":4,"column":33},"end":{"line":37,"column":1}},"loc":{"start":{"line":4,"column":33},"end":{"line":37,"column":1}},"line":4},"1":{"name":"handleBlur","decl":{"start":{"line":12,"column":21},"end":{"line":28,"column":3}},"loc":{"start":{"line":12,"column":21},"end":{"line":28,"column":3}},"line":12}},"f":{"0":82,"1":5}}
,"/Users/mateus/Projetos/lucas/form/src/validateForm.ts": {"path":"/Users/mateus/Projetos/lucas/form/src/validateForm.ts","all":false,"statementMap":{"0":{"start":{"line":1,"column":0},"end":{"line":1,"column":45}},"1":{"start":{"line":2,"column":0},"end":{"line":2,"column":41}},"2":{"start":{"line":3,"column":0},"end":{"line":3,"column":43}},"4":{"start":{"line":5,"column":0},"end":{"line":5,"column":37}},"5":{"start":{"line":6,"column":0},"end":{"line":6,"column":43}},"6":{"start":{"line":7,"column":0},"end":{"line":7,"column":68}},"7":{"start":{"line":8,"column":0},"end":{"line":8,"column":45}},"8":{"start":{"line":9,"column":0},"end":{"line":9,"column":53}},"11":{"start":{"line":12,"column":0},"end":{"line":12,"column":56}},"13":{"start":{"line":14,"column":0},"end":{"line":14,"column":51}},"15":{"start":{"line":16,"column":0},"end":{"line":16,"column":67}},"16":{"start":{"line":17,"column":0},"end":{"line":17,"column":13}},"18":{"start":{"line":19,"column":0},"end":{"line":19,"column":57}},"19":{"start":{"line":20,"column":0},"end":{"line":20,"column":51}},"20":{"start":{"line":21,"column":0},"end":{"line":21,"column":47}},"22":{"start":{"line":23,"column":0},"end":{"line":23,"column":31}},"23":{"start":{"line":24,"column":0},"end":{"line":24,"column":40}},"24":{"start":{"line":25,"column":0},"end":{"line":25,"column":8}},"25":{"start":{"line":26,"column":0},"end":{"line":26,"column":19}},"26":{"start":{"line":27,"column":0},"end":{"line":27,"column":5}},"28":{"start":{"line":29,"column":0},"end":{"line":29,"column":65}},"29":{"start":{"line":30,"column":0},"end":{"line":30,"column":63}},"30":{"start":{"line":31,"column":0},"end":{"line":31,"column":67}},"31":{"start":{"line":32,"column":0},"end":{"line":32,"column":75}},"33":{"start":{"line":34,"column":0},"end":{"line":34,"column":93}},"35":{"start":{"line":36,"column":0},"end":{"line":36,"column":54}},"36":{"start":{"line":37,"column":0},"end":{"line":37,"column":28}},"37":{"start":{"line":38,"column":0},"end":{"line":38,"column":20}},"38":{"start":{"line":39,"column":0},"end":{"line":39,"column":63}},"39":{"start":{"line":40,"column":0},"end":{"line":40,"column":102}},"44":{"start":{"line":45,"column":0},"end":{"line":45,"column":25}},"45":{"start":{"line":46,"column":0},"end":{"line":46,"column":9}},"46":{"start":{"line":47,"column":0},"end":{"line":47,"column":47}},"47":{"start":{"line":48,"column":0},"end":{"line":48,"column":33}},"48":{"start":{"line":49,"column":0},"end":{"line":49,"column":10}},"49":{"start":{"line":50,"column":0},"end":{"line":50,"column":9}},"50":{"start":{"line":51,"column":0},"end":{"line":51,"column":48}},"51":{"start":{"line":52,"column":0},"end":{"line":52,"column":34}},"52":{"start":{"line":53,"column":0},"end":{"line":53,"column":10}},"53":{"start":{"line":54,"column":0},"end":{"line":54,"column":9}},"54":{"start":{"line":55,"column":0},"end":{"line":55,"column":46}},"55":{"start":{"line":56,"column":0},"end":{"line":56,"column":32}},"56":{"start":{"line":57,"column":0},"end":{"line":57,"column":10}},"57":{"start":{"line":58,"column":0},"end":{"line":58,"column":9}},"58":{"start":{"line":59,"column":0},"end":{"line":59,"column":48}},"59":{"start":{"line":60,"column":0},"end":{"line":60,"column":40}},"60":{"start":{"line":61,"column":0},"end":{"line":61,"column":10}},"61":{"start":{"line":62,"column":0},"end":{"line":62,"column":7}},"63":{"start":{"line":64,"column":0},"end":{"line":64,"column":54}},"64":{"start":{"line":65,"column":0},"end":{"line":65,"column":35}},"65":{"start":{"line":66,"column":0},"end":{"line":66,"column":25}},"66":{"start":{"line":67,"column":0},"end":{"line":67,"column":28}},"67":{"start":{"line":68,"column":0},"end":{"line":68,"column":15}},"68":{"start":{"line":69,"column":0},"end":{"line":69,"column":20}},"69":{"start":{"line":70,"column":0},"end":{"line":70,"column":11}},"70":{"start":{"line":71,"column":0},"end":{"line":71,"column":9}},"71":{"start":{"line":72,"column":0},"end":{"line":72,"column":70}},"72":{"start":{"line":73,"column":0},"end":{"line":73,"column":25}},"73":{"start":{"line":74,"column":0},"end":{"line":74,"column":28}},"74":{"start":{"line":75,"column":0},"end":{"line":75,"column":15}},"75":{"start":{"line":76,"column":0},"end":{"line":76,"column":20}},"76":{"start":{"line":77,"column":0},"end":{"line":77,"column":11}},"77":{"start":{"line":78,"column":0},"end":{"line":78,"column":9}},"78":{"start":{"line":79,"column":0},"end":{"line":79,"column":8}},"80":{"start":{"line":81,"column":0},"end":{"line":81,"column":23}},"81":{"start":{"line":82,"column":0},"end":{"line":82,"column":47}},"82":{"start":{"line":83,"column":0},"end":{"line":83,"column":7}},"84":{"start":{"line":85,"column":0},"end":{"line":85,"column":72}},"85":{"start":{"line":86,"column":0},"end":{"line":86,"column":20}},"86":{"start":{"line":87,"column":0},"end":{"line":87,"column":53}},"87":{"start":{"line":88,"column":0},"end":{"line":88,"column":9}},"88":{"start":{"line":89,"column":0},"end":{"line":89,"column":8}},"89":{"start":{"line":90,"column":0},"end":{"line":90,"column":33}},"95":{"start":{"line":96,"column":0},"end":{"line":96,"column":38}},"96":{"start":{"line":97,"column":0},"end":{"line":97,"column":6}},"97":{"start":{"line":98,"column":0},"end":{"line":98,"column":3}},"98":{"start":{"line":99,"column":0},"end":{"line":99,"column":1}}},"s":{"0":1,"1":1,"2":1,"4":1,"5":1,"6":1,"7":1,"8":1,"11":1,"13":20,"15":20,"16":20,"18":20,"19":2,"20":2,"22":2,"23":18,"24":2,"25":2,"26":2,"28":20,"29":20,"30":20,"31":20,"33":20,"35":20,"36":2,"37":2,"38":2,"39":2,"44":2,"45":2,"46":2,"47":2,"48":2,"49":2,"50":2,"51":2,"52":2,"53":2,"54":2,"55":2,"56":2,"57":2,"58":2,"59":2,"60":2,"61":2,"63":2,"64":8,"65":6,"66":6,"67":6,"68":3,"69":3,"70":6,"71":8,"72":8,"73":8,"74":8,"75":4,"76":4,"77":8,"78":2,"80":2,"81":1,"82":1,"84":1,"85":4,"86":4,"87":4,"88":1,"89":1,"95":1,"96":20,"97":20,"98":20},"branchMap":{"0":{"type":"branch","line":12,"loc":{"start":{"line":12,"column":28},"end":{"line":99,"column":1}},"locations":[{"start":{"line":12,"column":28},"end":{"line":99,"column":1}}]},"1":{"type":"branch","line":32,"loc":{"start":{"line":32,"column":66},"end":{"line":32,"column":75}},"locations":[{"start":{"line":32,"column":66},"end":{"line":32,"column":75}}]},"2":{"type":"branch","line":19,"loc":{"start":{"line":19,"column":29},"end":{"line":27,"column":5}},"locations":[{"start":{"line":19,"column":29},"end":{"line":27,"column":5}}]},"3":{"type":"branch","line":23,"loc":{"start":{"line":23,"column":21},"end":{"line":25,"column":7}},"locations":[{"start":{"line":23,"column":21},"end":{"line":25,"column":7}}]},"4":{"type":"branch","line":34,"loc":{"start":{"line":34,"column":27},"end":{"line":34,"column":93}},"locations":[{"start":{"line":34,"column":27},"end":{"line":34,"column":93}}]},"5":{"type":"branch","line":36,"loc":{"start":{"line":36,"column":36},"end":{"line":97,"column":5}},"locations":[{"start":{"line":36,"column":36},"end":{"line":97,"column":5}}]},"6":{"type":"branch","line":43,"loc":{"start":{"line":43,"column":56},"end":{"line":43,"column":63}},"locations":[{"start":{"line":43,"column":56},"end":{"line":43,"column":63}}]},"7":{"type":"branch","line":81,"loc":{"start":{"line":81,"column":22},"end":{"line":93,"column":37}},"locations":[{"start":{"line":81,"column":22},"end":{"line":93,"column":37}}]},"8":{"type":"branch","line":93,"loc":{"start":{"line":93,"column":37},"end":{"line":95,"column":7}},"locations":[{"start":{"line":93,"column":37},"end":{"line":95,"column":7}}]},"9":{"type":"branch","line":95,"loc":{"start":{"line":95,"column":6},"end":{"line":96,"column":38}},"locations":[{"start":{"line":95,"column":6},"end":{"line":96,"column":38}}]},"10":{"type":"branch","line":40,"loc":{"start":{"line":40,"column":60},"end":{"line":40,"column":101}},"locations":[{"start":{"line":40,"column":60},"end":{"line":40,"column":101}}]},"11":{"type":"branch","line":64,"loc":{"start":{"line":64,"column":20},"end":{"line":79,"column":7}},"locations":[{"start":{"line":64,"column":20},"end":{"line":79,"column":7}}]},"12":{"type":"branch","line":65,"loc":{"start":{"line":65,"column":34},"end":{"line":71,"column":9}},"locations":[{"start":{"line":65,"column":34},"end":{"line":71,"column":9}}]},"13":{"type":"branch","line":68,"loc":{"start":{"line":68,"column":14},"end":{"line":70,"column":11}},"locations":[{"start":{"line":68,"column":14},"end":{"line":70,"column":11}}]},"14":{"type":"branch","line":75,"loc":{"start":{"line":75,"column":14},"end":{"line":77,"column":11}},"locations":[{"start":{"line":75,"column":14},"end":{"line":77,"column":11}}]},"15":{"type":"branch","line":85,"loc":{"start":{"line":85,"column":60},"end":{"line":89,"column":7}},"locations":[{"start":{"line":85,"column":60},"end":{"line":89,"column":7}}]}},"b":{"0":[20],"1":[4],"2":[2],"3":[18],"4":[8],"5":[2],"6":[1],"7":[1],"8":[1],"9":[1],"10":[8],"11":[8],"12":[6],"13":[3],"14":[4],"15":[4]},"fnMap":{"0":{"name":"validateForm","decl":{"start":{"line":12,"column":28},"end":{"line":99,"column":1}},"loc":{"start":{"line":12,"column":28},"end":{"line":99,"column":1}},"line":12},"1":{"name":"createJsonObject","decl":{"start":{"line":19,"column":29},"end":{"line":27,"column":5}},"loc":{"start":{"line":19,"column":29},"end":{"line":27,"column":5}},"line":19},"2":{"name":"resetCSSInputs","decl":{"start":{"line":34,"column":27},"end":{"line":34,"column":93}},"loc":{"start":{"line":34,"column":27},"end":{"line":34,"column":93}},"line":34}},"f":{"0":20,"1":2,"2":8}}
,"/Users/mateus/Projetos/lucas/form/src/validateName.ts": {"path":"/Users/mateus/Projetos/lucas/form/src/validateName.ts","all":false,"statementMap":{"0":{"start":{"line":1,"column":0},"end":{"line":1,"column":53}},"1":{"start":{"line":2,"column":0},"end":{"line":2,"column":22}},"2":{"start":{"line":3,"column":0},"end":{"line":3,"column":1}}},"s":{"0":1,"1":6,"2":6},"branchMap":{"0":{"type":"branch","line":1,"loc":{"start":{"line":1,"column":7},"end":{"line":3,"column":1}},"locations":[{"start":{"line":1,"column":7},"end":{"line":3,"column":1}}]}},"b":{"0":[6]},"fnMap":{"0":{"name":"validateName","decl":{"start":{"line":1,"column":7},"end":{"line":3,"column":1}},"loc":{"start":{"line":1,"column":7},"end":{"line":3,"column":1}},"line":1}},"f":{"0":6}}
,"/Users/mateus/Projetos/lucas/form/src/validatePhone.ts": {"path":"/Users/mateus/Projetos/lucas/form/src/validatePhone.ts","all":false,"statementMap":{"0":{"start":{"line":1,"column":0},"end":{"line":1,"column":67}},"1":{"start":{"line":2,"column":0},"end":{"line":2,"column":50}},"2":{"start":{"line":3,"column":0},"end":{"line":3,"column":39}},"3":{"start":{"line":4,"column":0},"end":{"line":4,"column":1}}},"s":{"0":1,"1":6,"2":6,"3":6},"branchMap":{"0":{"type":"branch","line":1,"loc":{"start":{"line":1,"column":7},"end":{"line":4,"column":1}},"locations":[{"start":{"line":1,"column":7},"end":{"line":4,"column":1}}]}},"b":{"0":[6]},"fnMap":{"0":{"name":"validatePhoneNumber","decl":{"start":{"line":1,"column":7},"end":{"line":4,"column":1}},"loc":{"start":{"line":1,"column":7},"end":{"line":4,"column":1}},"line":1}},"f":{"0":6}}
}
