{"/Users/mateus/Projetos/lucas/form/src/collectionInput.ts": {"path":"/Users/mateus/Projetos/lucas/form/src/collectionInput.ts","all":false,"statementMap":{"2":{"start":{"line":3,"column":0},"end":{"line":3,"column":85}},"3":{"start":{"line":4,"column":0},"end":{"line":4,"column":45}},"4":{"start":{"line":5,"column":0},"end":{"line":5,"column":24}},"5":{"start":{"line":6,"column":0},"end":{"line":6,"column":49}},"6":{"start":{"line":7,"column":0},"end":{"line":7,"column":25}},"7":{"start":{"line":8,"column":0},"end":{"line":8,"column":4}}},"s":{"2":1,"3":18,"4":18,"5":30,"6":30,"7":30},"branchMap":{"0":{"type":"branch","line":3,"loc":{"start":{"line":3,"column":31},"end":{"line":8,"column":4}},"locations":[{"start":{"line":3,"column":31},"end":{"line":8,"column":4}}]},"1":{"type":"branch","line":4,"loc":{"start":{"line":4,"column":10},"end":{"line":4,"column":44}},"locations":[{"start":{"line":4,"column":10},"end":{"line":4,"column":44}}]},"2":{"type":"branch","line":5,"loc":{"start":{"line":5,"column":7},"end":{"line":8,"column":4}},"locations":[{"start":{"line":5,"column":7},"end":{"line":8,"column":4}}]}},"b":{"0":[18],"1":[185],"2":[30]},"fnMap":{"0":{"name":"collectionInput","decl":{"start":{"line":3,"column":31},"end":{"line":8,"column":4}},"loc":{"start":{"line":3,"column":31},"end":{"line":8,"column":4}},"line":3}},"f":{"0":18}}
,"/Users/mateus/Projetos/lucas/form/src/createForm.ts": {"path":"/Users/mateus/Projetos/lucas/form/src/createForm.ts","all":false,"statementMap":{"0":{"start":{"line":1,"column":0},"end":{"line":1,"column":35}},"1":{"start":{"line":2,"column":0},"end":{"line":2,"column":39}},"2":{"start":{"line":3,"column":0},"end":{"line":3,"column":45}},"3":{"start":{"line":4,"column":0},"end":{"line":4,"column":51}},"4":{"start":{"line":5,"column":0},"end":{"line":5,"column":37}},"5":{"start":{"line":6,"column":0},"end":{"line":6,"column":41}},"6":{"start":{"line":7,"column":0},"end":{"line":7,"column":41}},"8":{"start":{"line":9,"column":0},"end":{"line":9,"column":41}},"9":{"start":{"line":10,"column":0},"end":{"line":10,"column":39}},"11":{"start":{"line":12,"column":0},"end":{"line":12,"column":33}},"12":{"start":{"line":13,"column":0},"end":{"line":13,"column":73}},"14":{"start":{"line":15,"column":0},"end":{"line":15,"column":15}},"15":{"start":{"line":16,"column":0},"end":{"line":16,"column":68}},"16":{"start":{"line":17,"column":0},"end":{"line":17,"column":10}},"17":{"start":{"line":18,"column":0},"end":{"line":18,"column":3}},"18":{"start":{"line":19,"column":0},"end":{"line":19,"column":28}},"21":{"start":{"line":22,"column":0},"end":{"line":22,"column":42}},"22":{"start":{"line":23,"column":0},"end":{"line":23,"column":38}},"23":{"start":{"line":24,"column":0},"end":{"line":24,"column":38}},"25":{"start":{"line":26,"column":0},"end":{"line":26,"column":19}},"26":{"start":{"line":27,"column":0},"end":{"line":27,"column":102}},"27":{"start":{"line":28,"column":0},"end":{"line":28,"column":10}},"28":{"start":{"line":29,"column":0},"end":{"line":29,"column":3}},"30":{"start":{"line":31,"column":0},"end":{"line":31,"column":17}},"31":{"start":{"line":32,"column":0},"end":{"line":32,"column":91}},"32":{"start":{"line":33,"column":0},"end":{"line":33,"column":10}},"33":{"start":{"line":34,"column":0},"end":{"line":34,"column":3}},"35":{"start":{"line":36,"column":0},"end":{"line":36,"column":46}},"36":{"start":{"line":37,"column":0},"end":{"line":37,"column":136}},"37":{"start":{"line":38,"column":0},"end":{"line":38,"column":10}},"38":{"start":{"line":39,"column":0},"end":{"line":39,"column":3}},"40":{"start":{"line":41,"column":0},"end":{"line":41,"column":22}},"41":{"start":{"line":42,"column":0},"end":{"line":42,"column":170}},"42":{"start":{"line":43,"column":0},"end":{"line":43,"column":50}},"49":{"start":{"line":50,"column":0},"end":{"line":50,"column":34}},"50":{"start":{"line":51,"column":0},"end":{"line":51,"column":82}},"51":{"start":{"line":52,"column":0},"end":{"line":52,"column":4}},"53":{"start":{"line":54,"column":0},"end":{"line":54,"column":57}},"54":{"start":{"line":55,"column":0},"end":{"line":55,"column":39}},"55":{"start":{"line":56,"column":0},"end":{"line":56,"column":43}},"56":{"start":{"line":57,"column":0},"end":{"line":57,"column":54}},"58":{"start":{"line":59,"column":0},"end":{"line":59,"column":43}},"59":{"start":{"line":60,"column":0},"end":{"line":60,"column":117}},"60":{"start":{"line":61,"column":0},"end":{"line":61,"column":120}},"61":{"start":{"line":62,"column":0},"end":{"line":62,"column":53}},"62":{"start":{"line":63,"column":0},"end":{"line":63,"column":41}},"63":{"start":{"line":64,"column":0},"end":{"line":64,"column":50}},"64":{"start":{"line":65,"column":0},"end":{"line":65,"column":48}},"66":{"start":{"line":67,"column":0},"end":{"line":67,"column":67}},"67":{"start":{"line":68,"column":0},"end":{"line":68,"column":64}},"68":{"start":{"line":69,"column":0},"end":{"line":69,"column":73}},"69":{"start":{"line":70,"column":0},"end":{"line":70,"column":71}},"71":{"start":{"line":72,"column":0},"end":{"line":72,"column":99}},"72":{"start":{"line":73,"column":0},"end":{"line":73,"column":77}},"73":{"start":{"line":74,"column":0},"end":{"line":74,"column":86}},"74":{"start":{"line":75,"column":0},"end":{"line":75,"column":84}},"75":{"start":{"line":76,"column":0},"end":{"line":76,"column":58}},"77":{"start":{"line":78,"column":0},"end":{"line":78,"column":108}},"78":{"start":{"line":79,"column":0},"end":{"line":79,"column":115}},"80":{"start":{"line":81,"column":0},"end":{"line":81,"column":85}},"81":{"start":{"line":82,"column":0},"end":{"line":82,"column":75}},"82":{"start":{"line":83,"column":0},"end":{"line":83,"column":77}},"83":{"start":{"line":84,"column":0},"end":{"line":84,"column":83}},"85":{"start":{"line":86,"column":0},"end":{"line":86,"column":67}},"86":{"start":{"line":87,"column":0},"end":{"line":87,"column":154}},"87":{"start":{"line":88,"column":0},"end":{"line":88,"column":172}},"88":{"start":{"line":89,"column":0},"end":{"line":89,"column":14}},"90":{"start":{"line":91,"column":0},"end":{"line":91,"column":74}},"95":{"start":{"line":96,"column":0},"end":{"line":96,"column":80}},"96":{"start":{"line":97,"column":0},"end":{"line":97,"column":81}},"100":{"start":{"line":101,"column":0},"end":{"line":101,"column":63}},"101":{"start":{"line":102,"column":0},"end":{"line":102,"column":63}},"104":{"start":{"line":105,"column":0},"end":{"line":105,"column":160}},"105":{"start":{"line":106,"column":0},"end":{"line":106,"column":175}},"107":{"start":{"line":108,"column":0},"end":{"line":108,"column":26}},"109":{"start":{"line":110,"column":0},"end":{"line":110,"column":157}},"110":{"start":{"line":111,"column":0},"end":{"line":111,"column":171}},"113":{"start":{"line":114,"column":0},"end":{"line":114,"column":163}},"114":{"start":{"line":115,"column":0},"end":{"line":115,"column":179}},"116":{"start":{"line":117,"column":0},"end":{"line":117,"column":24}},"118":{"start":{"line":119,"column":0},"end":{"line":119,"column":120}},"120":{"start":{"line":121,"column":0},"end":{"line":121,"column":34}},"121":{"start":{"line":122,"column":0},"end":{"line":122,"column":33}},"123":{"start":{"line":124,"column":0},"end":{"line":124,"column":161}},"124":{"start":{"line":125,"column":0},"end":{"line":125,"column":68}},"129":{"start":{"line":130,"column":0},"end":{"line":130,"column":28}},"132":{"start":{"line":133,"column":0},"end":{"line":133,"column":12}},"135":{"start":{"line":136,"column":0},"end":{"line":136,"column":54}},"136":{"start":{"line":137,"column":0},"end":{"line":137,"column":58}},"139":{"start":{"line":140,"column":0},"end":{"line":140,"column":45}},"140":{"start":{"line":141,"column":0},"end":{"line":141,"column":9}},"141":{"start":{"line":142,"column":0},"end":{"line":142,"column":13}},"142":{"start":{"line":143,"column":0},"end":{"line":143,"column":17}},"143":{"start":{"line":144,"column":0},"end":{"line":144,"column":3}},"144":{"start":{"line":145,"column":0},"end":{"line":145,"column":35}},"145":{"start":{"line":146,"column":0},"end":{"line":146,"column":1}}},"s":{"0":1,"1":1,"2":1,"3":1,"4":1,"5":1,"6":1,"8":1,"9":1,"11":1,"12":24,"14":24,"15":2,"16":2,"17":2,"18":22,"21":24,"22":24,"23":24,"25":24,"26":1,"27":1,"28":1,"30":24,"31":1,"32":1,"33":1,"35":24,"36":2,"37":2,"38":2,"40":18,"41":18,"42":18,"49":18,"50":84,"51":18,"53":18,"54":18,"55":24,"56":24,"58":24,"59":24,"60":24,"61":24,"62":24,"63":24,"64":24,"66":24,"67":24,"68":24,"69":24,"71":24,"72":24,"73":24,"74":24,"75":24,"77":24,"78":24,"80":24,"81":24,"82":24,"83":24,"85":24,"86":15,"87":15,"88":3,"90":24,"95":24,"96":24,"100":24,"101":24,"104":24,"105":24,"107":24,"109":24,"110":24,"113":24,"114":24,"116":24,"118":24,"120":24,"121":24,"123":24,"124":24,"129":24,"132":24,"135":24,"136":24,"139":24,"140":24,"141":24,"142":24,"143":24,"144":24,"145":24},"branchMap":{"0":{"type":"branch","line":12,"loc":{"start":{"line":12,"column":26},"end":{"line":146,"column":1}},"locations":[{"start":{"line":12,"column":26},"end":{"line":146,"column":1}}]},"1":{"type":"branch","line":15,"loc":{"start":{"line":15,"column":14},"end":{"line":18,"column":3}},"locations":[{"start":{"line":15,"column":14},"end":{"line":18,"column":3}}]},"2":{"type":"branch","line":18,"loc":{"start":{"line":18,"column":2},"end":{"line":22,"column":36}},"locations":[{"start":{"line":18,"column":2},"end":{"line":22,"column":36}}]},"3":{"type":"branch","line":22,"loc":{"start":{"line":22,"column":25},"end":{"line":22,"column":42}},"locations":[{"start":{"line":22,"column":25},"end":{"line":22,"column":42}}]},"4":{"type":"branch","line":23,"loc":{"start":{"line":23,"column":23},"end":{"line":23,"column":38}},"locations":[{"start":{"line":23,"column":23},"end":{"line":23,"column":38}}]},"5":{"type":"branch","line":24,"loc":{"start":{"line":24,"column":23},"end":{"line":24,"column":38}},"locations":[{"start":{"line":24,"column":23},"end":{"line":24,"column":38}}]},"6":{"type":"branch","line":26,"loc":{"start":{"line":26,"column":18},"end":{"line":29,"column":3}},"locations":[{"start":{"line":26,"column":18},"end":{"line":29,"column":3}}]},"7":{"type":"branch","line":29,"loc":{"start":{"line":29,"column":2},"end":{"line":31,"column":16}},"locations":[{"start":{"line":29,"column":2},"end":{"line":31,"column":16}}]},"8":{"type":"branch","line":31,"loc":{"start":{"line":31,"column":16},"end":{"line":34,"column":3}},"locations":[{"start":{"line":31,"column":16},"end":{"line":34,"column":3}}]},"9":{"type":"branch","line":34,"loc":{"start":{"line":34,"column":2},"end":{"line":36,"column":18}},"locations":[{"start":{"line":34,"column":2},"end":{"line":36,"column":18}}]},"10":{"type":"branch","line":36,"loc":{"start":{"line":36,"column":7},"end":{"line":36,"column":45}},"locations":[{"start":{"line":36,"column":7},"end":{"line":36,"column":45}}]},"11":{"type":"branch","line":36,"loc":{"start":{"line":36,"column":45},"end":{"line":39,"column":3}},"locations":[{"start":{"line":36,"column":45},"end":{"line":39,"column":3}}]},"12":{"type":"branch","line":39,"loc":{"start":{"line":39,"column":2},"end":{"line":46,"column":25}},"locations":[{"start":{"line":39,"column":2},"end":{"line":46,"column":25}}]},"13":{"type":"branch","line":46,"loc":{"start":{"line":46,"column":25},"end":{"line":48,"column":3}},"locations":[{"start":{"line":46,"column":25},"end":{"line":48,"column":3}}]},"14":{"type":"branch","line":48,"loc":{"start":{"line":48,"column":2},"end":{"line":55,"column":39}},"locations":[{"start":{"line":48,"column":2},"end":{"line":55,"column":39}}]},"15":{"type":"branch","line":59,"loc":{"start":{"line":59,"column":23},"end":{"line":59,"column":43}},"locations":[{"start":{"line":59,"column":23},"end":{"line":59,"column":43}}]},"16":{"type":"branch","line":60,"loc":{"start":{"line":60,"column":27},"end":{"line":60,"column":117}},"locations":[{"start":{"line":60,"column":27},"end":{"line":60,"column":117}}]},"17":{"type":"branch","line":61,"loc":{"start":{"line":61,"column":26},"end":{"line":61,"column":120}},"locations":[{"start":{"line":61,"column":26},"end":{"line":61,"column":120}}]},"18":{"type":"branch","line":62,"loc":{"start":{"line":62,"column":25},"end":{"line":62,"column":53}},"locations":[{"start":{"line":62,"column":25},"end":{"line":62,"column":53}}]},"19":{"type":"branch","line":63,"loc":{"start":{"line":63,"column":24},"end":{"line":63,"column":41}},"locations":[{"start":{"line":63,"column":24},"end":{"line":63,"column":41}}]},"20":{"type":"branch","line":64,"loc":{"start":{"line":64,"column":26},"end":{"line":64,"column":50}},"locations":[{"start":{"line":64,"column":26},"end":{"line":64,"column":50}}]},"21":{"type":"branch","line":65,"loc":{"start":{"line":65,"column":26},"end":{"line":65,"column":48}},"locations":[{"start":{"line":65,"column":26},"end":{"line":65,"column":48}}]},"22":{"type":"branch","line":67,"loc":{"start":{"line":67,"column":25},"end":{"line":67,"column":67}},"locations":[{"start":{"line":67,"column":25},"end":{"line":67,"column":67}}]},"23":{"type":"branch","line":68,"loc":{"start":{"line":68,"column":24},"end":{"line":68,"column":64}},"locations":[{"start":{"line":68,"column":24},"end":{"line":68,"column":64}}]},"24":{"type":"branch","line":69,"loc":{"start":{"line":69,"column":26},"end":{"line":69,"column":73}},"locations":[{"start":{"line":69,"column":26},"end":{"line":69,"column":73}}]},"25":{"type":"branch","line":70,"loc":{"start":{"line":70,"column":26},"end":{"line":70,"column":71}},"locations":[{"start":{"line":70,"column":26},"end":{"line":70,"column":71}}]},"26":{"type":"branch","line":72,"loc":{"start":{"line":72,"column":27},"end":{"line":72,"column":97}},"locations":[{"start":{"line":72,"column":27},"end":{"line":72,"column":97}}]},"27":{"type":"branch","line":72,"loc":{"start":{"line":72,"column":69},"end":{"line":72,"column":99}},"locations":[{"start":{"line":72,"column":69},"end":{"line":72,"column":99}}]},"28":{"type":"branch","line":73,"loc":{"start":{"line":73,"column":26},"end":{"line":73,"column":75}},"locations":[{"start":{"line":73,"column":26},"end":{"line":73,"column":75}}]},"29":{"type":"branch","line":73,"loc":{"start":{"line":73,"column":49},"end":{"line":73,"column":75}},"locations":[{"start":{"line":73,"column":49},"end":{"line":73,"column":75}}]},"30":{"type":"branch","line":73,"loc":{"start":{"line":73,"column":67},"end":{"line":73,"column":77}},"locations":[{"start":{"line":73,"column":67},"end":{"line":73,"column":77}}]},"31":{"type":"branch","line":74,"loc":{"start":{"line":74,"column":28},"end":{"line":74,"column":84}},"locations":[{"start":{"line":74,"column":28},"end":{"line":74,"column":84}}]},"32":{"type":"branch","line":74,"loc":{"start":{"line":74,"column":51},"end":{"line":74,"column":84}},"locations":[{"start":{"line":74,"column":51},"end":{"line":74,"column":84}}]},"33":{"type":"branch","line":74,"loc":{"start":{"line":74,"column":71},"end":{"line":74,"column":86}},"locations":[{"start":{"line":74,"column":71},"end":{"line":74,"column":86}}]},"34":{"type":"branch","line":75,"loc":{"start":{"line":75,"column":28},"end":{"line":75,"column":82}},"locations":[{"start":{"line":75,"column":28},"end":{"line":75,"column":82}}]},"35":{"type":"branch","line":75,"loc":{"start":{"line":75,"column":51},"end":{"line":75,"column":82}},"locations":[{"start":{"line":75,"column":51},"end":{"line":75,"column":82}}]},"36":{"type":"branch","line":75,"loc":{"start":{"line":75,"column":71},"end":{"line":75,"column":84}},"locations":[{"start":{"line":75,"column":71},"end":{"line":75,"column":84}}]},"37":{"type":"branch","line":76,"loc":{"start":{"line":76,"column":27},"end":{"line":76,"column":58}},"locations":[{"start":{"line":76,"column":27},"end":{"line":76,"column":58}}]},"38":{"type":"branch","line":78,"loc":{"start":{"line":78,"column":26},"end":{"line":78,"column":108}},"locations":[{"start":{"line":78,"column":26},"end":{"line":78,"column":108}}]},"39":{"type":"branch","line":79,"loc":{"start":{"line":79,"column":25},"end":{"line":79,"column":115}},"locations":[{"start":{"line":79,"column":25},"end":{"line":79,"column":115}}]},"40":{"type":"branch","line":81,"loc":{"start":{"line":81,"column":28},"end":{"line":81,"column":85}},"locations":[{"start":{"line":81,"column":28},"end":{"line":81,"column":85}}]},"41":{"type":"branch","line":82,"loc":{"start":{"line":82,"column":32},"end":{"line":82,"column":75}},"locations":[{"start":{"line":82,"column":32},"end":{"line":82,"column":75}}]},"42":{"type":"branch","line":83,"loc":{"start":{"line":83,"column":32},"end":{"line":83,"column":77}},"locations":[{"start":{"line":83,"column":32},"end":{"line":83,"column":77}}]},"43":{"type":"branch","line":84,"loc":{"start":{"line":84,"column":31},"end":{"line":84,"column":83}},"locations":[{"start":{"line":84,"column":31},"end":{"line":84,"column":83}}]},"44":{"type":"branch","line":86,"loc":{"start":{"line":86,"column":24},"end":{"line":88,"column":172}},"locations":[{"start":{"line":86,"column":24},"end":{"line":88,"column":172}}]},"45":{"type":"branch","line":88,"loc":{"start":{"line":88,"column":164},"end":{"line":89,"column":14}},"locations":[{"start":{"line":88,"column":164},"end":{"line":89,"column":14}}]},"46":{"type":"branch","line":50,"loc":{"start":{"line":50,"column":13},"end":{"line":52,"column":3}},"locations":[{"start":{"line":50,"column":13},"end":{"line":52,"column":3}}]}},"b":{"0":[24],"1":[2],"2":[22],"3":[21],"4":[20],"5":[20],"6":[1],"7":[21],"8":[1],"9":[20],"10":[19],"11":[2],"12":[18],"13":[1],"14":[1],"15":[18],"16":[17],"17":[17],"18":[1],"19":[1],"20":[2],"21":[17],"22":[18],"23":[18],"24":[18],"25":[18],"26":[17],"27":[1],"28":[17],"29":[16],"30":[1],"31":[17],"32":[3],"33":[1],"34":[17],"35":[3],"36":[1],"37":[3],"38":[18],"39":[18],"40":[18],"41":[18],"42":[18],"43":[18],"44":[15],"45":[3],"46":[84]},"fnMap":{"0":{"name":"createForm","decl":{"start":{"line":12,"column":26},"end":{"line":146,"column":1}},"loc":{"start":{"line":12,"column":26},"end":{"line":146,"column":1}},"line":12}},"f":{"0":24}}
,"/Users/mateus/Projetos/lucas/form/src/filterObject.ts": {"path":"/Users/mateus/Projetos/lucas/form/src/filterObject.ts","all":false,"statementMap":{"0":{"start":{"line":1,"column":0},"end":{"line":1,"column":65}},"2":{"start":{"line":3,"column":0},"end":{"line":3,"column":206}},"4":{"start":{"line":5,"column":0},"end":{"line":5,"column":38}},"5":{"start":{"line":6,"column":0},"end":{"line":6,"column":94}},"6":{"start":{"line":7,"column":0},"end":{"line":7,"column":20}},"7":{"start":{"line":8,"column":0},"end":{"line":8,"column":26}},"8":{"start":{"line":9,"column":0},"end":{"line":9,"column":31}},"9":{"start":{"line":10,"column":0},"end":{"line":10,"column":38}},"10":{"start":{"line":11,"column":0},"end":{"line":11,"column":26}},"11":{"start":{"line":12,"column":0},"end":{"line":12,"column":16}},"12":{"start":{"line":13,"column":0},"end":{"line":13,"column":10}},"14":{"start":{"line":15,"column":0},"end":{"line":15,"column":14}},"15":{"start":{"line":16,"column":0},"end":{"line":16,"column":1}}},"s":{"0":1,"2":3,"4":3,"5":3,"6":3,"7":10,"8":3,"9":10,"10":10,"11":10,"12":3,"14":3,"15":3},"branchMap":{"0":{"type":"branch","line":1,"loc":{"start":{"line":1,"column":28},"end":{"line":16,"column":1}},"locations":[{"start":{"line":1,"column":28},"end":{"line":16,"column":1}}]},"1":{"type":"branch","line":6,"loc":{"start":{"line":6,"column":12},"end":{"line":6,"column":93}},"locations":[{"start":{"line":6,"column":12},"end":{"line":6,"column":93}}]},"2":{"type":"branch","line":7,"loc":{"start":{"line":7,"column":9},"end":{"line":9,"column":6}},"locations":[{"start":{"line":7,"column":9},"end":{"line":9,"column":6}}]},"3":{"type":"branch","line":9,"loc":{"start":{"line":9,"column":15},"end":{"line":13,"column":7}},"locations":[{"start":{"line":9,"column":15},"end":{"line":13,"column":7}}]}},"b":{"0":[3],"1":[36],"2":[10],"3":[10]},"fnMap":{"0":{"name":"filterObject","decl":{"start":{"line":1,"column":28},"end":{"line":16,"column":1}},"loc":{"start":{"line":1,"column":28},"end":{"line":16,"column":1}},"line":1}},"f":{"0":3}}
,"/Users/mateus/Projetos/lucas/form/src/isValidURL.ts": {"path":"/Users/mateus/Projetos/lucas/form/src/isValidURL.ts","all":false,"statementMap":{"0":{"start":{"line":1,"column":0},"end":{"line":1,"column":65}},"1":{"start":{"line":2,"column":0},"end":{"line":2,"column":13}},"2":{"start":{"line":3,"column":0},"end":{"line":3,"column":16}},"3":{"start":{"line":4,"column":0},"end":{"line":4,"column":3}},"4":{"start":{"line":5,"column":0},"end":{"line":5,"column":27}},"5":{"start":{"line":6,"column":0},"end":{"line":6,"column":49}},"10":{"start":{"line":11,"column":0},"end":{"line":11,"column":49}},"11":{"start":{"line":12,"column":0},"end":{"line":12,"column":3}},"13":{"start":{"line":14,"column":0},"end":{"line":14,"column":26}},"14":{"start":{"line":15,"column":0},"end":{"line":15,"column":1}}},"s":{"0":1,"1":24,"2":1,"3":1,"4":23,"5":23,"10":23,"11":23,"13":23,"14":23},"branchMap":{"0":{"type":"branch","line":1,"loc":{"start":{"line":1,"column":26},"end":{"line":15,"column":1}},"locations":[{"start":{"line":1,"column":26},"end":{"line":15,"column":1}}]},"1":{"type":"branch","line":2,"loc":{"start":{"line":2,"column":12},"end":{"line":4,"column":3}},"locations":[{"start":{"line":2,"column":12},"end":{"line":4,"column":3}}]},"2":{"type":"branch","line":4,"loc":{"start":{"line":4,"column":2},"end":{"line":15,"column":1}},"locations":[{"start":{"line":4,"column":2},"end":{"line":15,"column":1}}]}},"b":{"0":[24],"1":[1],"2":[23]},"fnMap":{"0":{"name":"isValidURL","decl":{"start":{"line":1,"column":26},"end":{"line":15,"column":1}},"loc":{"start":{"line":1,"column":26},"end":{"line":15,"column":1}},"line":1}},"f":{"0":24}}
,"/Users/mateus/Projetos/lucas/form/src/loadingBox.ts": {"path":"/Users/mateus/Projetos/lucas/form/src/loadingBox.ts","all":false,"statementMap":{"0":{"start":{"line":1,"column":0},"end":{"line":1,"column":30}},"1":{"start":{"line":2,"column":0},"end":{"line":2,"column":68}},"3":{"start":{"line":4,"column":0},"end":{"line":4,"column":63}},"4":{"start":{"line":5,"column":0},"end":{"line":5,"column":64}},"6":{"start":{"line":7,"column":0},"end":{"line":7,"column":78}},"10":{"start":{"line":11,"column":0},"end":{"line":11,"column":10}},"11":{"start":{"line":12,"column":0},"end":{"line":12,"column":38}},"12":{"start":{"line":13,"column":0},"end":{"line":13,"column":3}},"13":{"start":{"line":14,"column":0},"end":{"line":14,"column":1}}},"s":{"0":1,"1":21,"3":21,"4":21,"6":21,"10":21,"11":21,"12":21,"13":21},"branchMap":{"0":{"type":"branch","line":1,"loc":{"start":{"line":1,"column":7},"end":{"line":14,"column":1}},"locations":[{"start":{"line":1,"column":7},"end":{"line":14,"column":1}}]},"1":{"type":"branch","line":4,"loc":{"start":{"line":4,"column":23},"end":{"line":4,"column":63}},"locations":[{"start":{"line":4,"column":23},"end":{"line":4,"column":63}}]},"2":{"type":"branch","line":5,"loc":{"start":{"line":5,"column":21},"end":{"line":5,"column":64}},"locations":[{"start":{"line":5,"column":21},"end":{"line":5,"column":64}}]}},"b":{"0":[21],"1":[2],"2":[1]},"fnMap":{"0":{"name":"loadingBox","decl":{"start":{"line":1,"column":7},"end":{"line":14,"column":1}},"loc":{"start":{"line":1,"column":7},"end":{"line":14,"column":1}},"line":1},"1":{"name":"startLoading","decl":{"start":{"line":4,"column":23},"end":{"line":4,"column":63}},"loc":{"start":{"line":4,"column":23},"end":{"line":4,"column":63}},"line":4},"2":{"name":"endLoading","decl":{"start":{"line":5,"column":21},"end":{"line":5,"column":64}},"loc":{"start":{"line":5,"column":21},"end":{"line":5,"column":64}},"line":5}},"f":{"0":21,"1":2,"2":1}}
,"/Users/mateus/Projetos/lucas/form/src/main.ts": {"path":"/Users/mateus/Projetos/lucas/form/src/main.ts","all":true,"statementMap":{},"s":{},"branchMap":{"0":{"type":"branch","line":1,"loc":{"start":{"line":1,"column":156},"end":{"line":6,"column":12}},"locations":[{"start":{"line":1,"column":156},"end":{"line":6,"column":12}}]}},"b":{"0":[1]},"fnMap":{"0":{"name":"(empty-report)","decl":{"start":{"line":1,"column":156},"end":{"line":6,"column":12}},"loc":{"start":{"line":1,"column":156},"end":{"line":6,"column":12}},"line":1}},"f":{"0":1}}
,"/Users/mateus/Projetos/lucas/form/src/maskCPF.ts": {"path":"/Users/mateus/Projetos/lucas/form/src/maskCPF.ts","all":false,"statementMap":{"0":{"start":{"line":1,"column":0},"end":{"line":1,"column":56}},"2":{"start":{"line":3,"column":0},"end":{"line":3,"column":41}},"3":{"start":{"line":4,"column":0},"end":{"line":4,"column":46}},"4":{"start":{"line":5,"column":0},"end":{"line":5,"column":43}},"5":{"start":{"line":6,"column":0},"end":{"line":6,"column":39}},"6":{"start":{"line":7,"column":0},"end":{"line":7,"column":46}},"7":{"start":{"line":8,"column":0},"end":{"line":8,"column":30}},"8":{"start":{"line":9,"column":0},"end":{"line":9,"column":23}},"9":{"start":{"line":10,"column":0},"end":{"line":10,"column":28}},"10":{"start":{"line":11,"column":0},"end":{"line":11,"column":34}},"11":{"start":{"line":12,"column":0},"end":{"line":12,"column":34}},"12":{"start":{"line":13,"column":0},"end":{"line":13,"column":34}},"13":{"start":{"line":14,"column":0},"end":{"line":14,"column":21}},"14":{"start":{"line":15,"column":0},"end":{"line":15,"column":8}},"15":{"start":{"line":16,"column":0},"end":{"line":16,"column":4}},"16":{"start":{"line":17,"column":0},"end":{"line":17,"column":1}}},"s":{"0":1,"2":18,"3":22,"4":22,"5":22,"6":22,"7":22,"8":22,"9":22,"10":22,"11":22,"12":22,"13":22,"14":22,"15":18,"16":18},"branchMap":{"0":{"type":"branch","line":1,"loc":{"start":{"line":1,"column":7},"end":{"line":17,"column":1}},"locations":[{"start":{"line":1,"column":7},"end":{"line":17,"column":1}}]},"1":{"type":"branch","line":3,"loc":{"start":{"line":3,"column":34},"end":{"line":16,"column":3}},"locations":[{"start":{"line":3,"column":34},"end":{"line":16,"column":3}}]},"2":{"type":"branch","line":8,"loc":{"start":{"line":8,"column":6},"end":{"line":15,"column":7}},"locations":[{"start":{"line":8,"column":6},"end":{"line":15,"column":7}}]},"3":{"type":"branch","line":11,"loc":{"start":{"line":11,"column":16},"end":{"line":11,"column":34}},"locations":[{"start":{"line":11,"column":16},"end":{"line":11,"column":34}}]},"4":{"type":"branch","line":12,"loc":{"start":{"line":12,"column":16},"end":{"line":12,"column":34}},"locations":[{"start":{"line":12,"column":16},"end":{"line":12,"column":34}}]},"5":{"type":"branch","line":13,"loc":{"start":{"line":13,"column":16},"end":{"line":13,"column":34}},"locations":[{"start":{"line":13,"column":16},"end":{"line":13,"column":34}}]}},"b":{"0":[18],"1":[22],"2":[22],"3":[16],"4":[10],"5":[4]},"fnMap":{"0":{"name":"maskCPF","decl":{"start":{"line":1,"column":7},"end":{"line":17,"column":1}},"loc":{"start":{"line":1,"column":7},"end":{"line":17,"column":1}},"line":1}},"f":{"0":18}}
,"/Users/mateus/Projetos/lucas/form/src/maskPhone.ts": {"path":"/Users/mateus/Projetos/lucas/form/src/maskPhone.ts","all":false,"statementMap":{"0":{"start":{"line":1,"column":0},"end":{"line":1,"column":58}},"1":{"start":{"line":2,"column":0},"end":{"line":2,"column":41}},"2":{"start":{"line":3,"column":0},"end":{"line":3,"column":46}},"4":{"start":{"line":5,"column":0},"end":{"line":5,"column":28}},"5":{"start":{"line":6,"column":0},"end":{"line":6,"column":32}},"6":{"start":{"line":7,"column":0},"end":{"line":7,"column":5}},"8":{"start":{"line":9,"column":0},"end":{"line":9,"column":27}},"10":{"start":{"line":11,"column":0},"end":{"line":11,"column":27}},"11":{"start":{"line":12,"column":0},"end":{"line":12,"column":46}},"13":{"start":{"line":14,"column":0},"end":{"line":14,"column":29}},"14":{"start":{"line":15,"column":0},"end":{"line":15,"column":74}},"16":{"start":{"line":17,"column":0},"end":{"line":17,"column":57}},"17":{"start":{"line":18,"column":0},"end":{"line":18,"column":72}},"18":{"start":{"line":19,"column":0},"end":{"line":19,"column":9}},"19":{"start":{"line":20,"column":0},"end":{"line":20,"column":7}},"20":{"start":{"line":21,"column":0},"end":{"line":21,"column":5}},"22":{"start":{"line":23,"column":0},"end":{"line":23,"column":32}},"23":{"start":{"line":24,"column":0},"end":{"line":24,"column":4}},"24":{"start":{"line":25,"column":0},"end":{"line":25,"column":1}}},"s":{"0":1,"1":20,"2":36,"4":36,"5":1,"6":1,"8":36,"10":36,"11":36,"13":36,"14":30,"16":30,"17":17,"18":17,"19":30,"20":36,"22":36,"23":20,"24":20},"branchMap":{"0":{"type":"branch","line":1,"loc":{"start":{"line":1,"column":7},"end":{"line":25,"column":1}},"locations":[{"start":{"line":1,"column":7},"end":{"line":25,"column":1}}]},"1":{"type":"branch","line":2,"loc":{"start":{"line":2,"column":34},"end":{"line":24,"column":3}},"locations":[{"start":{"line":2,"column":34},"end":{"line":24,"column":3}}]},"2":{"type":"branch","line":5,"loc":{"start":{"line":5,"column":27},"end":{"line":7,"column":5}},"locations":[{"start":{"line":5,"column":27},"end":{"line":7,"column":5}}]},"3":{"type":"branch","line":14,"loc":{"start":{"line":14,"column":28},"end":{"line":20,"column":7}},"locations":[{"start":{"line":14,"column":28},"end":{"line":20,"column":7}}]},"4":{"type":"branch","line":15,"loc":{"start":{"line":15,"column":63},"end":{"line":15,"column":72}},"locations":[{"start":{"line":15,"column":63},"end":{"line":15,"column":72}}]},"5":{"type":"branch","line":15,"loc":{"start":{"line":15,"column":68},"end":{"line":15,"column":73}},"locations":[{"start":{"line":15,"column":68},"end":{"line":15,"column":73}}]},"6":{"type":"branch","line":17,"loc":{"start":{"line":17,"column":43},"end":{"line":17,"column":52}},"locations":[{"start":{"line":17,"column":43},"end":{"line":17,"column":52}}]},"7":{"type":"branch","line":17,"loc":{"start":{"line":17,"column":48},"end":{"line":17,"column":56}},"locations":[{"start":{"line":17,"column":48},"end":{"line":17,"column":56}}]},"8":{"type":"branch","line":17,"loc":{"start":{"line":17,"column":56},"end":{"line":19,"column":9}},"locations":[{"start":{"line":17,"column":56},"end":{"line":19,"column":9}}]},"9":{"type":"branch","line":18,"loc":{"start":{"line":18,"column":61},"end":{"line":18,"column":70}},"locations":[{"start":{"line":18,"column":61},"end":{"line":18,"column":70}}]},"10":{"type":"branch","line":18,"loc":{"start":{"line":18,"column":66},"end":{"line":18,"column":71}},"locations":[{"start":{"line":18,"column":66},"end":{"line":18,"column":71}}]}},"b":{"0":[20],"1":[36],"2":[1],"3":[30],"4":[4],"5":[26],"6":[4],"7":[26],"8":[17],"9":[4],"10":[13]},"fnMap":{"0":{"name":"maskPhone","decl":{"start":{"line":1,"column":7},"end":{"line":25,"column":1}},"loc":{"start":{"line":1,"column":7},"end":{"line":25,"column":1}},"line":1}},"f":{"0":20}}
,"/Users/mateus/Projetos/lucas/form/src/modalBox.ts": {"path":"/Users/mateus/Projetos/lucas/form/src/modalBox.ts","all":false,"statementMap":{"0":{"start":{"line":1,"column":0},"end":{"line":1,"column":34}},"1":{"start":{"line":2,"column":0},"end":{"line":2,"column":61}},"2":{"start":{"line":3,"column":0},"end":{"line":3,"column":70}},"3":{"start":{"line":4,"column":0},"end":{"line":4,"column":67}},"4":{"start":{"line":5,"column":0},"end":{"line":5,"column":74}},"5":{"start":{"line":6,"column":0},"end":{"line":6,"column":37}},"6":{"start":{"line":7,"column":0},"end":{"line":7,"column":55}},"7":{"start":{"line":8,"column":0},"end":{"line":8,"column":28}},"8":{"start":{"line":9,"column":0},"end":{"line":9,"column":36}},"9":{"start":{"line":10,"column":0},"end":{"line":10,"column":23}},"10":{"start":{"line":11,"column":0},"end":{"line":11,"column":6}},"11":{"start":{"line":12,"column":0},"end":{"line":12,"column":4}},"12":{"start":{"line":13,"column":0},"end":{"line":13,"column":58}},"13":{"start":{"line":14,"column":0},"end":{"line":14,"column":26}},"14":{"start":{"line":15,"column":0},"end":{"line":15,"column":37}},"15":{"start":{"line":16,"column":0},"end":{"line":16,"column":4}},"16":{"start":{"line":17,"column":0},"end":{"line":17,"column":1}}},"s":{"0":1,"1":18,"2":18,"3":18,"4":18,"5":18,"6":30,"7":2,"8":2,"9":2,"10":30,"11":18,"12":18,"13":1,"14":1,"15":18,"16":18},"branchMap":{"0":{"type":"branch","line":1,"loc":{"start":{"line":1,"column":7},"end":{"line":17,"column":1}},"locations":[{"start":{"line":1,"column":7},"end":{"line":17,"column":1}}]},"1":{"type":"branch","line":6,"loc":{"start":{"line":6,"column":24},"end":{"line":12,"column":3}},"locations":[{"start":{"line":6,"column":24},"end":{"line":12,"column":3}}]},"2":{"type":"branch","line":7,"loc":{"start":{"line":7,"column":37},"end":{"line":11,"column":5}},"locations":[{"start":{"line":7,"column":37},"end":{"line":11,"column":5}}]},"3":{"type":"branch","line":13,"loc":{"start":{"line":13,"column":40},"end":{"line":16,"column":3}},"locations":[{"start":{"line":13,"column":40},"end":{"line":16,"column":3}}]}},"b":{"0":[18],"1":[30],"2":[2],"3":[1]},"fnMap":{"0":{"name":"modalBox","decl":{"start":{"line":1,"column":7},"end":{"line":17,"column":1}},"loc":{"start":{"line":1,"column":7},"end":{"line":17,"column":1}},"line":1}},"f":{"0":18}}
,"/Users/mateus/Projetos/lucas/form/src/processForm.ts": {"path":"/Users/mateus/Projetos/lucas/form/src/processForm.ts","all":false,"statementMap":{},"s":{},"branchMap":{"0":{"type":"branch","line":5,"loc":{"start":{"line":5,"column":27},"end":{"line":30,"column":1}},"locations":[{"start":{"line":5,"column":27},"end":{"line":30,"column":1}}]},"1":{"type":"branch","line":29,"loc":{"start":{"line":29,"column":5},"end":{"line":30,"column":1}},"locations":[{"start":{"line":29,"column":5},"end":{"line":30,"column":1}}]}},"b":{"0":[1],"1":[1]},"fnMap":{"0":{"name":"processForm","decl":{"start":{"line":5,"column":27},"end":{"line":30,"column":1}},"loc":{"start":{"line":5,"column":27},"end":{"line":30,"column":1}},"line":5}},"f":{"0":1}}
,"/Users/mateus/Projetos/lucas/form/src/resultBox.ts": {"path":"/Users/mateus/Projetos/lucas/form/src/resultBox.ts","all":false,"statementMap":{"0":{"start":{"line":1,"column":0},"end":{"line":1,"column":29}},"1":{"start":{"line":2,"column":0},"end":{"line":2,"column":66}},"3":{"start":{"line":4,"column":0},"end":{"line":4,"column":55}},"4":{"start":{"line":5,"column":0},"end":{"line":5,"column":56}},"5":{"start":{"line":6,"column":0},"end":{"line":6,"column":74}},"6":{"start":{"line":7,"column":0},"end":{"line":7,"column":72}},"7":{"start":{"line":8,"column":0},"end":{"line":8,"column":121}},"8":{"start":{"line":9,"column":0},"end":{"line":9,"column":26}},"9":{"start":{"line":10,"column":0},"end":{"line":10,"column":9}},"10":{"start":{"line":11,"column":0},"end":{"line":11,"column":4}},"12":{"start":{"line":13,"column":0},"end":{"line":13,"column":76}},"19":{"start":{"line":20,"column":0},"end":{"line":20,"column":10}},"20":{"start":{"line":21,"column":0},"end":{"line":21,"column":45}},"21":{"start":{"line":22,"column":0},"end":{"line":22,"column":3}},"22":{"start":{"line":23,"column":0},"end":{"line":23,"column":1}}},"s":{"0":1,"1":30,"3":30,"4":30,"5":30,"6":30,"7":30,"8":1,"9":1,"10":1,"12":30,"19":30,"20":30,"21":30,"22":30},"branchMap":{"0":{"type":"branch","line":1,"loc":{"start":{"line":1,"column":7},"end":{"line":23,"column":1}},"locations":[{"start":{"line":1,"column":7},"end":{"line":23,"column":1}}]},"1":{"type":"branch","line":4,"loc":{"start":{"line":4,"column":16},"end":{"line":4,"column":55}},"locations":[{"start":{"line":4,"column":16},"end":{"line":4,"column":55}}]},"2":{"type":"branch","line":5,"loc":{"start":{"line":5,"column":14},"end":{"line":5,"column":56}},"locations":[{"start":{"line":5,"column":14},"end":{"line":5,"column":56}}]},"3":{"type":"branch","line":6,"loc":{"start":{"line":6,"column":16},"end":{"line":6,"column":74}},"locations":[{"start":{"line":6,"column":16},"end":{"line":6,"column":74}}]},"4":{"type":"branch","line":7,"loc":{"start":{"line":7,"column":15},"end":{"line":7,"column":72}},"locations":[{"start":{"line":7,"column":15},"end":{"line":7,"column":72}}]},"5":{"type":"branch","line":8,"loc":{"start":{"line":8,"column":17},"end":{"line":11,"column":4}},"locations":[{"start":{"line":8,"column":17},"end":{"line":11,"column":4}}]},"6":{"type":"branch","line":8,"loc":{"start":{"line":8,"column":103},"end":{"line":11,"column":3}},"locations":[{"start":{"line":8,"column":103},"end":{"line":11,"column":3}}]}},"b":{"0":[30],"1":[3],"2":[2],"3":[1],"4":[1],"5":[1],"6":[1]},"fnMap":{"0":{"name":"resultBox","decl":{"start":{"line":1,"column":7},"end":{"line":23,"column":1}},"loc":{"start":{"line":1,"column":7},"end":{"line":23,"column":1}},"line":1},"1":{"name":"start","decl":{"start":{"line":4,"column":16},"end":{"line":4,"column":55}},"loc":{"start":{"line":4,"column":16},"end":{"line":4,"column":55}},"line":4},"2":{"name":"end","decl":{"start":{"line":5,"column":14},"end":{"line":5,"column":56}},"loc":{"start":{"line":5,"column":14},"end":{"line":5,"column":56}},"line":5},"3":{"name":"title","decl":{"start":{"line":6,"column":16},"end":{"line":6,"column":74}},"loc":{"start":{"line":6,"column":16},"end":{"line":6,"column":74}},"line":6},"4":{"name":"text","decl":{"start":{"line":7,"column":15},"end":{"line":7,"column":72}},"loc":{"start":{"line":7,"column":15},"end":{"line":7,"column":72}},"line":7},"5":{"name":"button","decl":{"start":{"line":8,"column":17},"end":{"line":11,"column":4}},"loc":{"start":{"line":8,"column":17},"end":{"line":11,"column":4}},"line":8}},"f":{"0":30,"1":3,"2":2,"3":1,"4":1,"5":1}}
,"/Users/mateus/Projetos/lucas/form/src/types.ts": {"path":"/Users/mateus/Projetos/lucas/form/src/types.ts","all":true,"statementMap":{},"s":{},"branchMap":{"0":{"type":"branch","line":1,"loc":{"start":{"line":1,"column":164},"end":{"line":10,"column":1}},"locations":[{"start":{"line":1,"column":164},"end":{"line":10,"column":1}}]}},"b":{"0":[1]},"fnMap":{"0":{"name":"(empty-report)","decl":{"start":{"line":1,"column":164},"end":{"line":10,"column":1}},"loc":{"start":{"line":1,"column":164},"end":{"line":10,"column":1}},"line":1}},"f":{"0":1}}
,"/Users/mateus/Projetos/lucas/form/src/urlBuilder.ts": {"path":"/Users/mateus/Projetos/lucas/form/src/urlBuilder.ts","all":false,"statementMap":{"2":{"start":{"line":3,"column":0},"end":{"line":3,"column":57}},"3":{"start":{"line":4,"column":0},"end":{"line":4,"column":76}},"4":{"start":{"line":5,"column":0},"end":{"line":5,"column":39}},"5":{"start":{"line":6,"column":0},"end":{"line":6,"column":29}},"6":{"start":{"line":7,"column":0},"end":{"line":7,"column":25}},"7":{"start":{"line":8,"column":0},"end":{"line":8,"column":40}},"8":{"start":{"line":9,"column":0},"end":{"line":9,"column":17}},"9":{"start":{"line":10,"column":0},"end":{"line":10,"column":35}},"10":{"start":{"line":11,"column":0},"end":{"line":11,"column":38}},"11":{"start":{"line":12,"column":0},"end":{"line":12,"column":6}},"12":{"start":{"line":13,"column":0},"end":{"line":13,"column":4}},"13":{"start":{"line":14,"column":0},"end":{"line":14,"column":15}},"14":{"start":{"line":15,"column":0},"end":{"line":15,"column":1}}},"s":{"2":1,"3":2,"4":2,"5":2,"6":2,"7":16,"8":16,"9":16,"10":16,"11":16,"12":2,"13":2,"14":2},"branchMap":{"0":{"type":"branch","line":3,"loc":{"start":{"line":3,"column":26},"end":{"line":15,"column":1}},"locations":[{"start":{"line":3,"column":26},"end":{"line":15,"column":1}}]},"1":{"type":"branch","line":4,"loc":{"start":{"line":4,"column":44},"end":{"line":4,"column":70}},"locations":[{"start":{"line":4,"column":44},"end":{"line":4,"column":70}}]},"2":{"type":"branch","line":4,"loc":{"start":{"line":4,"column":66},"end":{"line":4,"column":76}},"locations":[{"start":{"line":4,"column":66},"end":{"line":4,"column":76}}]},"3":{"type":"branch","line":7,"loc":{"start":{"line":7,"column":16},"end":{"line":13,"column":3}},"locations":[{"start":{"line":7,"column":16},"end":{"line":13,"column":3}}]}},"b":{"0":[2],"1":[1],"2":[1],"3":[16]},"fnMap":{"0":{"name":"urlBuilder","decl":{"start":{"line":3,"column":26},"end":{"line":15,"column":1}},"loc":{"start":{"line":3,"column":26},"end":{"line":15,"column":1}},"line":3}},"f":{"0":2}}
,"/Users/mateus/Projetos/lucas/form/src/validateCPF.ts": {"path":"/Users/mateus/Projetos/lucas/form/src/validateCPF.ts","all":false,"statementMap":{"0":{"start":{"line":1,"column":0},"end":{"line":1,"column":51}},"2":{"start":{"line":3,"column":0},"end":{"line":3,"column":34}},"5":{"start":{"line":6,"column":0},"end":{"line":6,"column":26}},"6":{"start":{"line":7,"column":0},"end":{"line":7,"column":16}},"7":{"start":{"line":8,"column":0},"end":{"line":8,"column":3}},"10":{"start":{"line":11,"column":0},"end":{"line":11,"column":30}},"11":{"start":{"line":12,"column":0},"end":{"line":12,"column":16}},"12":{"start":{"line":13,"column":0},"end":{"line":13,"column":3}},"15":{"start":{"line":16,"column":0},"end":{"line":16,"column":13}},"16":{"start":{"line":17,"column":0},"end":{"line":17,"column":31}},"17":{"start":{"line":18,"column":0},"end":{"line":18,"column":45}},"18":{"start":{"line":19,"column":0},"end":{"line":19,"column":3}},"19":{"start":{"line":20,"column":0},"end":{"line":20,"column":27}},"20":{"start":{"line":21,"column":0},"end":{"line":21,"column":33}},"21":{"start":{"line":22,"column":0},"end":{"line":22,"column":11}},"22":{"start":{"line":23,"column":0},"end":{"line":23,"column":3}},"23":{"start":{"line":24,"column":0},"end":{"line":24,"column":40}},"24":{"start":{"line":25,"column":0},"end":{"line":25,"column":16}},"25":{"start":{"line":26,"column":0},"end":{"line":26,"column":3}},"28":{"start":{"line":29,"column":0},"end":{"line":29,"column":9}},"29":{"start":{"line":30,"column":0},"end":{"line":30,"column":32}},"30":{"start":{"line":31,"column":0},"end":{"line":31,"column":45}},"31":{"start":{"line":32,"column":0},"end":{"line":32,"column":3}},"32":{"start":{"line":33,"column":0},"end":{"line":33,"column":23}},"33":{"start":{"line":34,"column":0},"end":{"line":34,"column":33}},"34":{"start":{"line":35,"column":0},"end":{"line":35,"column":11}},"35":{"start":{"line":36,"column":0},"end":{"line":36,"column":3}},"36":{"start":{"line":37,"column":0},"end":{"line":37,"column":41}},"37":{"start":{"line":38,"column":0},"end":{"line":38,"column":16}},"38":{"start":{"line":39,"column":0},"end":{"line":39,"column":3}},"40":{"start":{"line":41,"column":0},"end":{"line":41,"column":13}},"41":{"start":{"line":42,"column":0},"end":{"line":42,"column":1}}},"s":{"0":1,"2":7,"5":7,"6":3,"7":3,"10":7,"11":1,"12":1,"15":3,"16":7,"17":27,"18":27,"19":3,"20":7,"21":0,"22":0,"23":7,"24":0,"25":0,"28":3,"29":7,"30":30,"31":30,"32":3,"33":7,"34":0,"35":0,"36":3,"37":1,"38":1,"40":2,"41":2},"branchMap":{"0":{"type":"branch","line":1,"loc":{"start":{"line":1,"column":7},"end":{"line":42,"column":1}},"locations":[{"start":{"line":1,"column":7},"end":{"line":42,"column":1}}]},"1":{"type":"branch","line":6,"loc":{"start":{"line":6,"column":25},"end":{"line":11,"column":29}},"locations":[{"start":{"line":6,"column":25},"end":{"line":11,"column":29}}]},"2":{"type":"branch","line":6,"loc":{"start":{"line":6,"column":25},"end":{"line":8,"column":3}},"locations":[{"start":{"line":6,"column":25},"end":{"line":8,"column":3}}]},"3":{"type":"branch","line":8,"loc":{"start":{"line":8,"column":2},"end":{"line":11,"column":29}},"locations":[{"start":{"line":8,"column":2},"end":{"line":11,"column":29}}]},"4":{"type":"branch","line":11,"loc":{"start":{"line":11,"column":29},"end":{"line":13,"column":3}},"locations":[{"start":{"line":11,"column":29},"end":{"line":13,"column":3}}]},"5":{"type":"branch","line":13,"loc":{"start":{"line":13,"column":2},"end":{"line":17,"column":30}},"locations":[{"start":{"line":13,"column":2},"end":{"line":17,"column":30}}]},"6":{"type":"branch","line":17,"loc":{"start":{"line":17,"column":30},"end":{"line":19,"column":3}},"locations":[{"start":{"line":17,"column":30},"end":{"line":19,"column":3}}]},"7":{"type":"branch","line":19,"loc":{"start":{"line":19,"column":2},"end":{"line":21,"column":32}},"locations":[{"start":{"line":19,"column":2},"end":{"line":21,"column":32}}]},"8":{"type":"branch","line":21,"loc":{"start":{"line":21,"column":32},"end":{"line":23,"column":3}},"locations":[{"start":{"line":21,"column":32},"end":{"line":23,"column":3}}]},"9":{"type":"branch","line":23,"loc":{"start":{"line":23,"column":2},"end":{"line":24,"column":39}},"locations":[{"start":{"line":23,"column":2},"end":{"line":24,"column":39}}]},"10":{"type":"branch","line":24,"loc":{"start":{"line":24,"column":39},"end":{"line":26,"column":3}},"locations":[{"start":{"line":24,"column":39},"end":{"line":26,"column":3}}]},"11":{"type":"branch","line":26,"loc":{"start":{"line":26,"column":2},"end":{"line":30,"column":31}},"locations":[{"start":{"line":26,"column":2},"end":{"line":30,"column":31}}]},"12":{"type":"branch","line":30,"loc":{"start":{"line":30,"column":31},"end":{"line":32,"column":3}},"locations":[{"start":{"line":30,"column":31},"end":{"line":32,"column":3}}]},"13":{"type":"branch","line":32,"loc":{"start":{"line":32,"column":2},"end":{"line":34,"column":32}},"locations":[{"start":{"line":32,"column":2},"end":{"line":34,"column":32}}]},"14":{"type":"branch","line":34,"loc":{"start":{"line":34,"column":32},"end":{"line":36,"column":3}},"locations":[{"start":{"line":34,"column":32},"end":{"line":36,"column":3}}]},"15":{"type":"branch","line":36,"loc":{"start":{"line":36,"column":2},"end":{"line":42,"column":1}},"locations":[{"start":{"line":36,"column":2},"end":{"line":42,"column":1}}]},"16":{"type":"branch","line":37,"loc":{"start":{"line":37,"column":40},"end":{"line":39,"column":3}},"locations":[{"start":{"line":37,"column":40},"end":{"line":39,"column":3}}]},"17":{"type":"branch","line":39,"loc":{"start":{"line":39,"column":2},"end":{"line":42,"column":1}},"locations":[{"start":{"line":39,"column":2},"end":{"line":42,"column":1}}]}},"b":{"0":[7],"1":[6],"2":[3],"3":[4],"4":[1],"5":[3],"6":[27],"7":[3],"8":[0],"9":[3],"10":[0],"11":[3],"12":[30],"13":[3],"14":[0],"15":[3],"16":[1],"17":[2]},"fnMap":{"0":{"name":"validateCPF","decl":{"start":{"line":1,"column":7},"end":{"line":42,"column":1}},"loc":{"start":{"line":1,"column":7},"end":{"line":42,"column":1}},"line":1}},"f":{"0":7}}
,"/Users/mateus/Projetos/lucas/form/src/validateEmail.ts": {"path":"/Users/mateus/Projetos/lucas/form/src/validateEmail.ts","all":false,"statementMap":{"0":{"start":{"line":1,"column":0},"end":{"line":1,"column":61}},"1":{"start":{"line":2,"column":0},"end":{"line":2,"column":73}},"2":{"start":{"line":3,"column":0},"end":{"line":3,"column":39}},"3":{"start":{"line":4,"column":0},"end":{"line":4,"column":1}}},"s":{"0":1,"1":2,"2":2,"3":2},"branchMap":{"0":{"type":"branch","line":1,"loc":{"start":{"line":1,"column":7},"end":{"line":4,"column":1}},"locations":[{"start":{"line":1,"column":7},"end":{"line":4,"column":1}}]}},"b":{"0":[2]},"fnMap":{"0":{"name":"validateEmail","decl":{"start":{"line":1,"column":7},"end":{"line":4,"column":1}},"loc":{"start":{"line":1,"column":7},"end":{"line":4,"column":1}},"line":1}},"f":{"0":2}}
,"/Users/mateus/Projetos/lucas/form/src/validateForm.ts": {"path":"/Users/mateus/Projetos/lucas/form/src/validateForm.ts","all":false,"statementMap":{"0":{"start":{"line":1,"column":0},"end":{"line":1,"column":45}},"1":{"start":{"line":2,"column":0},"end":{"line":2,"column":41}},"2":{"start":{"line":3,"column":0},"end":{"line":3,"column":43}},"4":{"start":{"line":5,"column":0},"end":{"line":5,"column":43}},"5":{"start":{"line":6,"column":0},"end":{"line":6,"column":47}},"6":{"start":{"line":7,"column":0},"end":{"line":7,"column":53}},"9":{"start":{"line":10,"column":0},"end":{"line":10,"column":56}},"11":{"start":{"line":12,"column":0},"end":{"line":12,"column":51}},"13":{"start":{"line":14,"column":0},"end":{"line":14,"column":67}},"14":{"start":{"line":15,"column":0},"end":{"line":15,"column":13}},"16":{"start":{"line":17,"column":0},"end":{"line":17,"column":57}},"17":{"start":{"line":18,"column":0},"end":{"line":18,"column":51}},"18":{"start":{"line":19,"column":0},"end":{"line":19,"column":47}},"20":{"start":{"line":21,"column":0},"end":{"line":21,"column":31}},"21":{"start":{"line":22,"column":0},"end":{"line":22,"column":40}},"22":{"start":{"line":23,"column":0},"end":{"line":23,"column":8}},"23":{"start":{"line":24,"column":0},"end":{"line":24,"column":19}},"24":{"start":{"line":25,"column":0},"end":{"line":25,"column":5}},"26":{"start":{"line":27,"column":0},"end":{"line":27,"column":57}},"28":{"start":{"line":29,"column":0},"end":{"line":29,"column":65}},"29":{"start":{"line":30,"column":0},"end":{"line":30,"column":63}},"30":{"start":{"line":31,"column":0},"end":{"line":31,"column":67}},"31":{"start":{"line":32,"column":0},"end":{"line":32,"column":75}},"33":{"start":{"line":34,"column":0},"end":{"line":34,"column":93}},"35":{"start":{"line":36,"column":0},"end":{"line":36,"column":54}},"36":{"start":{"line":37,"column":0},"end":{"line":37,"column":28}},"37":{"start":{"line":38,"column":0},"end":{"line":38,"column":20}},"38":{"start":{"line":39,"column":0},"end":{"line":39,"column":63}},"39":{"start":{"line":40,"column":0},"end":{"line":40,"column":102}},"44":{"start":{"line":45,"column":0},"end":{"line":45,"column":40}},"45":{"start":{"line":46,"column":0},"end":{"line":46,"column":41}},"46":{"start":{"line":47,"column":0},"end":{"line":47,"column":16}},"47":{"start":{"line":48,"column":0},"end":{"line":48,"column":14}},"48":{"start":{"line":49,"column":0},"end":{"line":49,"column":43}},"49":{"start":{"line":50,"column":0},"end":{"line":50,"column":7}},"51":{"start":{"line":52,"column":0},"end":{"line":52,"column":37}},"52":{"start":{"line":53,"column":0},"end":{"line":53,"column":40}},"53":{"start":{"line":54,"column":0},"end":{"line":54,"column":16}},"54":{"start":{"line":55,"column":0},"end":{"line":55,"column":14}},"55":{"start":{"line":56,"column":0},"end":{"line":56,"column":42}},"56":{"start":{"line":57,"column":0},"end":{"line":57,"column":7}},"58":{"start":{"line":59,"column":0},"end":{"line":59,"column":47}},"59":{"start":{"line":60,"column":0},"end":{"line":60,"column":42}},"60":{"start":{"line":61,"column":0},"end":{"line":61,"column":16}},"61":{"start":{"line":62,"column":0},"end":{"line":62,"column":14}},"62":{"start":{"line":63,"column":0},"end":{"line":63,"column":44}},"63":{"start":{"line":64,"column":0},"end":{"line":64,"column":7}},"65":{"start":{"line":66,"column":0},"end":{"line":66,"column":70}},"66":{"start":{"line":67,"column":0},"end":{"line":67,"column":42}},"67":{"start":{"line":68,"column":0},"end":{"line":68,"column":16}},"68":{"start":{"line":69,"column":0},"end":{"line":69,"column":14}},"69":{"start":{"line":70,"column":0},"end":{"line":70,"column":44}},"70":{"start":{"line":71,"column":0},"end":{"line":71,"column":7}},"72":{"start":{"line":73,"column":0},"end":{"line":73,"column":23}},"73":{"start":{"line":74,"column":0},"end":{"line":74,"column":47}},"74":{"start":{"line":75,"column":0},"end":{"line":75,"column":7}},"76":{"start":{"line":77,"column":0},"end":{"line":77,"column":72}},"77":{"start":{"line":78,"column":0},"end":{"line":78,"column":20}},"78":{"start":{"line":79,"column":0},"end":{"line":79,"column":53}},"79":{"start":{"line":80,"column":0},"end":{"line":80,"column":9}},"80":{"start":{"line":81,"column":0},"end":{"line":81,"column":8}},"81":{"start":{"line":82,"column":0},"end":{"line":82,"column":33}},"82":{"start":{"line":83,"column":0},"end":{"line":83,"column":38}},"83":{"start":{"line":84,"column":0},"end":{"line":84,"column":6}},"84":{"start":{"line":85,"column":0},"end":{"line":85,"column":3}},"85":{"start":{"line":86,"column":0},"end":{"line":86,"column":1}}},"s":{"0":1,"1":1,"2":1,"4":1,"5":1,"6":1,"9":1,"11":18,"13":18,"14":18,"16":18,"17":2,"18":2,"20":2,"21":18,"22":2,"23":2,"24":2,"26":18,"28":18,"29":18,"30":18,"31":18,"33":18,"35":18,"36":2,"37":2,"38":2,"39":2,"44":2,"45":1,"46":1,"47":1,"48":1,"49":1,"51":2,"52":1,"53":1,"54":1,"55":1,"56":1,"58":2,"59":1,"60":1,"61":1,"62":1,"63":1,"65":2,"66":1,"67":1,"68":1,"69":1,"70":1,"72":2,"73":1,"74":1,"76":1,"77":4,"78":4,"79":4,"80":1,"81":1,"82":1,"83":18,"84":18,"85":18},"branchMap":{"0":{"type":"branch","line":10,"loc":{"start":{"line":10,"column":28},"end":{"line":86,"column":1}},"locations":[{"start":{"line":10,"column":28},"end":{"line":86,"column":1}}]},"1":{"type":"branch","line":32,"loc":{"start":{"line":32,"column":66},"end":{"line":32,"column":75}},"locations":[{"start":{"line":32,"column":66},"end":{"line":32,"column":75}}]},"2":{"type":"branch","line":17,"loc":{"start":{"line":17,"column":29},"end":{"line":25,"column":5}},"locations":[{"start":{"line":17,"column":29},"end":{"line":25,"column":5}}]},"3":{"type":"branch","line":21,"loc":{"start":{"line":21,"column":21},"end":{"line":23,"column":7}},"locations":[{"start":{"line":21,"column":21},"end":{"line":23,"column":7}}]},"4":{"type":"branch","line":27,"loc":{"start":{"line":27,"column":26},"end":{"line":27,"column":57}},"locations":[{"start":{"line":27,"column":26},"end":{"line":27,"column":57}}]},"5":{"type":"branch","line":34,"loc":{"start":{"line":34,"column":27},"end":{"line":34,"column":93}},"locations":[{"start":{"line":34,"column":27},"end":{"line":34,"column":93}}]},"6":{"type":"branch","line":36,"loc":{"start":{"line":36,"column":36},"end":{"line":84,"column":5}},"locations":[{"start":{"line":36,"column":36},"end":{"line":84,"column":5}}]},"7":{"type":"branch","line":43,"loc":{"start":{"line":43,"column":56},"end":{"line":43,"column":63}},"locations":[{"start":{"line":43,"column":56},"end":{"line":43,"column":63}}]},"8":{"type":"branch","line":45,"loc":{"start":{"line":45,"column":39},"end":{"line":50,"column":7}},"locations":[{"start":{"line":45,"column":39},"end":{"line":50,"column":7}}]},"9":{"type":"branch","line":52,"loc":{"start":{"line":52,"column":36},"end":{"line":57,"column":7}},"locations":[{"start":{"line":52,"column":36},"end":{"line":57,"column":7}}]},"10":{"type":"branch","line":59,"loc":{"start":{"line":59,"column":46},"end":{"line":64,"column":7}},"locations":[{"start":{"line":59,"column":46},"end":{"line":64,"column":7}}]},"11":{"type":"branch","line":66,"loc":{"start":{"line":66,"column":69},"end":{"line":71,"column":7}},"locations":[{"start":{"line":66,"column":69},"end":{"line":71,"column":7}}]},"12":{"type":"branch","line":73,"loc":{"start":{"line":73,"column":22},"end":{"line":83,"column":38}},"locations":[{"start":{"line":73,"column":22},"end":{"line":83,"column":38}}]},"13":{"type":"branch","line":40,"loc":{"start":{"line":40,"column":60},"end":{"line":40,"column":101}},"locations":[{"start":{"line":40,"column":60},"end":{"line":40,"column":101}}]},"14":{"type":"branch","line":77,"loc":{"start":{"line":77,"column":60},"end":{"line":81,"column":7}},"locations":[{"start":{"line":77,"column":60},"end":{"line":81,"column":7}}]}},"b":{"0":[18],"1":[3],"2":[2],"3":[18],"4":[2],"5":[8],"6":[2],"7":[1],"8":[1],"9":[1],"10":[1],"11":[1],"12":[1],"13":[8],"14":[4]},"fnMap":{"0":{"name":"validateForm","decl":{"start":{"line":10,"column":28},"end":{"line":86,"column":1}},"loc":{"start":{"line":10,"column":28},"end":{"line":86,"column":1}},"line":10},"1":{"name":"createJsonObject","decl":{"start":{"line":17,"column":29},"end":{"line":25,"column":5}},"loc":{"start":{"line":17,"column":29},"end":{"line":25,"column":5}},"line":17},"2":{"name":"requiredField","decl":{"start":{"line":27,"column":26},"end":{"line":27,"column":57}},"loc":{"start":{"line":27,"column":26},"end":{"line":27,"column":57}},"line":27},"3":{"name":"resetCSSInputs","decl":{"start":{"line":34,"column":27},"end":{"line":34,"column":93}},"loc":{"start":{"line":34,"column":27},"end":{"line":34,"column":93}},"line":34}},"f":{"0":18,"1":2,"2":2,"3":8}}
,"/Users/mateus/Projetos/lucas/form/src/validatePhone.ts": {"path":"/Users/mateus/Projetos/lucas/form/src/validatePhone.ts","all":false,"statementMap":{"0":{"start":{"line":1,"column":0},"end":{"line":1,"column":67}},"1":{"start":{"line":2,"column":0},"end":{"line":2,"column":50}},"2":{"start":{"line":3,"column":0},"end":{"line":3,"column":39}},"3":{"start":{"line":4,"column":0},"end":{"line":4,"column":1}}},"s":{"0":1,"1":4,"2":4,"3":4},"branchMap":{"0":{"type":"branch","line":1,"loc":{"start":{"line":1,"column":7},"end":{"line":4,"column":1}},"locations":[{"start":{"line":1,"column":7},"end":{"line":4,"column":1}}]}},"b":{"0":[4]},"fnMap":{"0":{"name":"validatePhoneNumber","decl":{"start":{"line":1,"column":7},"end":{"line":4,"column":1}},"loc":{"start":{"line":1,"column":7},"end":{"line":4,"column":1}},"line":1}},"f":{"0":4}}
}
